GEDCOM Import Log - 
File: Ancestors of the Kings of Georgia.ged
    2 VERS 5.5.1
    2 FORM LINEAGE-LINKED
    Character set: UTF-8
    Source program: MYHERITAGE
    Program version: 8.0.0.8645
    Destination: MYHERITAGE
    Date of file: 30 NOV 2024
    2 TIME 12:00:46 
    2 _TIMEZONE GMT-8
Unknown info (line 20)
    0  _PUBLISH
    1 _SITEADDRESS sitec7d0z215a9ll6297652
    1 _SITENAME Leonhart Web Site
    1 _SITEID 1340747112
    1 _USERNAME immanuelleleonhart@@gmail.com
    1 _DISABLED Y

    1 RIN MH:U1
    1 RIN MH:U2
    1 RIN MH:U3
    1 RIN MH:U4
    1 RIN MH:U5
    1 ADDR
    2 CITY St. Louis
    2 STAE Missouri
    2 POST 63103
    2 CTRY United States
    1 RIN MH:U6
    1 RIN MH:U7
    1 ADDR
    2 CITY Denver
    2 STAE Colorado
    2 POST 80202
    2 CTRY United States
    1 RIN MH:U8
    1 ADDR
    2 CITY Kongsberg
    2 STAE Buskerud
    2 CTRY Norway
    1 RIN MH:U9
    1 RIN MH:U10
    1 RIN MH:U11
    1 ADDR
    2 CITY Waihi
    2 STAE Waikato
    2 CTRY New Zealand
    1 RIN MH:U12
    1 ADDR
    2 CITY Grenoble
    2 STAE Rhône-Alpes
    2 CTRY France
    1 RIN MH:U13
    1 RIN MH:U14
    1 RIN MH:U15
    1 ADDR
    2 CITY 457 45  Hamburgsund
    2 CTRY Sweden
    1 RIN MH:U16
    1 RIN MH:U17
    1 RIN MH:U18
    1 RIN MH:U19
    1 RIN MH:U20
    1 RIN MH:U21
    1 RIN MH:U22
    1 RIN MH:U23
    1 RIN MH:U24
    1 RIN MH:U25
    1 RIN MH:U26
    1 RIN MH:U27
    1 RIN MH:U28
    1 RIN MH:U29
    1 RIN MH:U30
    1 RIN MH:U31
    1 RIN MH:U32
Unknown info (line 116)
    1 RIN MH:I1

Unknown info (line 118)
    1 _UPD 29 NOV 2024 15:26:11 GMT-8

Unknown info (line 123)
    2 _UID 674a4d93dcde91efa39c001a7dda7115

Unknown info (line 124)
    2 RIN MH:IF1

Unknown info (line 127)
    1 RIN MH:I2

Unknown info (line 129)
    1 _UPD 29 NOV 2024 15:26:11 GMT-8

Unknown info (line 134)
    2 _UID 674a4d93911631efa39c001a7dda7115

Unknown info (line 135)
    2 RIN MH:IF2

Unknown info (line 138)
    2 _UID 674a4d938c1301efa39c001a7dda7115

Unknown info (line 139)
    2 RIN MH:IF3

Unknown info (line 142)
    2 _UID 674a4d93474fd1efa39c001a7dda7115

Unknown info (line 143)
    2 RIN MH:IF4

Unknown info (line 219)
    2 _PHOTO_RIN MH:P201

Unknown info (line 221)
    1 RIN MH:I3

Unknown info (line 223)
    1 _UPD 29 NOV 2024 15:26:11 GMT-8

Unknown info (line 231)
    2 _UID 674a4d939d9831efa39c001a7dda7115

Unknown info (line 232)
    2 RIN MH:IF5

Unknown info (line 235)
    2 _UID 674a4d93809d01efa39c001a7dda7115

Unknown info (line 236)
    2 RIN MH:IF6

Unknown info (line 239)
    2 _UID 674a4d934bc1d1efa39c001a7dda7115

Unknown info (line 240)
    2 RIN MH:IF7

Unknown info (line 306)
    2 _PHOTO_RIN MH:P199

Unknown info (line 308)
    1 RIN MH:I4

Unknown info (line 310)
    1 _UPD 29 NOV 2024 15:26:11 GMT-8

Unknown info (line 317)
    2 _UID 674a4d93acf071efa39c001a7dda7115

Unknown info (line 318)
    2 RIN MH:IF8

Unknown info (line 321)
    2 _UID 674a4d935da6c1efa39c001a7dda7115

Unknown info (line 322)
    2 RIN MH:IF9

Unknown info (line 325)
    2 _UID 674a4d9396fa11efa39c001a7dda7115

Unknown info (line 326)
    2 RIN MH:IF10

Unknown info (line 329)
    2 _UID 674a4d93762791efa39c001a7dda7115

Unknown info (line 330)
    2 RIN MH:IF11

Unknown info (line 365)
    2 _PHOTO_RIN MH:P196

Unknown info (line 367)
    1 RIN MH:I5

Unknown info (line 369)
    1 _UPD 29 NOV 2024 15:26:11 GMT-8

Unknown info (line 376)
    2 _UID 674a4d934b4181efa39c001a7dda7115

Unknown info (line 377)
    2 RIN MH:IF12

Unknown info (line 380)
    2 _UID 674a4d93cdd5f1efa39c001a7dda7115

Unknown info (line 381)
    2 RIN MH:IF13

Unknown info (line 384)
    2 _UID 674a4d93689241efa39c001a7dda7115

Unknown info (line 385)
    2 RIN MH:IF14

Unknown info (line 409)
    2 _PHOTO_RIN MH:P194

Unknown info (line 411)
    1 RIN MH:I6

Unknown info (line 413)
    1 _UPD 29 NOV 2024 15:26:11 GMT-8

Unknown info (line 420)
    2 _UID 674a4d936c4ed1efa39c001a7dda7115

Unknown info (line 421)
    2 RIN MH:IF15

Unknown info (line 424)
    2 _UID 674a4d93a71201efa39c001a7dda7115

Unknown info (line 425)
    2 RIN MH:IF16

Unknown info (line 428)
    2 _UID 674a4d9347cf81efa39c001a7dda7115

Unknown info (line 429)
    2 RIN MH:IF17

Unknown info (line 438)
    2 _PHOTO_RIN MH:P193

Unknown info (line 440)
    1 RIN MH:I7

Unknown info (line 442)
    1 _UPD 29 NOV 2024 15:26:11 GMT-8

Unknown info (line 449)
    2 _UID 674a4d935acab1efa39c001a7dda7115

Unknown info (line 450)
    2 RIN MH:IF18

Unknown info (line 453)
    2 _UID 674a4d93266a51efa39c001a7dda7115

Unknown info (line 454)
    2 RIN MH:IF19

Unknown info (line 457)
    2 _UID 674a4d93ed3681efa39c001a7dda7115

Unknown info (line 458)
    2 RIN MH:IF20

Unknown info (line 485)
    2 _PHOTO_RIN MH:P192

Unknown info (line 487)
    1 RIN MH:I8

Unknown info (line 489)
    1 _UPD 29 NOV 2024 15:26:11 GMT-8

Unknown info (line 496)
    2 _UID 674a4d93f033b1efa39c001a7dda7115

Unknown info (line 497)
    2 RIN MH:IF21

Unknown info (line 500)
    2 _UID 674a4d933b6f61efa39c001a7dda7115

Unknown info (line 501)
    2 RIN MH:IF22

Unknown info (line 504)
    2 _UID 674a4d93ca39d1efa39c001a7dda7115

Unknown info (line 505)
    2 RIN MH:IF23

Unknown info (line 516)
    2 _PHOTO_RIN MH:P191

Unknown info (line 518)
    1 RIN MH:I9

Unknown info (line 520)
    1 _UPD 29 NOV 2024 15:26:11 GMT-8

Unknown info (line 527)
    2 _UID 674a4d93b17511efa39c001a7dda7115

Unknown info (line 528)
    2 RIN MH:IF24

Unknown info (line 531)
    2 _UID 674a4d937a29c1efa39c001a7dda7115

Unknown info (line 532)
    2 RIN MH:IF25

Unknown info (line 542)
    1 RIN MH:I10

Unknown info (line 544)
    1 _UPD 29 NOV 2024 15:26:11 GMT-8

Unknown info (line 549)
    2 _UID 674a4d93ae05c1efa39c001a7dda7115

Unknown info (line 550)
    2 RIN MH:IF26

Unknown info (line 553)
    1 RIN MH:I11

Unknown info (line 555)
    1 _UPD 29 NOV 2024 15:26:11 GMT-8

Unknown info (line 562)
    2 _UID 674a4d93785c21efa39c001a7dda7115

Unknown info (line 563)
    2 RIN MH:IF27

Unknown info (line 566)
    2 _UID 674a4d93b300f1efa39c001a7dda7115

Unknown info (line 567)
    2 RIN MH:IF28

Unknown info (line 570)
    2 _UID 674a4d93359481efa39c001a7dda7115

Unknown info (line 571)
    2 RIN MH:IF29

Unknown info (line 602)
    2 _PHOTO_RIN MH:P190

Unknown info (line 604)
    1 RIN MH:I12

Unknown info (line 606)
    1 _UPD 29 NOV 2024 15:26:11 GMT-8

Unknown info (line 613)
    2 _UID 674a4d93a28bc1efa39c001a7dda7115

Unknown info (line 614)
    2 RIN MH:IF30

Unknown info (line 617)
    2 _UID 674a4d9369d711efa39c001a7dda7115

Unknown info (line 618)
    2 RIN MH:IF31

Unknown info (line 621)
    2 _UID 674a4d9374d221efa39c001a7dda7115

Unknown info (line 622)
    2 RIN MH:IF32

Unknown info (line 634)
    2 _PHOTO_RIN MH:P189

Unknown info (line 636)
    1 RIN MH:I13

Unknown info (line 638)
    1 _UPD 29 NOV 2024 15:26:11 GMT-8

Unknown info (line 645)
    2 _UID 674a4d93de2b21efa39c001a7dda7115

Unknown info (line 646)
    2 RIN MH:IF33

Unknown info (line 649)
    2 _UID 674a4d931577f1efa39c001a7dda7115

Unknown info (line 650)
    2 RIN MH:IF34

Unknown info (line 653)
    2 _UID 674a4d9393e381efa39c001a7dda7115

Unknown info (line 654)
    2 RIN MH:IF35

Unknown info (line 664)
    2 _PHOTO_RIN MH:P187

Unknown info (line 666)
    1 RIN MH:I14

Unknown info (line 668)
    1 _UPD 29 NOV 2024 15:26:11 GMT-8

Unknown info (line 675)
    2 _UID 674a4d9319f9f1efa39c001a7dda7115

Unknown info (line 676)
    2 RIN MH:IF36

Unknown info (line 679)
    2 _UID 674a4d939f6d81efa39c001a7dda7115

Unknown info (line 680)
    2 RIN MH:IF37

Unknown info (line 683)
    2 _UID 674a4d93745271efa39c001a7dda7115

Unknown info (line 684)
    2 RIN MH:IF38

Unknown info (line 693)
    2 _PHOTO_RIN MH:P185

Unknown info (line 695)
    1 RIN MH:I15

Unknown info (line 697)
    1 _UPD 29 NOV 2024 15:26:11 GMT-8

Unknown info (line 704)
    2 _UID 674a4d93249fe1efa39c001a7dda7115

Unknown info (line 705)
    2 RIN MH:IF39

Unknown info (line 708)
    2 _UID 674a4d93a20b91efa39c001a7dda7115

Unknown info (line 709)
    2 RIN MH:IF40

Unknown info (line 712)
    2 _UID 674a4d93695741efa39c001a7dda7115

Unknown info (line 713)
    2 RIN MH:IF41

Unknown info (line 722)
    2 _PHOTO_RIN MH:P184

Unknown info (line 724)
    1 RIN MH:I16

Unknown info (line 726)
    1 _UPD 29 NOV 2024 15:26:11 GMT-8

Unknown info (line 733)
    2 _UID 674a4d932811e1efa39c001a7dda7115

Unknown info (line 734)
    2 RIN MH:IF42

Unknown info (line 737)
    2 _UID 674a4d93ae8591efa39c001a7dda7115

Unknown info (line 738)
    2 RIN MH:IF43

Unknown info (line 741)
    2 _UID 674a4d93d22571efa39c001a7dda7115

Unknown info (line 742)
    2 RIN MH:IF44

Unknown info (line 754)
    2 _PHOTO_RIN MH:P182

Unknown info (line 756)
    1 RIN MH:I17

Unknown info (line 758)
    1 _UPD 29 NOV 2024 15:26:11 GMT-8

Unknown info (line 763)
    2 _UID 674a4d933e76f1efa39c001a7dda7115

Unknown info (line 764)
    2 RIN MH:IF45

Unknown info (line 767)
    1 RIN MH:I18

Unknown info (line 769)
    1 _UPD 29 NOV 2024 15:26:11 GMT-8

Unknown info (line 778)
    2 _UID 674a4d9315f7a1efa39c001a7dda7115

Unknown info (line 779)
    2 RIN MH:IF46

Unknown info (line 781)
    2 _UID 674a4d939363d1efa39c001a7dda7115

Unknown info (line 782)
    2 RIN MH:IF47

Unknown info (line 791)
    2 _PHOTO_RIN MH:P180

Unknown info (line 793)
    1 RIN MH:I19

Unknown info (line 795)
    1 _UPD 29 NOV 2024 15:26:11 GMT-8

Unknown info (line 802)
    2 _UID 674a4d9369a5a1efa39c001a7dda7115

Unknown info (line 803)
    2 RIN MH:IF48

Unknown info (line 806)
    2 _UID 674a4d93a2f971efa39c001a7dda7115

Unknown info (line 807)
    2 RIN MH:IF49

Unknown info (line 817)
    2 _PHOTO_RIN MH:P178

Unknown info (line 819)
    1 RIN MH:I20

Unknown info (line 821)
    1 _UPD 29 NOV 2024 15:26:11 GMT-8

Unknown info (line 827)
    2 _UID 674a4d93652ba1efa39c001a7dda7115

Unknown info (line 828)
    2 RIN MH:IF50

Unknown info (line 831)
    2 _UID 674a4d93ae7771efa39c001a7dda7115

Unknown info (line 832)
    2 RIN MH:IF51

Unknown info (line 839)
    2 _PHOTO_RIN MH:P176

Unknown info (line 841)
    1 RIN MH:I21

Unknown info (line 843)
    1 _UPD 29 NOV 2024 15:26:11 GMT-8

Unknown info (line 850)
    2 _UID 674a4d934946d1efa39c001a7dda7115

Unknown info (line 851)
    2 RIN MH:IF52

Unknown info (line 854)
    2 _UID 674a4d93cfd2a1efa39c001a7dda7115

Unknown info (line 855)
    2 RIN MH:IF53

Unknown info (line 858)
    2 _UID 674a4d9348e701efa39c001a7dda7115

Unknown info (line 859)
    2 RIN MH:IF54

Unknown info (line 954)
    2 _PHOTO_RIN MH:P175

Unknown info (line 956)
    1 RIN MH:I22

Unknown info (line 958)
    1 _UPD 29 NOV 2024 15:26:11 GMT-8

Unknown info (line 964)
    2 _UID 674a4d936e4981efa39c001a7dda7115

Unknown info (line 965)
    2 RIN MH:IF55

Unknown info (line 968)
    2 _UID 674a4d93a51551efa39c001a7dda7115

Unknown info (line 969)
    2 RIN MH:IF56

Unknown info (line 972)
    2 _UID 674a4d9345c8d1efa39c001a7dda7115

Unknown info (line 973)
    2 RIN MH:IF57

Unknown info (line 1041)
    2 _PHOTO_RIN MH:P173

Unknown info (line 1043)
    1 RIN MH:I23

Unknown info (line 1045)
    1 _UPD 29 NOV 2024 15:26:11 GMT-8

Unknown info (line 1052)
    2 _UID 674a4d93597c71efa39c001a7dda7115

Unknown info (line 1053)
    2 RIN MH:IF58

Unknown info (line 1056)
    2 _UID 674a4d93dfe801efa39c001a7dda7115

Unknown info (line 1057)
    2 RIN MH:IF59

Unknown info (line 1060)
    2 _UID 674a4d9314b4d1efa39c001a7dda7115

Unknown info (line 1061)
    2 RIN MH:IF60

Unknown info (line 1100)
    2 _PHOTO_RIN MH:P172

Unknown info (line 1102)
    1 RIN MH:I24

Unknown info (line 1104)
    1 _UPD 29 NOV 2024 15:26:11 GMT-8

Unknown info (line 1115)
    2 _PHOTO_RIN MH:P169

Unknown info (line 1117)
    1 RIN MH:I25

Unknown info (line 1119)
    1 _UPD 29 NOV 2024 15:26:11 GMT-8

Unknown info (line 1125)
    1 RIN MH:I26

Unknown info (line 1127)
    1 _UPD 29 NOV 2024 15:26:11 GMT-8

Unknown info (line 1138)
    2 _UID 674a4d93ee0011efa39c001a7dda7115

Unknown info (line 1139)
    2 RIN MH:IF61

Unknown info (line 1143)
    2 _UID 674a4d93255cc1efa39c001a7dda7115

Unknown info (line 1144)
    2 RIN MH:IF62

Unknown info (line 1148)
    2 _UID 674a4d933859f1efa39c001a7dda7115

Unknown info (line 1149)
    2 RIN MH:IF63

Unknown info (line 1283)
    1 RIN MH:I27

Unknown info (line 1285)
    1 _UPD 29 NOV 2024 15:26:11 GMT-8

Unknown info (line 1291)
    2 _UID 674a4d9384c7e1efa39c001a7dda7115

Unknown info (line 1292)
    2 RIN MH:IF64

Unknown info (line 1295)
    2 _UID 674a4d93641a61efa39c001a7dda7115

Unknown info (line 1296)
    2 RIN MH:IF65

Unknown info (line 1300)
    2 _UID 674a4d93e28e11efa39c001a7dda7115

Unknown info (line 1301)
    2 RIN MH:IF66

Unknown info (line 1358)
    2 _PHOTO_RIN MH:P167

Unknown info (line 1360)
    1 RIN MH:I28

Unknown info (line 1362)
    1 _UPD 29 NOV 2024 15:26:11 GMT-8

Unknown info (line 1369)
    2 _UID 674a4d93832bc1efa39c001a7dda7115

Unknown info (line 1370)
    2 RIN MH:IF67

Unknown info (line 1373)
    2 _UID 674a4d939e2ef1efa39c001a7dda7115

Unknown info (line 1374)
    2 RIN MH:IF68

Unknown info (line 1506)
    2 _PHOTO_RIN MH:P165

Unknown info (line 1508)
    1 RIN MH:I29

Unknown info (line 1510)
    1 _UPD 29 NOV 2024 15:26:11 GMT-8

Unknown info (line 1515)
    2 _UID 674a4d9392a0f1efa39c001a7dda7115

Unknown info (line 1516)
    2 RIN MH:IF69

Unknown info (line 1519)
    1 RIN MH:I30

Unknown info (line 1521)
    1 _UPD 29 NOV 2024 15:26:11 GMT-8

Unknown info (line 1532)
    2 _PHOTO_RIN MH:P164

Unknown info (line 1534)
    1 RIN MH:I31

Unknown info (line 1536)
    1 _UPD 29 NOV 2024 15:26:11 GMT-8

Unknown info (line 1541)
    2 _UID 674a4d938dd021efa39c001a7dda7115

Unknown info (line 1542)
    2 RIN MH:IF70

Unknown info (line 1546)
    2 _UID 674a4d93468cf1efa39c001a7dda7115

Unknown info (line 1547)
    2 RIN MH:IF71

Unknown info (line 1603)
    1 RIN MH:I32

Unknown info (line 1605)
    1 _UPD 29 NOV 2024 15:26:11 GMT-8

Unknown info (line 1609)
    2 _MARNM of Tralles

Unknown info (line 1618)
    2 _UID 674a4d932c4b01efa39c001a7dda7115

Unknown info (line 1619)
    2 RIN MH:IF72

Unknown info (line 1623)
    2 _UID 674a4d93e717d1efa39c001a7dda7115

Unknown info (line 1624)
    2 RIN MH:IF73

Unknown info (line 1671)
    1 RIN MH:I33

Unknown info (line 1673)
    1 _UPD 29 NOV 2024 15:26:11 GMT-8

Unknown info (line 1681)
    2 _UID 674a4d931acf61efa39c001a7dda7115

Unknown info (line 1682)
    2 RIN MH:IF74

Unknown info (line 1685)
    2 _UID 674a4d93666f81efa39c001a7dda7115

Unknown info (line 1686)
    2 RIN MH:IF75

Unknown info (line 1699)
    2 _PHOTO_RIN MH:P163

Unknown info (line 1701)
    1 RIN MH:I34

Unknown info (line 1703)
    1 _UPD 29 NOV 2024 15:26:11 GMT-8

Unknown info (line 1710)
    2 _UID 674a4d93b03661efa39c001a7dda7115

Unknown info (line 1711)
    2 RIN MH:IF76

Unknown info (line 1715)
    2 _UID 674a4d937b6ab1efa39c001a7dda7115

Unknown info (line 1716)
    2 RIN MH:IF77

Unknown info (line 1897)
    2 _PHOTO_RIN MH:P162

Unknown info (line 1899)
    1 RIN MH:I35

Unknown info (line 1901)
    1 _UPD 29 NOV 2024 15:26:11 GMT-8

Unknown info (line 1911)
    2 _UID 674a4d93ec75f1efa39c001a7dda7115

Unknown info (line 1912)
    2 RIN MH:IF78

Unknown info (line 1916)
    2 _UID 674a4d93f170c1efa39c001a7dda7115

Unknown info (line 1917)
    2 RIN MH:IF79

Unknown info (line 1920)
    2 _UID 674a4d933a2c11efa39c001a7dda7115

Unknown info (line 1921)
    2 RIN MH:IF80

Unknown info (line 1923)
    2 _UID 674a4d93bcb861efa39c001a7dda7115

Unknown info (line 1924)
    2 RIN MH:IF81

Unknown info (line 2605)
    2 _PHOTO_RIN MH:P157

Unknown info (line 2607)
    1 RIN MH:I36

Unknown info (line 2609)
    1 _UPD 29 NOV 2024 15:26:11 GMT-8

Unknown info (line 2616)
    2 _UID 674a4d938be5d1efa39c001a7dda7115

Unknown info (line 2617)
    2 RIN MH:IF82

Unknown info (line 2622)
    2 _PHOTO_RIN MH:P156

Unknown info (line 2624)
    1 RIN MH:I37

Unknown info (line 2626)
    1 _UPD 29 NOV 2024 15:26:11 GMT-8

Unknown info (line 2631)
    2 _UID 674a4d939a6ee1efa39c001a7dda7115

Unknown info (line 2632)
    2 RIN MH:IF83

Unknown info (line 2635)
    2 _UID 674a4d93513231efa39c001a7dda7115

Unknown info (line 2636)
    2 RIN MH:IF84

Unknown info (line 2640)
    2 _UID 674a4d934c3701efa39c001a7dda7115

Unknown info (line 2641)
    2 RIN MH:IF85

Unknown info (line 2655)
    2 _PHOTO_RIN MH:P154

Unknown info (line 2657)
    1 RIN MH:I38

Unknown info (line 2659)
    1 _UPD 29 NOV 2024 15:26:11 GMT-8

Unknown info (line 2670)
    2 _UID 674a4d93fbcb31efa39c001a7dda7115

Unknown info (line 2671)
    2 RIN MH:IF86

Unknown info (line 2674)
    2 _UID 674a4d93605a71efa39c001a7dda7115

Unknown info (line 2675)
    2 RIN MH:IF90

Unknown info (line 2678)
    2 _UID 674a4d93910cc1efa39c001a7dda7115

Unknown info (line 2679)
    2 RIN MH:IF91

Unknown info (line 2681)
    2 _UID 674a4d93e6ce01efa39c001a7dda7115

Unknown info (line 2682)
    2 RIN MH:IF87

Unknown info (line 2686)
    2 _UID 674a4d932d92d1efa39c001a7dda7115

Unknown info (line 2687)
    2 RIN MH:IF88

Unknown info (line 2691)
    2 _UID 674a4d93ab06a1efa39c001a7dda7115

Unknown info (line 2692)
    2 RIN MH:IF89

Unknown info (line 2696)
    2 _UID 674a4d935a5011efa39c001a7dda7115

Unknown info (line 2697)
    2 RIN MH:IF92

Unknown info (line 4469)
    2 _PHOTO_RIN MH:P142

Unknown info (line 4471)
    1 RIN MH:I39

Unknown info (line 4473)
    1 _UPD 29 NOV 2024 15:26:11 GMT-8

Unknown info (line 4483)
    2 _UID 674a4d93c4d8c1efa39c001a7dda7115

Unknown info (line 4484)
    2 RIN MH:IF93

Unknown info (line 4488)
    2 _UID 674a4d93f841a1efa39c001a7dda7115

Unknown info (line 4489)
    2 RIN MH:IF94

Unknown info (line 4654)
    2 _PHOTO_RIN MH:P130

Unknown info (line 4656)
    1 RIN MH:I40

Unknown info (line 4658)
    1 _UPD 29 NOV 2024 15:26:11 GMT-8

Unknown info (line 4668)
    2 _UID 674a4d93f530d1efa39c001a7dda7115

Unknown info (line 4669)
    2 RIN MH:IF95

Unknown info (line 4672)
    2 _UID 674a4d933e6c01efa39c001a7dda7115

Unknown info (line 4673)
    2 RIN MH:IF96

Unknown info (line 4709)
    2 _PHOTO_RIN MH:P127

Unknown info (line 4711)
    1 RIN MH:I41

Unknown info (line 4713)
    1 _UPD 29 NOV 2024 15:26:11 GMT-8

Unknown info (line 4717)
    2 _MARNM unnamed Roman woman

Unknown info (line 4720)
    2 _UID 674a4d9354abf1efa39c001a7dda7115

Unknown info (line 4721)
    2 RIN MH:IF97

Unknown info (line 4724)
    2 _UID 674a4d939ff721efa39c001a7dda7115

Unknown info (line 4725)
    2 RIN MH:IF98

Unknown info (line 4729)
    1 RIN MH:I42

Unknown info (line 4731)
    1 _UPD 29 NOV 2024 15:26:11 GMT-8

Unknown info (line 4736)
    2 _UID 674a4d93f9bed1efa39c001a7dda7115

Unknown info (line 4737)
    2 RIN MH:IF99

Unknown info (line 4741)
    2 _UID 674a4d9332e201efa39c001a7dda7115

Unknown info (line 4742)
    2 RIN MH:IF100

Unknown info (line 4803)
    1 RIN MH:I43

Unknown info (line 4805)
    1 _UPD 29 NOV 2024 15:26:11 GMT-8

Unknown info (line 4810)
    2 _UID 674a4d931e8f71efa39c001a7dda7115

Unknown info (line 4811)
    2 RIN MH:IF101

Unknown info (line 4814)
    2 _UID 674a4d93d5d3a1efa39c001a7dda7115

Unknown info (line 4815)
    2 RIN MH:IF102

Unknown info (line 4818)
    2 _UID 674a4d935347d1efa39c001a7dda7115

Unknown info (line 4819)
    2 RIN MH:IF103

Unknown info (line 5032)
    2 _PHOTO_RIN MH:P126

Unknown info (line 5034)
    1 RIN MH:I44

Unknown info (line 5036)
    1 _UPD 29 NOV 2024 15:26:11 GMT-8

Unknown info (line 5042)
    2 _UID 674a4d93d95da1efa39c001a7dda7115

Unknown info (line 5043)
    2 RIN MH:IF104

Unknown info (line 5047)
    2 _UID 674a4d935fc9d1efa39c001a7dda7115

Unknown info (line 5048)
    2 RIN MH:IF105

Unknown info (line 5090)
    2 _PHOTO_RIN MH:P125

Unknown info (line 5092)
    1 RIN MH:I45

Unknown info (line 5094)
    1 _UPD 29 NOV 2024 15:26:11 GMT-8

Unknown info (line 5104)
    2 _UID 674a4d93e8c701efa39c001a7dda7115

Unknown info (line 5105)
    2 RIN MH:IF106

Unknown info (line 5109)
    2 _UID 674a4d93239bd1efa39c001a7dda7115

Unknown info (line 5110)
    2 RIN MH:IF107

Unknown info (line 5275)
    2 _PHOTO_RIN MH:P124

Unknown info (line 5277)
    1 RIN MH:I46

Unknown info (line 5279)
    1 _UPD 29 NOV 2024 15:26:11 GMT-8

Unknown info (line 5286)
    2 _UID 674a4d93378a31efa39c001a7dda7115

Unknown info (line 5287)
    2 RIN MH:IF108

Unknown info (line 5291)
    2 _UID 674a4d93c82471efa39c001a7dda7115

Unknown info (line 5292)
    2 RIN MH:IF109

Unknown info (line 5362)
    1 RIN MH:I47

Unknown info (line 5364)
    1 _UPD 29 NOV 2024 15:26:11 GMT-8

Unknown info (line 5374)
    2 _UID 674a4d93a2e381efa39c001a7dda7115

Unknown info (line 5375)
    2 RIN MH:IF110

Unknown info (line 5379)
    2 _UID 674a4d9369bf51efa39c001a7dda7115

Unknown info (line 5380)
    2 RIN MH:IF111

Unknown info (line 5384)
    2 _UID 674a4d938962d1efa39c001a7dda7115

Unknown info (line 5385)
    2 RIN MH:IF112

Unknown info (line 5692)
    2 _PHOTO_RIN MH:P120

Unknown info (line 5694)
    1 RIN MH:I48

Unknown info (line 5696)
    1 _UPD 29 NOV 2024 15:26:11 GMT-8

Unknown info (line 5706)
    2 _UID 674a4d93d490d1efa39c001a7dda7115

Unknown info (line 5707)
    2 RIN MH:IF113

Unknown info (line 5710)
    2 _UID 674a4d93c995e1efa39c001a7dda7115

Unknown info (line 5711)
    2 RIN MH:IF114

Unknown info (line 5714)
    2 _UID 674a4d932c93c1efa39c001a7dda7115

Unknown info (line 5715)
    2 RIN MH:IF115

Unknown info (line 5807)
    2 _PHOTO_RIN MH:P118

Unknown info (line 5809)
    1 RIN MH:I49

Unknown info (line 5811)
    1 _UPD 29 NOV 2024 15:26:11 GMT-8

Unknown info (line 5816)
    2 _UID 674a4d93726781efa39c001a7dda7115

Unknown info (line 5817)
    2 RIN MH:IF116

Unknown info (line 5820)
    2 _UID 674a4d93833131efa39c001a7dda7115

Unknown info (line 5821)
    2 RIN MH:IF117

Unknown info (line 5824)
    2 _UID 674a4d93486de1efa39c001a7dda7115

Unknown info (line 5825)
    2 RIN MH:IF118

Unknown info (line 6012)
    2 _PHOTO_RIN MH:P117

Unknown info (line 6014)
    1 RIN MH:I50

Unknown info (line 6016)
    1 _UPD 29 NOV 2024 15:26:11 GMT-8

Unknown info (line 6022)
    2 _UID 674a4d93249671efa39c001a7dda7115

Unknown info (line 6023)
    2 RIN MH:IF119

Unknown info (line 6026)
    2 _UID 674a4d9384dd11efa39c001a7dda7115

Unknown info (line 6027)
    2 RIN MH:IF120

Unknown info (line 6030)
    2 _UID 674a4d934f81c1efa39c001a7dda7115

Unknown info (line 6031)
    2 RIN MH:IF121

Unknown info (line 6302)
    2 _PHOTO_RIN MH:P116

Unknown info (line 6304)
    1 RIN MH:I51

Unknown info (line 6306)
    1 _UPD 29 NOV 2024 15:26:11 GMT-8

Unknown info (line 6313)
    2 _UID 674a4d93430fc1efa39c001a7dda7115

Unknown info (line 6314)
    2 RIN MH:IF122

Unknown info (line 6317)
    2 _UID 674a4d935e0af1efa39c001a7dda7115

Unknown info (line 6318)
    2 RIN MH:IF123

Unknown info (line 6325)
    1 RIN MH:I52

Unknown info (line 6327)
    1 _UPD 29 NOV 2024 15:26:11 GMT-8

Unknown info (line 6338)
    2 _UID 674a4d93cb28a1efa39c001a7dda7115

Unknown info (line 6339)
    2 RIN MH:IF124

Unknown info (line 6342)
    2 _UID 674a4d93c7ee51efa39c001a7dda7115

Unknown info (line 6343)
    2 RIN MH:IF125

Unknown info (line 6434)
    2 _PHOTO_RIN MH:P115

Unknown info (line 6436)
    1 RIN MH:I53

Unknown info (line 6438)
    1 _UPD 29 NOV 2024 15:26:11 GMT-8

Unknown info (line 6447)
    2 _UID 674a4d9386a8f1efa39c001a7dda7115

Unknown info (line 6448)
    2 RIN MH:IF126

Unknown info (line 6452)
    2 _UID 674a4d939badc1efa39c001a7dda7115

Unknown info (line 6453)
    2 RIN MH:IF127

Unknown info (line 6512)
    1 RIN MH:I54

Unknown info (line 6514)
    1 _UPD 29 NOV 2024 15:26:11 GMT-8

Unknown info (line 6524)
    2 _UID 674a4d93aac581efa39c001a7dda7115

Unknown info (line 6525)
    2 RIN MH:IF128

Unknown info (line 6529)
    2 _UID 674a4d93619951efa39c001a7dda7115

Unknown info (line 6530)
    2 RIN MH:IF129

Unknown info (line 6534)
    2 _UID 674a4d93e70d21efa39c001a7dda7115

Unknown info (line 6535)
    2 RIN MH:IF130

Unknown info (line 6707)
    2 _PHOTO_RIN MH:P113

Unknown info (line 6709)
    1 RIN MH:I55

Unknown info (line 6711)
    1 _UPD 29 NOV 2024 15:26:11 GMT-8

Unknown info (line 6721)
    2 _UID 674a4d938dcad1efa39c001a7dda7115

Unknown info (line 6722)
    2 RIN MH:IF131

Unknown info (line 6726)
    2 _UID 674a4d936d1751efa39c001a7dda7115

Unknown info (line 6727)
    2 RIN MH:IF132

Unknown info (line 6731)
    2 _UID 674a4d93eb8321efa39c001a7dda7115

Unknown info (line 6732)
    2 RIN MH:IF133

Unknown info (line 7363)
    2 _PHOTO_RIN MH:P112

Unknown info (line 7365)
    1 RIN MH:I56

Unknown info (line 7367)
    1 _UPD 29 NOV 2024 15:26:11 GMT-8

Unknown info (line 7372)
    2 _UID 674a4d931137e1efa39c001a7dda7115

Unknown info (line 7373)
    2 RIN MH:IF134

Unknown info (line 7377)
    2 _UID 674a4d93c32d11efa39c001a7dda7115

Unknown info (line 7378)
    2 RIN MH:IF135

Unknown info (line 7405)
    1 RIN MH:I57

Unknown info (line 7407)
    1 _UPD 29 NOV 2024 15:26:11 GMT-8

Unknown info (line 7414)
    2 _UID 674a4d93186fe1efa39c001a7dda7115

Unknown info (line 7415)
    2 RIN MH:IF136

Unknown info (line 7419)
    2 _UID 674a4d93d33331efa39c001a7dda7115

Unknown info (line 7420)
    2 RIN MH:IF137

Unknown info (line 7423)
    2 _UID 674a4d93ce3601efa39c001a7dda7115

Unknown info (line 7424)
    2 RIN MH:IF138

Unknown info (line 7494)
    1 RIN MH:I58

Unknown info (line 7496)
    1 _UPD 29 NOV 2024 15:26:11 GMT-8

Unknown info (line 7501)
    2 _UID 674a4d93b9f4c1efa39c001a7dda7115

Unknown info (line 7502)
    2 RIN MH:IF139

Unknown info (line 7506)
    2 _UID 674a4d9372a811efa39c001a7dda7115

Unknown info (line 7507)
    2 RIN MH:IF140

Unknown info (line 7559)
    1 RIN MH:I59

Unknown info (line 7561)
    1 _UPD 29 NOV 2024 15:26:11 GMT-8

Unknown info (line 7566)
    2 _UID 674a4d93c2b801efa39c001a7dda7115

Unknown info (line 7567)
    2 RIN MH:IF141

Unknown info (line 7571)
    2 _UID 674a4d939e4d91efa39c001a7dda7115

Unknown info (line 7572)
    2 RIN MH:IF142

Unknown info (line 7574)
    2 _UID 674a4d938f70a1efa39c001a7dda7115

Unknown info (line 7575)
    2 RIN MH:IF143

Unknown info (line 7578)
    2 _UID 674a4d93f3d041efa39c001a7dda7115

Unknown info (line 7579)
    2 RIN MH:IF144

Unknown info (line 7600)
    1 RIN MH:I60

Unknown info (line 7602)
    1 _UPD 29 NOV 2024 15:26:11 GMT-8

Unknown info (line 7607)
    2 _UID 674a4d93a31dd1efa39c001a7dda7115

Unknown info (line 7608)
    2 RIN MH:IF145

Unknown info (line 7612)
    2 _UID 674a4d932589a1efa39c001a7dda7115

Unknown info (line 7613)
    2 RIN MH:IF146

Unknown info (line 7627)
    1 RIN MH:I61

Unknown info (line 7629)
    1 _UPD 29 NOV 2024 15:26:11 GMT-8

Unknown info (line 7640)
    2 _UID 674a4d93d4df11efa39c001a7dda7115

Unknown info (line 7641)
    2 RIN MH:IF147

Unknown info (line 7643)
    2 _UID 674a4d93340291efa39c001a7dda7115

Unknown info (line 7644)
    2 RIN MH:IF148

Unknown info (line 7647)
    2 _UID 674a4d93b296e1efa39c001a7dda7115

Unknown info (line 7648)
    2 RIN MH:IF149

Unknown info (line 7650)
    2 _UID 674a4d9379ca31efa39c001a7dda7115

Unknown info (line 7651)
    2 RIN MH:IF150

Unknown info (line 7654)
    2 _UID 674a4d9364cf01efa39c001a7dda7115

Unknown info (line 7655)
    2 RIN MH:IF151

Unknown info (line 7778)
    2 _PHOTO_RIN MH:P106

Unknown info (line 7780)
    1 RIN MH:I62

Unknown info (line 7782)
    1 _UPD 29 NOV 2024 15:26:11 GMT-8

Unknown info (line 7787)
    2 _MARNM .

Unknown info (line 7792)
    2 _UID 674a4d93837ef1efa39c001a7dda7115

Unknown info (line 7793)
    2 RIN MH:IF152

Unknown info (line 7796)
    2 _UID 674a4d93482221efa39c001a7dda7115

Unknown info (line 7797)
    2 RIN MH:IF153

Unknown info (line 7823)
    1 RIN MH:I63

Unknown info (line 7825)
    1 _UPD 29 NOV 2024 15:26:11 GMT-8

Unknown info (line 7838)
    2 _UID 674a4d9318efb1efa39c001a7dda7115

Unknown info (line 7839)
    2 RIN MH:IF154

Unknown info (line 7843)
    2 _UID 674a4d93644f51efa39c001a7dda7115

Unknown info (line 7844)
    2 RIN MH:IF155

Unknown info (line 7848)
    2 _UID 674a4d93af1381efa39c001a7dda7115

Unknown info (line 7849)
    2 RIN MH:IF156

Unknown info (line 7891)
    1 RIN MH:I64

Unknown info (line 7893)
    1 _UPD 29 NOV 2024 15:26:11 GMT-8

Unknown info (line 7903)
    2 _UID 674a4d932509f1efa39c001a7dda7115

Unknown info (line 7904)
    2 RIN MH:IF157

Unknown info (line 7908)
    2 _UID 674a4d93ee5521efa39c001a7dda7115

Unknown info (line 7909)
    2 RIN MH:IF158

Unknown info (line 7913)
    2 _UID 674a4d93f35011efa39c001a7dda7115

Unknown info (line 7914)
    2 RIN MH:IF159

Unknown info (line 8257)
    2 _PHOTO_RIN MH:P104

Unknown info (line 8259)
    1 RIN MH:I65

Unknown info (line 8261)
    1 _UPD 29 NOV 2024 15:26:11 GMT-8

Unknown info (line 8269)
    1 RIN MH:I66

Unknown info (line 8271)
    1 _UPD 29 NOV 2024 15:26:11 GMT-8

Unknown info (line 8278)
    2 _UID 674a4d93d1c681efa39c001a7dda7115

Unknown info (line 8279)
    2 RIN MH:IF160

Unknown info (line 8282)
    2 _UID 674a4d931a9a51efa39c001a7dda7115

Unknown info (line 8283)
    2 RIN MH:IF161

Unknown info (line 8286)
    2 _UID 674a4d93ebcce1efa39c001a7dda7115

Unknown info (line 8287)
    2 RIN MH:IF162

Unknown info (line 8290)
    2 _UID 674a4d93209031efa39c001a7dda7115

Unknown info (line 8291)
    2 RIN MH:IF163

Unknown info (line 8294)
    2 _UID 674a4d93c04db1efa39c001a7dda7115

Unknown info (line 8295)
    2 RIN MH:IF164

Unknown info (line 8387)
    2 _PHOTO_RIN MH:P97

Unknown info (line 8389)
    1 RIN MH:I67

Unknown info (line 8391)
    1 _UPD 29 NOV 2024 15:26:11 GMT-8

Unknown info (line 8395)
    2 _MARNM Laenates

Unknown info (line 8410)
    1 RIN MH:I68

Unknown info (line 8412)
    1 _UPD 29 NOV 2024 15:26:11 GMT-8

Unknown info (line 8416)
    2 _MARNM Laenas

Unknown info (line 8419)
    2 _UID 674a4d932b7241efa39c001a7dda7115

Unknown info (line 8420)
    2 RIN MH:IF165

Unknown info (line 8423)
    1 RIN MH:I69

Unknown info (line 8425)
    1 _UPD 29 NOV 2024 15:26:11 GMT-8

Unknown info (line 8430)
    2 _UID 674a4d93117821efa39c001a7dda7115

Unknown info (line 8431)
    2 RIN MH:IF166

Unknown info (line 8434)
    2 _UID 674a4d93f1a5a1efa39c001a7dda7115

Unknown info (line 8435)
    2 RIN MH:IF167

Unknown info (line 8438)
    2 _UID 674a4d937731d1efa39c001a7dda7115

Unknown info (line 8439)
    2 RIN MH:IF168

Unknown info (line 8457)
    1 RIN MH:I70

Unknown info (line 8459)
    1 _UPD 29 NOV 2024 15:26:11 GMT-8

Unknown info (line 8464)
    2 _UID 674a4d93900071efa39c001a7dda7115

Unknown info (line 8465)
    2 RIN MH:IF169

Unknown info (line 8470)
    1 RIN MH:I71

Unknown info (line 8472)
    1 _UPD 29 NOV 2024 15:26:11 GMT-8

Unknown info (line 8481)
    2 _UID 674a4d93ddc8d1efa39c001a7dda7115

Unknown info (line 8482)
    2 RIN MH:IF170

Unknown info (line 8485)
    2 _UID 674a4d93169401efa39c001a7dda7115

Unknown info (line 8486)
    2 RIN MH:IF171

Unknown info (line 8490)
    2 _UID 674a4d93b913c1efa39c001a7dda7115

Unknown info (line 8491)
    2 RIN MH:IF172

Unknown info (line 8495)
    2 _UID 674a4d93c0cde1efa39c001a7dda7115

Unknown info (line 8496)
    2 RIN MH:IF173

Unknown info (line 8541)
    2 _PHOTO_RIN MH:P96

Unknown info (line 8543)
    1 RIN MH:I72

Unknown info (line 8545)
    1 _UPD 29 NOV 2024 15:26:11 GMT-8

Unknown info (line 8550)
    2 _UID 674a4d9371f341efa39c001a7dda7115

Unknown info (line 8551)
    2 RIN MH:IF174

Unknown info (line 8555)
    1 RIN MH:I73

Unknown info (line 8557)
    1 _UPD 29 NOV 2024 15:26:11 GMT-8

Unknown info (line 8567)
    2 _UID 674a4d934ad791efa39c001a7dda7115

Unknown info (line 8568)
    2 RIN MH:IF175

Unknown info (line 8572)
    2 _UID 674a4d93664801efa39c001a7dda7115

Unknown info (line 8573)
    2 RIN MH:IF176

Unknown info (line 8686)
    1 RIN MH:I74

Unknown info (line 8688)
    1 _UPD 29 NOV 2024 15:26:11 GMT-8

Unknown info (line 8698)
    2 _UID 674a4d93b011e1efa39c001a7dda7115

Unknown info (line 8699)
    2 RIN MH:IF177

Unknown info (line 8703)
    2 _UID 674a4d937b4d31efa39c001a7dda7115

Unknown info (line 8704)
    2 RIN MH:IF178

Unknown info (line 8708)
    2 _UID 674a4d938a1b81efa39c001a7dda7115

Unknown info (line 8709)
    2 RIN MH:IF179

Unknown info (line 8878)
    2 _PHOTO_RIN MH:P94

Unknown info (line 8880)
    1 RIN MH:I75

Unknown info (line 8882)
    1 _UPD 29 NOV 2024 15:26:11 GMT-8

Unknown info (line 8887)
    2 _UID 674a4d93914301efa39c001a7dda7115

Unknown info (line 8888)
    2 RIN MH:IF180

Unknown info (line 8891)
    2 _UID 674a4d935a1fd1efa39c001a7dda7115

Unknown info (line 8892)
    2 RIN MH:IF181

Unknown info (line 8896)
    1 RIN MH:I76

Unknown info (line 8898)
    1 _UPD 29 NOV 2024 15:26:11 GMT-8

Unknown info (line 8905)
    2 _UID 674a4d938c4631efa39c001a7dda7115

Unknown info (line 8906)
    2 RIN MH:IF182

Unknown info (line 8909)
    2 _UID 674a4d93ad2491efa39c001a7dda7115

Unknown info (line 8910)
    2 RIN MH:IF183

Unknown info (line 8913)
    2 _UID 674a4d93e1edb1efa39c001a7dda7115

Unknown info (line 8914)
    2 RIN MH:IF184

Unknown info (line 8949)
    1 RIN MH:I77

Unknown info (line 8951)
    1 _UPD 29 NOV 2024 15:26:11 GMT-8

Unknown info (line 8958)
    1 RIN MH:I78

Unknown info (line 8960)
    1 _UPD 29 NOV 2024 15:26:11 GMT-8

Unknown info (line 8967)
    2 _UID 674a4d93b12021efa39c001a7dda7115

Unknown info (line 8968)
    2 RIN MH:IF185

Unknown info (line 8971)
    2 _UID 674a4d9337b451efa39c001a7dda7115

Unknown info (line 8972)
    2 RIN MH:IF186

Unknown info (line 8975)
    2 _UID 674a4d93fce881efa39c001a7dda7115

Unknown info (line 8976)
    2 RIN MH:IF187

Unknown info (line 9137)
    2 _PHOTO_RIN MH:P83

Unknown info (line 9139)
    1 RIN MH:I79

Unknown info (line 9141)
    1 _UPD 29 NOV 2024 15:26:11 GMT-8

Unknown info (line 9146)
    2 _UID 674a4d93dc0bf1efa39c001a7dda7115

Unknown info (line 9147)
    2 RIN MH:IF188

Unknown info (line 9150)
    2 _UID 674a4d93175721efa39c001a7dda7115

Unknown info (line 9151)
    2 RIN MH:IF189

Unknown info (line 9154)
    2 _UID 674a4d9391c351efa39c001a7dda7115

Unknown info (line 9155)
    2 RIN MH:IF190

Unknown info (line 9158)
    2 _UID 674a4d935a9f81efa39c001a7dda7115

Unknown info (line 9159)
    2 RIN MH:IF191

Unknown info (line 9167)
    1 RIN MH:I80

Unknown info (line 9169)
    1 _UPD 29 NOV 2024 15:26:11 GMT-8

Unknown info (line 9174)
    2 _UID 674a4d936dc1a1efa39c001a7dda7115

Unknown info (line 9175)
    2 RIN MH:IF192

Unknown info (line 9178)
    2 _UID 674a4d93cd80c1efa39c001a7dda7115

Unknown info (line 9179)
    2 RIN MH:IF193

Unknown info (line 9186)
    1 RIN MH:I81

Unknown info (line 9188)
    1 _UPD 29 NOV 2024 15:26:11 GMT-8

Unknown info (line 9192)
    2 _MARNM Tuditanus

Unknown info (line 9195)
    2 _UID 674a4d939d4d51efa39c001a7dda7115

Unknown info (line 9196)
    2 RIN MH:IF194

Unknown info (line 9199)
    2 _UID 674a4d93823d81efa39c001a7dda7115

Unknown info (line 9200)
    2 RIN MH:IF195

Unknown info (line 9203)
    2 _UID 674a4d93496151efa39c001a7dda7115

Unknown info (line 9204)
    2 RIN MH:IF196

Unknown info (line 9208)
    1 RIN MH:I82

Unknown info (line 9210)
    1 _UPD 29 NOV 2024 15:26:11 GMT-8

Unknown info (line 9222)
    2 _UID 674a4d934a9ff1efa39c001a7dda7115

Unknown info (line 9223)
    2 RIN MH:IF197

Unknown info (line 9226)
    2 _UID 674a4d9319acc1efa39c001a7dda7115

Unknown info (line 9227)
    2 RIN MH:IF198

Unknown info (line 9230)
    2 _UID 674a4d93d2f011efa39c001a7dda7115

Unknown info (line 9231)
    2 RIN MH:IF199

Unknown info (line 9462)
    2 _PHOTO_RIN MH:P81

Unknown info (line 9464)
    1 RIN MH:I83

Unknown info (line 9466)
    1 _UPD 29 NOV 2024 15:26:11 GMT-8

Unknown info (line 9474)
    2 _UID 674a4d939fb8e1efa39c001a7dda7115

Unknown info (line 9475)
    2 RIN MH:IF200

Unknown info (line 9479)
    2 _UID 674a4d9382bdd1efa39c001a7dda7115

Unknown info (line 9480)
    2 RIN MH:IF201

Unknown info (line 9484)
    2 _UID 674a4d9349e101efa39c001a7dda7115

Unknown info (line 9485)
    2 RIN MH:IF202

Unknown info (line 9535)
    1 RIN MH:I84

Unknown info (line 9537)
    1 _UPD 29 NOV 2024 15:26:11 GMT-8

Unknown info (line 9542)
    2 _UID 674a4d9329c021efa39c001a7dda7115

Unknown info (line 9543)
    2 RIN MH:IF203

Unknown info (line 9574)
    1 RIN MH:I85

Unknown info (line 9576)
    1 _UPD 29 NOV 2024 15:26:11 GMT-8

Unknown info (line 9587)
    2 _UID 674a4d93d84be1efa39c001a7dda7115

Unknown info (line 9588)
    2 RIN MH:IF204

Unknown info (line 9591)
    2 _UID 674a4d93131731efa39c001a7dda7115

Unknown info (line 9592)
    2 RIN MH:IF205

Unknown info (line 9596)
    2 _UID 674a4d93e120a1efa39c001a7dda7115

Unknown info (line 9597)
    2 RIN MH:IF206

Unknown info (line 9601)
    2 _UID 674a4d93c54ed1efa39c001a7dda7115

Unknown info (line 9602)
    2 RIN MH:IF207

Unknown info (line 10061)
    2 _PHOTO_RIN MH:P72

Unknown info (line 10063)
    1 RIN MH:I86

Unknown info (line 10065)
    1 _UPD 29 NOV 2024 15:26:11 GMT-8

Unknown info (line 10072)
    2 _UID 674a4d93139761efa39c001a7dda7115

Unknown info (line 10073)
    2 RIN MH:IF208

Unknown info (line 10077)
    2 _UID 674a4d93e2c1d1efa39c001a7dda7115

Unknown info (line 10078)
    2 RIN MH:IF209

Unknown info (line 10082)
    2 _UID 674a4d93299d01efa39c001a7dda7115

Unknown info (line 10083)
    2 RIN MH:IF210

Unknown info (line 10179)
    2 _PHOTO_RIN MH:P64

Unknown info (line 10181)
    1 RIN MH:I87

Unknown info (line 10183)
    1 _UPD 29 NOV 2024 15:26:11 GMT-8

Unknown info (line 10190)
    1 RIN MH:I88

Unknown info (line 10192)
    1 _UPD 29 NOV 2024 15:26:11 GMT-8

Unknown info (line 10197)
    2 _UID 674a4d93337411efa39c001a7dda7115

Unknown info (line 10198)
    2 RIN MH:IF211

Unknown info (line 10201)
    2 _UID 674a4d93f828c1efa39c001a7dda7115

Unknown info (line 10202)
    2 RIN MH:IF212

Unknown info (line 10210)
    1 RIN MH:I89

Unknown info (line 10212)
    1 _UPD 29 NOV 2024 15:26:11 GMT-8

Unknown info (line 10219)
    2 _UID 674a4d9344b6d1efa39c001a7dda7115

Unknown info (line 10220)
    2 RIN MH:IF213

Unknown info (line 10224)
    2 _UID 674a4d938fea01efa39c001a7dda7115

Unknown info (line 10225)
    2 RIN MH:IF214

Unknown info (line 10229)
    2 _UID 674a4d936f3781efa39c001a7dda7115

Unknown info (line 10230)
    2 RIN MH:IF215

Unknown info (line 10299)
    1 RIN MH:I90

Unknown info (line 10301)
    1 _UPD 29 NOV 2024 15:26:11 GMT-8

Unknown info (line 10306)
    2 _UID 674a4d936d4261efa39c001a7dda7115

Unknown info (line 10307)
    2 RIN MH:IF216

Unknown info (line 10310)
    2 _UID 674a4d93a61eb1efa39c001a7dda7115

Unknown info (line 10311)
    2 RIN MH:IF217

Unknown info (line 10314)
    2 _UID 674a4d93208ac1efa39c001a7dda7115

Unknown info (line 10315)
    2 RIN MH:IF218

Unknown info (line 10318)
    2 _UID 674a4d93ebd611efa39c001a7dda7115

Unknown info (line 10319)
    2 RIN MH:IF219

Unknown info (line 10327)
    1 RIN MH:I91

Unknown info (line 10329)
    1 _UPD 29 NOV 2024 15:26:11 GMT-8

Unknown info (line 10334)
    2 _UID 674a4d93704751efa39c001a7dda7115

Unknown info (line 10335)
    2 RIN MH:IF220

Unknown info (line 10342)
    1 RIN MH:I92

Unknown info (line 10344)
    1 _UPD 29 NOV 2024 15:26:11 GMT-8

Unknown info (line 10348)
    2 _MARNM Tudianus

Unknown info (line 10351)
    2 _UID 674a4d93aa90b1efa39c001a7dda7115

Unknown info (line 10352)
    2 RIN MH:IF221

Unknown info (line 10355)
    2 _UID 674a4d932c04c1efa39c001a7dda7115

Unknown info (line 10356)
    2 RIN MH:IF222

Unknown info (line 10360)
    1 RIN MH:I93

Unknown info (line 10362)
    1 _UPD 29 NOV 2024 15:26:11 GMT-8

Unknown info (line 10372)
    2 _UID 674a4d93fa5d21efa39c001a7dda7115

Unknown info (line 10373)
    2 RIN MH:IF223

Unknown info (line 10377)
    2 _UID 674a4d933101f1efa39c001a7dda7115

Unknown info (line 10378)
    2 RIN MH:IF224

Unknown info (line 10382)
    2 _UID 674a4d93b79581efa39c001a7dda7115

Unknown info (line 10383)
    2 RIN MH:IF225

Unknown info (line 10452)
    2 _PHOTO_RIN MH:P62

Unknown info (line 10454)
    1 RIN MH:I94

Unknown info (line 10456)
    1 _UPD 29 NOV 2024 15:26:11 GMT-8

Unknown info (line 10466)
    2 _UID 674a4d932766e1efa39c001a7dda7115

Unknown info (line 10467)
    2 RIN MH:IF226

Unknown info (line 10471)
    2 _UID 674a4d93ec3a31efa39c001a7dda7115

Unknown info (line 10472)
    2 RIN MH:IF227

Unknown info (line 10476)
    2 _UID 674a4d93ce7b41efa39c001a7dda7115

Unknown info (line 10477)
    2 RIN MH:IF228

Unknown info (line 11778)
    2 _PHOTO_RIN MH:P61

Unknown info (line 11780)
    1 RIN MH:I95

Unknown info (line 11782)
    1 _UPD 29 NOV 2024 15:26:11 GMT-8

Unknown info (line 11792)
    2 _UID 674a4d9350d691efa39c001a7dda7115

Unknown info (line 11793)
    2 RIN MH:IF229

Unknown info (line 11797)
    2 _UID 674a4d93d642e1efa39c001a7dda7115

Unknown info (line 11798)
    2 RIN MH:IF230

Unknown info (line 11802)
    2 _UID 674a4d931cafa1efa39c001a7dda7115

Unknown info (line 11803)
    2 RIN MH:IF231

Unknown info (line 12130)
    2 _PHOTO_RIN MH:P34

Unknown info (line 12132)
    1 RIN MH:I96

Unknown info (line 12134)
    1 _UPD 29 NOV 2024 15:26:11 GMT-8

Unknown info (line 12142)
    2 _UID 674a4d93e61b61efa39c001a7dda7115

Unknown info (line 12143)
    2 RIN MH:IF232

Unknown info (line 12147)
    2 _UID 674a4d93608f11efa39c001a7dda7115

Unknown info (line 12148)
    2 RIN MH:IF233

Unknown info (line 12152)
    2 _UID 674a4d93abd3c1efa39c001a7dda7115

Unknown info (line 12153)
    2 RIN MH:IF234

Unknown info (line 12240)
    2 _PHOTO_RIN MH:P30

Unknown info (line 12242)
    1 RIN MH:I97

Unknown info (line 12244)
    1 _UPD 29 NOV 2024 15:26:11 GMT-8

Unknown info (line 12249)
    2 _UID 674a4d936c0111efa39c001a7dda7115

Unknown info (line 12250)
    2 RIN MH:IF235

Unknown info (line 12254)
    2 _UID 674a4d93a75dc1efa39c001a7dda7115

Unknown info (line 12255)
    2 RIN MH:IF236

Unknown info (line 12258)
    2 _UID 674a4d93ba58f1efa39c001a7dda7115

Unknown info (line 12259)
    2 RIN MH:IF237

Unknown info (line 12344)
    1 RIN MH:I98

Unknown info (line 12346)
    1 _UPD 29 NOV 2024 15:26:11 GMT-8

Unknown info (line 12351)
    2 _UID 674a4d93406c61efa39c001a7dda7115

Unknown info (line 12352)
    2 RIN MH:IF238

Unknown info (line 12355)
    2 _UID 674a4d93c6f811efa39c001a7dda7115

Unknown info (line 12356)
    2 RIN MH:IF239

Unknown info (line 12372)
    1 RIN MH:I99

Unknown info (line 12374)
    1 _UPD 29 NOV 2024 15:26:11 GMT-8

Unknown info (line 12381)
    2 _UID 674a4d93963581efa39c001a7dda7115

Unknown info (line 12382)
    2 RIN MH:IF240

Unknown info (line 12385)
    2 _UID 674a4d93676331efa39c001a7dda7115

Unknown info (line 12386)
    2 RIN MH:IF241

Unknown info (line 12393)
    1 RIN MH:I100

Unknown info (line 12395)
    1 _UPD 29 NOV 2024 15:26:11 GMT-8

Unknown info (line 12399)
    2 _MARNM Tudianus

Unknown info (line 12402)
    2 _UID 674a4d93ca7611efa39c001a7dda7115

Unknown info (line 12403)
    2 RIN MH:IF242

Unknown info (line 12406)
    2 _UID 674a4d9312ac91efa39c001a7dda7115

Unknown info (line 12407)
    2 RIN MH:IF243

Unknown info (line 12410)
    2 _UID 674a4d931c2ff1efa39c001a7dda7115

Unknown info (line 12411)
    2 RIN MH:IF244

Unknown info (line 12415)
    1 RIN MH:I101

Unknown info (line 12417)
    1 _UPD 29 NOV 2024 15:26:11 GMT-8

Unknown info (line 12428)
    2 _UID 674a4d9351e751efa39c001a7dda7115

Unknown info (line 12429)
    2 RIN MH:IF245

Unknown info (line 12433)
    2 _UID 674a4d934e9781efa39c001a7dda7115

Unknown info (line 12434)
    2 RIN MH:IF246

Unknown info (line 12437)
    2 _UID 674a4d9385cb51efa39c001a7dda7115

Unknown info (line 12438)
    2 RIN MH:IF247

Unknown info (line 12503)
    2 _PHOTO_RIN MH:P29

Unknown info (line 12505)
    1 RIN MH:I102

Unknown info (line 12507)
    1 _UPD 29 NOV 2024 15:26:11 GMT-8

Unknown info (line 12517)
    2 _UID 674a4d9323bc51efa39c001a7dda7115

Unknown info (line 12518)
    2 RIN MH:IF248

Unknown info (line 12601)
    2 _PHOTO_RIN MH:P27

Unknown info (line 12603)
    1 RIN MH:I103

Unknown info (line 12605)
    1 _UPD 29 NOV 2024 15:26:11 GMT-8

Unknown info (line 12650)
    1 RIN MH:I104

Unknown info (line 12652)
    1 _UPD 29 NOV 2024 15:26:11 GMT-8

Unknown info (line 12662)
    2 _UID 674a4d93323761efa39c001a7dda7115

Unknown info (line 12663)
    2 RIN MH:IF249

Unknown info (line 12667)
    2 _UID 674a4d93d90891efa39c001a7dda7115

Unknown info (line 12668)
    2 RIN MH:IF250

Unknown info (line 12672)
    2 _UID 674a4d93125441efa39c001a7dda7115

Unknown info (line 12673)
    2 RIN MH:IF251

Unknown info (line 12991)
    2 _PHOTO_RIN MH:P22

Unknown info (line 12993)
    1 RIN MH:I105

Unknown info (line 12995)
    1 _UPD 29 NOV 2024 15:26:11 GMT-8

Unknown info (line 12999)
    2 _MARNM of Thrace

Unknown info (line 13002)
    2 _UID 674a4d93c305d1efa39c001a7dda7115

Unknown info (line 13003)
    2 RIN MH:IF252

Unknown info (line 13007)
    2 _UID 674a4d934591a1efa39c001a7dda7115

Unknown info (line 13008)
    2 RIN MH:IF253

Unknown info (line 13059)
    2 _PHOTO_RIN MH:P20

Unknown info (line 13061)
    1 RIN MH:I106

Unknown info (line 13063)
    1 _UPD 29 NOV 2024 15:26:11 GMT-8

Unknown info (line 13073)
    2 _UID 674a4d934d7031efa39c001a7dda7115

Unknown info (line 13074)
    2 RIN MH:IF254

Unknown info (line 13077)
    2 _UID 674a4d93cf8bd1efa39c001a7dda7115

Unknown info (line 13078)
    2 RIN MH:IF255

Unknown info (line 13082)
    2 _UID 674a4d93491fa1efa39c001a7dda7115

Unknown info (line 13083)
    2 RIN MH:IF256

Unknown info (line 13340)
    2 _PHOTO_RIN MH:P19

Unknown info (line 13342)
    1 RIN MH:I107

Unknown info (line 13344)
    1 _UPD 29 NOV 2024 15:26:11 GMT-8

Unknown info (line 13352)
    2 _UID 674a4d9328ba71efa39c001a7dda7115

Unknown info (line 13353)
    2 RIN MH:IF257

Unknown info (line 13356)
    2 _UID 674a4d93d9ecc1efa39c001a7dda7115

Unknown info (line 13357)
    2 RIN MH:IF258

Unknown info (line 13368)
    1 RIN MH:I108

Unknown info (line 13370)
    1 _UPD 29 NOV 2024 15:26:11 GMT-8

Unknown info (line 13375)
    2 _UID 674a4d9374f9e1efa39c001a7dda7115

Unknown info (line 13376)
    2 RIN MH:IF259

Unknown info (line 13379)
    2 _UID 674a4d93bfa531efa39c001a7dda7115

Unknown info (line 13380)
    2 RIN MH:IF260

Unknown info (line 13383)
    2 _UID 674a4d93a2a001efa39c001a7dda7115

Unknown info (line 13384)
    2 RIN MH:IF261

Unknown info (line 13387)
    2 _UID 674a4d9369fcd1efa39c001a7dda7115

Unknown info (line 13388)
    2 RIN MH:IF262

Unknown info (line 13396)
    1 RIN MH:I109

Unknown info (line 13398)
    1 _UPD 29 NOV 2024 15:26:11 GMT-8

Unknown info (line 13409)
    1 RIN MH:I110

Unknown info (line 13411)
    1 _UPD 29 NOV 2024 15:26:11 GMT-8

Unknown info (line 13415)
    2 _MARNM Tudianus

Unknown info (line 13418)
    2 _UID 674a4d939fc611efa39c001a7dda7115

Unknown info (line 13419)
    2 RIN MH:IF263

Unknown info (line 13422)
    2 _UID 674a4d93549ac1efa39c001a7dda7115

Unknown info (line 13423)
    2 RIN MH:IF264

Unknown info (line 13426)
    2 _UID 674a4d93d20eb1efa39c001a7dda7115

Unknown info (line 13427)
    2 RIN MH:IF265

Unknown info (line 13430)
    1 RIN MH:I111

Unknown info (line 13432)
    1 _UPD 29 NOV 2024 15:26:11 GMT-8

Unknown info (line 13437)
    2 _UID 674a4d93e804d1efa39c001a7dda7115

Unknown info (line 13438)
    2 RIN MH:IF266

Unknown info (line 13472)
    2 _PHOTO_RIN MH:P18

Unknown info (line 13474)
    1 RIN MH:I112

Unknown info (line 13476)
    1 _UPD 29 NOV 2024 15:26:11 GMT-8

Unknown info (line 13486)
    2 _UID 674a4d93934811efa39c001a7dda7115

Unknown info (line 13487)
    2 RIN MH:IF267

Unknown info (line 13491)
    2 _UID 674a4d935814c1efa39c001a7dda7115

Unknown info (line 13492)
    2 RIN MH:IF268

Unknown info (line 13527)
    1 RIN MH:I113

Unknown info (line 13529)
    1 _UPD 29 NOV 2024 15:26:11 GMT-8

Unknown info (line 13532)
    2 _UID 674a4d93efe8f1efa39c001a7dda7115

Unknown info (line 13533)
    2 RIN MH:IF269

Unknown info (line 13536)
    1 RIN MH:I114

Unknown info (line 13538)
    1 _UPD 29 NOV 2024 15:26:11 GMT-8

Unknown info (line 13545)
    2 _UID 674a4d9339b111efa39c001a7dda7115

Unknown info (line 13546)
    2 RIN MH:IF270

Unknown info (line 13550)
    2 _UID 674a4d93f2edc1efa39c001a7dda7115

Unknown info (line 13551)
    2 RIN MH:IF271

Unknown info (line 13554)
    2 _UID 674a4d937479b1efa39c001a7dda7115

Unknown info (line 13555)
    2 RIN MH:IF272

Unknown info (line 13564)
    2 _PHOTO_RIN MH:P17

Unknown info (line 13566)
    1 RIN MH:I115

Unknown info (line 13568)
    1 _UPD 29 NOV 2024 15:26:11 GMT-8

Unknown info (line 13575)
    2 _UID 674a4d93283a21efa39c001a7dda7115

Unknown info (line 13576)
    2 RIN MH:IF273

Unknown info (line 13578)
    2 _UID 674a4d93353f11efa39c001a7dda7115

Unknown info (line 13579)
    2 RIN MH:IF274

Unknown info (line 13581)
    2 _UID 674a4d93fe63c1efa39c001a7dda7115

Unknown info (line 13582)
    2 RIN MH:IF275

Unknown info (line 13589)
    1 RIN MH:I116

Unknown info (line 13591)
    1 _UPD 29 NOV 2024 15:26:11 GMT-8

Unknown info (line 13597)
    2 _UID 674a4d932a4fc1efa39c001a7dda7115

Unknown info (line 13598)
    2 RIN MH:IF276

Unknown info (line 13602)
    2 _UID 674a4d93e11311efa39c001a7dda7115

Unknown info (line 13603)
    2 RIN MH:IF277

Unknown info (line 13607)
    2 _UID 674a4d93fc1621efa39c001a7dda7115

Unknown info (line 13608)
    2 RIN MH:IF278

Unknown info (line 13709)
    2 _PHOTO_RIN MH:P16

Unknown info (line 13711)
    1 RIN MH:I117

Unknown info (line 13713)
    1 _UPD 29 NOV 2024 15:26:11 GMT-8

Unknown info (line 13722)
    1 RIN MH:I118

Unknown info (line 13724)
    1 _UPD 29 NOV 2024 15:26:11 GMT-8

Unknown info (line 13729)
    2 _UID 674a4d93f09821efa39c001a7dda7115

Unknown info (line 13730)
    2 RIN MH:IF279

Unknown info (line 13733)
    2 _UID 674a4d933bc4f1efa39c001a7dda7115

Unknown info (line 13734)
    2 RIN MH:IF280

Unknown info (line 13737)
    2 _UID 674a4d93bd5081efa39c001a7dda7115

Unknown info (line 13738)
    2 RIN MH:IF281

Unknown info (line 13741)
    2 _UID 674a4d93c1f061efa39c001a7dda7115

Unknown info (line 13742)
    2 RIN MH:IF282

Unknown info (line 13750)
    1 RIN MH:I119

Unknown info (line 13752)
    1 _UPD 29 NOV 2024 15:26:11 GMT-8

Unknown info (line 13758)
    1 RIN MH:I120

Unknown info (line 13760)
    1 _UPD 29 NOV 2024 15:26:11 GMT-8

Unknown info (line 13767)
    2 _UID 674a4d93913df1efa39c001a7dda7115

Unknown info (line 13768)
    2 RIN MH:IF283

Unknown info (line 13772)
    2 _UID 674a4d9317a981efa39c001a7dda7115

Unknown info (line 13773)
    2 RIN MH:IF284

Unknown info (line 13784)
    1 RIN MH:I121

Unknown info (line 13786)
    1 _UPD 29 NOV 2024 15:26:11 GMT-8

Unknown info (line 13793)
    2 _UID 674a4d93622bd1efa39c001a7dda7115

Unknown info (line 13794)
    2 RIN MH:IF285

Unknown info (line 13797)
    2 _UID 674a4d9380b6c1efa39c001a7dda7115

Unknown info (line 13798)
    2 RIN MH:IF286

Unknown info (line 13804)
    1 RIN MH:I122

Unknown info (line 13806)
    1 _UPD 29 NOV 2024 15:26:11 GMT-8

Unknown info (line 13812)
    2 _UID 674a4d939db3f1efa39c001a7dda7115

Unknown info (line 13813)
    2 RIN MH:IF287

Unknown info (line 13816)
    2 _UID 674a4d931b2781efa39c001a7dda7115

Unknown info (line 13817)
    2 RIN MH:IF288

Unknown info (line 13821)
    2 _UID 674a4d93f01871efa39c001a7dda7115

Unknown info (line 13822)
    2 RIN MH:IF289

Unknown info (line 13840)
    2 _PHOTO_RIN MH:P15

Unknown info (line 13842)
    1 RIN MH:I123

Unknown info (line 13844)
    1 _UPD 29 NOV 2024 15:26:11 GMT-8

Unknown info (line 13851)
    2 _UID 674a4d93a0d5e1efa39c001a7dda7115

Unknown info (line 13852)
    2 RIN MH:IF290

Unknown info (line 13856)
    2 _UID 674a4d93264191efa39c001a7dda7115

Unknown info (line 13857)
    2 RIN MH:IF291

Unknown info (line 13871)
    1 RIN MH:I124

Unknown info (line 13873)
    1 _UPD 29 NOV 2024 15:26:11 GMT-8

Unknown info (line 13877)
    2 _MARNM Macedonia

Unknown info (line 13880)
    2 _UID 674a4d9337caa1efa39c001a7dda7115

Unknown info (line 13881)
    2 RIN MH:IF292

Unknown info (line 13884)
    2 _UID 674a4d93b15ed1efa39c001a7dda7115

Unknown info (line 13885)
    2 RIN MH:IF293

Unknown info (line 13896)
    1 RIN MH:I125

Unknown info (line 13898)
    1 _UPD 29 NOV 2024 15:26:11 GMT-8

Unknown info (line 13907)
    2 _UID 674a4d93566f71efa39c001a7dda7115

Unknown info (line 13908)
    2 RIN MH:IF294

Unknown info (line 13912)
    2 _UID 674a4d939d33a1efa39c001a7dda7115

Unknown info (line 13913)
    2 RIN MH:IF295

Unknown info (line 13933)
    1 RIN MH:I126

Unknown info (line 13935)
    1 _UPD 29 NOV 2024 15:26:11 GMT-8

Unknown info (line 13942)
    2 _UID 674a4d93803691efa39c001a7dda7115

Unknown info (line 13943)
    2 RIN MH:IF296

Unknown info (line 13947)
    2 _UID 674a4d934b6a41efa39c001a7dda7115

Unknown info (line 13948)
    2 RIN MH:IF297

Unknown info (line 13953)
    1 RIN MH:I127

Unknown info (line 13955)
    1 _UPD 29 NOV 2024 15:26:11 GMT-8

Unknown info (line 13966)
    1 RIN MH:I128

Unknown info (line 13968)
    1 _UPD 29 NOV 2024 15:26:11 GMT-8

Unknown info (line 13975)
    2 _UID 674a4d93dc7501efa39c001a7dda7115

Unknown info (line 13976)
    2 RIN MH:IF298

Unknown info (line 13979)
    2 _UID 674a4d93c17031efa39c001a7dda7115

Unknown info (line 13980)
    2 RIN MH:IF299

Unknown info (line 13994)
    1 RIN MH:I129

Unknown info (line 13996)
    1 _UPD 29 NOV 2024 15:26:11 GMT-8

Unknown info (line 14003)
    2 _UID 674a4d936b7bd1efa39c001a7dda7115

Unknown info (line 14004)
    2 RIN MH:IF300

Unknown info (line 14007)
    2 _UID 674a4d93edefa1efa39c001a7dda7115

Unknown info (line 14008)
    2 RIN MH:IF301

Unknown info (line 14027)
    1 RIN MH:I130

Unknown info (line 14029)
    1 _UPD 29 NOV 2024 15:26:11 GMT-8

Unknown info (line 14033)
    2 _MARNM Elimiotai

Unknown info (line 14036)
    2 _UID 674a4d93f0ea91efa39c001a7dda7115

Unknown info (line 14037)
    2 RIN MH:IF302

Unknown info (line 14040)
    2 _UID 674a4d93767ee1efa39c001a7dda7115

Unknown info (line 14041)
    2 RIN MH:IF303

Unknown info (line 14048)
    1 RIN MH:I131

Unknown info (line 14050)
    1 _UPD 29 NOV 2024 15:26:11 GMT-8

Unknown info (line 14057)
    2 _UID 674a4d93872851efa39c001a7dda7115

Unknown info (line 14058)
    2 RIN MH:IF304

Unknown info (line 14061)
    2 _UID 674a4d9367f5d1efa39c001a7dda7115

Unknown info (line 14062)
    2 RIN MH:IF305

Unknown info (line 14066)
    2 _UID 674a4d93e161a1efa39c001a7dda7115

Unknown info (line 14067)
    2 RIN MH:IF306

Unknown info (line 14105)
    1 RIN MH:I132

Unknown info (line 14107)
    1 _UPD 29 NOV 2024 15:26:11 GMT-8

Unknown info (line 14113)
    2 _UID 674a4d93cd0cd1efa39c001a7dda7115

Unknown info (line 14114)
    2 RIN MH:IF307

Unknown info (line 14119)
    1 RIN MH:I133

Unknown info (line 14121)
    1 _UPD 29 NOV 2024 15:26:11 GMT-8

Unknown info (line 14131)
    2 _UID 674a4d9380c471efa39c001a7dda7115

Unknown info (line 14132)
    2 RIN MH:IF308

Unknown info (line 14136)
    2 _UID 674a4d939dc141efa39c001a7dda7115

Unknown info (line 14137)
    2 RIN MH:IF309

Unknown info (line 14141)
    2 _UID 674a4d93569d91efa39c001a7dda7115

Unknown info (line 14142)
    2 RIN MH:IF310

Unknown info (line 14186)
    2 _PHOTO_RIN MH:P14

Unknown info (line 14188)
    1 RIN MH:I134

Unknown info (line 14190)
    1 _UPD 29 NOV 2024 15:26:11 GMT-8

Unknown info (line 14196)
    1 RIN MH:I135

Unknown info (line 14198)
    1 _UPD 29 NOV 2024 15:26:11 GMT-8

Unknown info (line 14203)
    2 _MARNM of Macedonia

Unknown info (line 14206)
    2 _UID 674a4d935a1391efa39c001a7dda7115

Unknown info (line 14207)
    2 RIN MH:IF311

Unknown info (line 14211)
    2 _UID 674a4d93dc87e1efa39c001a7dda7115

Unknown info (line 14212)
    2 RIN MH:IF312

Unknown info (line 14215)
    2 _UID 674a4d93166aa1efa39c001a7dda7115

Unknown info (line 14216)
    2 RIN MH:IF313

Unknown info (line 14225)
    1 RIN MH:I136

Unknown info (line 14227)
    1 _UPD 29 NOV 2024 15:26:11 GMT-8

Unknown info (line 14234)
    2 _UID 674a4d9346a731efa39c001a7dda7115

Unknown info (line 14235)
    2 RIN MH:IF314

Unknown info (line 14238)
    2 _UID 674a4d93c03341efa39c001a7dda7115

Unknown info (line 14239)
    2 RIN MH:IF315

Unknown info (line 14242)
    2 _UID 674a4d93b6f9b1efa39c001a7dda7115

Unknown info (line 14243)
    2 RIN MH:IF316

Unknown info (line 14247)
    1 RIN MH:I137

Unknown info (line 14249)
    1 _UPD 29 NOV 2024 15:26:11 GMT-8

Unknown info (line 14259)
    2 _UID 674a4d933165f1efa39c001a7dda7115

Unknown info (line 14260)
    2 RIN MH:IF317

Unknown info (line 14263)
    2 _UID 674a4d93d1b871efa39c001a7dda7115

Unknown info (line 14264)
    2 RIN MH:IF318

Unknown info (line 14383)
    2 _PHOTO_RIN MH:P11

Unknown info (line 14385)
    1 RIN MH:I138

Unknown info (line 14387)
    1 _UPD 29 NOV 2024 15:26:11 GMT-8

Unknown info (line 14392)
    2 _UID 674a4d93ad98c1efa39c001a7dda7115

Unknown info (line 14393)
    2 RIN MH:IF319

Unknown info (line 14396)
    2 _UID 674a4d93b09df1efa39c001a7dda7115

Unknown info (line 14397)
    2 RIN MH:IF320

Unknown info (line 14401)
    1 RIN MH:I139

Unknown info (line 14403)
    1 _UPD 29 NOV 2024 15:26:11 GMT-8

Unknown info (line 14407)
    2 _MARNM Elimaea

Unknown info (line 14410)
    2 _UID 674a4d93fd5551efa39c001a7dda7115

Unknown info (line 14411)
    2 RIN MH:IF321

Unknown info (line 14415)
    2 _UID 674a4d9381f5b1efa39c001a7dda7115

Unknown info (line 14416)
    2 RIN MH:IF322

Unknown info (line 14419)
    2 _UID 674a4d934aa961efa39c001a7dda7115

Unknown info (line 14420)
    2 RIN MH:IF323

Unknown info (line 14427)
    1 RIN MH:I140

Unknown info (line 14429)
    1 _UPD 29 NOV 2024 15:26:11 GMT-8

Unknown info (line 14433)
    2 _MARNM of Macedonia

Unknown info (line 14436)
    2 _UID 674a4d93d13821efa39c001a7dda7115

Unknown info (line 14437)
    2 RIN MH:IF324

Unknown info (line 14440)
    2 _UID 674a4d9357ac51efa39c001a7dda7115

Unknown info (line 14441)
    2 RIN MH:IF325

Unknown info (line 14444)
    2 _UID 674a4d939cf081efa39c001a7dda7115

Unknown info (line 14445)
    2 RIN MH:IF326

Unknown info (line 14453)
    1 RIN MH:I141

Unknown info (line 14455)
    1 _UPD 29 NOV 2024 15:26:11 GMT-8

Unknown info (line 14460)
    2 _UID 674a4d93c0b311efa39c001a7dda7115

Unknown info (line 14461)
    2 RIN MH:IF327

Unknown info (line 14464)
    2 _UID 674a4d93befc01efa39c001a7dda7115

Unknown info (line 14465)
    2 RIN MH:IF328

Unknown info (line 14471)
    1 RIN MH:I142

Unknown info (line 14473)
    1 _UPD 29 NOV 2024 15:26:11 GMT-8

Unknown info (line 14483)
    2 _UID 674a4d93ddb621efa39c001a7dda7115

Unknown info (line 14484)
    2 RIN MH:IF329

Unknown info (line 14487)
    2 _UID 674a4d935b2251efa39c001a7dda7115

Unknown info (line 14488)
    2 RIN MH:IF330

Unknown info (line 14491)
    2 _UID 674a4d93445281efa39c001a7dda7115

Unknown info (line 14492)
    2 RIN MH:IF331

Unknown info (line 14546)
    1 RIN MH:I143

Unknown info (line 14548)
    1 _UPD 29 NOV 2024 15:26:11 GMT-8

Unknown info (line 14551)
    2 _MARNM of Lyncestis

Unknown info (line 14554)
    2 _UID 674a4d93920b61efa39c001a7dda7115

Unknown info (line 14555)
    2 RIN MH:IF332

Unknown info (line 14559)
    2 _UID 674a4d935957b1efa39c001a7dda7115

Unknown info (line 14560)
    2 RIN MH:IF333

Unknown info (line 14570)
    2 _PHOTO_RIN MH:P8

Unknown info (line 14572)
    1 RIN MH:I144

Unknown info (line 14574)
    1 _UPD 29 NOV 2024 15:26:11 GMT-8

Unknown info (line 14580)
    1 RIN MH:I145

Unknown info (line 14582)
    1 _UPD 29 NOV 2024 15:26:11 GMT-8

Unknown info (line 14589)
    2 _UID 674a4d93d34dc1efa39c001a7dda7115

Unknown info (line 14590)
    2 RIN MH:IF334

Unknown info (line 14593)
    2 _UID 674a4d93181111efa39c001a7dda7115

Unknown info (line 14594)
    2 RIN MH:IF335

Unknown info (line 14598)
    1 RIN MH:I146

Unknown info (line 14600)
    1 _UPD 29 NOV 2024 15:26:11 GMT-8

Unknown info (line 14604)
    2 _MARNM .

Unknown info (line 14607)
    2 _UID 674a4d93e22581efa39c001a7dda7115

Unknown info (line 14608)
    2 RIN MH:IF336

Unknown info (line 14611)
    2 _UID 674a4d93297951efa39c001a7dda7115

Unknown info (line 14612)
    2 RIN MH:IF337

Unknown info (line 14616)
    1 RIN MH:I147

Unknown info (line 14618)
    1 _UPD 29 NOV 2024 15:26:11 GMT-8

Unknown info (line 14627)
    2 _UID 674a4d9364b1f1efa39c001a7dda7115

Unknown info (line 14628)
    2 RIN MH:IF338

Unknown info (line 14632)
    2 _UID 674a4d9379b4c1efa39c001a7dda7115

Unknown info (line 14633)
    2 RIN MH:IF339

Unknown info (line 14658)
    1 RIN MH:I148

Unknown info (line 14660)
    1 _UPD 29 NOV 2024 15:26:11 GMT-8

Unknown info (line 14664)
    2 _MARNM of Lynkos

Unknown info (line 14667)
    2 _UID 674a4d93c52ad1efa39c001a7dda7115

Unknown info (line 14668)
    2 RIN MH:IF340

Unknown info (line 14672)
    1 RIN MH:I149

Unknown info (line 14674)
    1 _UPD 29 NOV 2024 15:26:11 GMT-8

Unknown info (line 14681)
    2 _UID 674a4d93a36321efa39c001a7dda7115

Unknown info (line 14682)
    2 RIN MH:IF341

Unknown info (line 14688)
    1 RIN MH:I150

Unknown info (line 14690)
    1 _UPD 29 NOV 2024 15:26:11 GMT-8

Unknown info (line 14699)
    2 _UID 674a4d93753ac1efa39c001a7dda7115

Unknown info (line 14700)
    2 RIN MH:IF342

Unknown info (line 14703)
    2 _UID 674a4d93be6611efa39c001a7dda7115

Unknown info (line 14704)
    2 RIN MH:IF343

Unknown info (line 14728)
    1 RIN MH:I151

Unknown info (line 14730)
    1 _UPD 29 NOV 2024 15:26:11 GMT-8

Unknown info (line 14736)
    2 _UID 674a4d935559e1efa39c001a7dda7115

Unknown info (line 14737)
    2 RIN MH:IF344

Unknown info (line 14740)
    1 RIN MH:I152

Unknown info (line 14742)
    1 _UPD 29 NOV 2024 15:26:11 GMT-8

Unknown info (line 14749)
    2 _UID 674a4d93830001efa39c001a7dda7115

Unknown info (line 14750)
    2 RIN MH:IF345

Unknown info (line 14756)
    1 RIN MH:I153

Unknown info (line 14758)
    1 _UPD 29 NOV 2024 15:26:11 GMT-8

Unknown info (line 14768)
    2 _UID 674a4d93cec8a1efa39c001a7dda7115

Unknown info (line 14769)
    2 RIN MH:IF346

Unknown info (line 14771)
    2 _UID 674a4d933f9e11efa39c001a7dda7115

Unknown info (line 14772)
    2 RIN MH:IF347

Unknown info (line 14797)
    1 RIN MH:I154

Unknown info (line 14799)
    1 _UPD 29 NOV 2024 15:26:11 GMT-8

Unknown info (line 14814)
    1 RIN MH:I155

Unknown info (line 14816)
    1 _UPD 29 NOV 2024 15:26:11 GMT-8

Unknown info (line 14823)
    2 _UID 674a4d9391a7e1efa39c001a7dda7115

Unknown info (line 14824)
    2 RIN MH:IF348

Unknown info (line 14827)
    2 _UID 674a4d935f6241efa39c001a7dda7115

Unknown info (line 14828)
    2 RIN MH:IF349

Unknown info (line 14836)
    1 RIN MH:I156

Unknown info (line 14838)
    1 _UPD 29 NOV 2024 15:26:11 GMT-8

Unknown info (line 14847)
    2 _UID 674a4d93fafd81efa39c001a7dda7115

Unknown info (line 14848)
    2 RIN MH:IF350

Unknown info (line 14881)
    1 RIN MH:I157

Unknown info (line 14883)
    1 _UPD 29 NOV 2024 15:26:11 GMT-8

Unknown info (line 14889)
    1 RIN MH:I158

Unknown info (line 14891)
    1 _UPD 29 NOV 2024 15:26:11 GMT-8

Unknown info (line 14895)
    2 _MARNM Julles II

Unknown info (line 14903)
    2 _UID 674a4d931e24e1efa39c001a7dda7115

Unknown info (line 14904)
    2 RIN MH:IF351

Unknown info (line 14906)
    2 _UID 674a4d93d57831efa39c001a7dda7115

Unknown info (line 14907)
    2 RIN MH:IF352

Unknown info (line 14912)
    1 RIN MH:I159

Unknown info (line 14914)
    1 _UPD 29 NOV 2024 15:26:11 GMT-8

Unknown info (line 14920)
    1 RIN MH:I160

Unknown info (line 14922)
    1 _UPD 29 NOV 2024 15:26:11 GMT-8

Unknown info (line 14931)
    2 _UID 674a4d93f91541efa39c001a7dda7115

Unknown info (line 14932)
    2 RIN MH:IF353

Unknown info (line 14935)
    2 _UID 674a4d93324991efa39c001a7dda7115

Unknown info (line 14936)
    2 RIN MH:IF354

Unknown info (line 14938)
    2 _UID 674a4d93b4dde1efa39c001a7dda7115

Unknown info (line 14939)
    2 RIN MH:IF355

Unknown info (line 15003)
    2 _PHOTO_RIN MH:P7

Unknown info (line 15005)
    1 RIN MH:I161

Unknown info (line 15007)
    1 _UPD 29 NOV 2024 15:26:11 GMT-8

Unknown info (line 15014)
    2 _UID 674a4d93b853e1efa39c001a7dda7115

Unknown info (line 15015)
    2 RIN MH:IF356

Unknown info (line 15018)
    2 _UID 674a4d93730f31efa39c001a7dda7115

Unknown info (line 15019)
    2 RIN MH:IF357

Unknown info (line 15023)
    1 RIN MH:I162

Unknown info (line 15025)
    1 _UPD 29 NOV 2024 15:26:11 GMT-8

Unknown info (line 15030)
    2 _UID 674a4d93a556d1efa39c001a7dda7115

Unknown info (line 15031)
    2 RIN MH:IF358

Unknown info (line 15034)
    2 _UID 674a4d9323c2a1efa39c001a7dda7115

Unknown info (line 15035)
    2 RIN MH:IF359

Unknown info (line 15039)
    1 RIN MH:I163

Unknown info (line 15041)
    1 _UPD 29 NOV 2024 15:26:11 GMT-8

Unknown info (line 15050)
    2 _UID 674a4d933a18b1efa39c001a7dda7115

Unknown info (line 15051)
    2 RIN MH:IF360

Unknown info (line 15053)
    2 _UID 674a4d938535f1efa39c001a7dda7115

Unknown info (line 15054)
    2 RIN MH:IF361

Unknown info (line 15069)
    1 RIN MH:I164

Unknown info (line 15071)
    1 _UPD 29 NOV 2024 15:26:11 GMT-8

Unknown info (line 15078)
    2 _UID 674a4d93d5f861efa39c001a7dda7115

Unknown info (line 15079)
    2 RIN MH:IF362

Unknown info (line 15082)
    2 _UID 674a4d9324aed1efa39c001a7dda7115

Unknown info (line 15083)
    2 RIN MH:IF363

Unknown info (line 15093)
    2 _PHOTO_RIN MH:P6

Unknown info (line 15095)
    1 RIN MH:I165

Unknown info (line 15097)
    1 _UPD 29 NOV 2024 15:26:11 GMT-8

Unknown info (line 15102)
    2 _UID 674a4d93122ab1efa39c001a7dda7115

Unknown info (line 15103)
    2 RIN MH:IF364

Unknown info (line 15106)
    2 _UID 674a4d936e8a51efa39c001a7dda7115

Unknown info (line 15107)
    2 RIN MH:IF365

Unknown info (line 15111)
    1 RIN MH:I166

Unknown info (line 15113)
    1 _UPD 29 NOV 2024 15:26:11 GMT-8

Unknown info (line 15122)
    2 _UID 674a4d932342f1efa39c001a7dda7115

Unknown info (line 15123)
    2 RIN MH:IF366

Unknown info (line 15126)
    2 _UID 674a4d93e81e21efa39c001a7dda7115

Unknown info (line 15127)
    2 RIN MH:IF367

Unknown info (line 15151)
    1 RIN MH:I167

Unknown info (line 15153)
    1 _UPD 29 NOV 2024 15:26:11 GMT-8

Unknown info (line 15158)
    2 _UID 674a4d93738f61efa39c001a7dda7115

Unknown info (line 15159)
    2 RIN MH:IF368

Unknown info (line 15162)
    2 _UID 674a4d9382d9d1efa39c001a7dda7115

Unknown info (line 15163)
    2 RIN MH:IF369

Unknown info (line 15167)
    1 RIN MH:I168

Unknown info (line 15169)
    1 _UPD 29 NOV 2024 15:26:11 GMT-8

Unknown info (line 15178)
    2 _UID 674a4d93a95881efa39c001a7dda7115

Unknown info (line 15179)
    2 RIN MH:IF370

Unknown info (line 15181)
    2 _UID 674a4d932fccf1efa39c001a7dda7115

Unknown info (line 15182)
    2 RIN MH:IF371

Unknown info (line 15217)
    2 _PHOTO_RIN MH:P5

Unknown info (line 15219)
    1 RIN MH:I169

Unknown info (line 15221)
    1 _UPD 29 NOV 2024 15:26:11 GMT-8

Unknown info (line 15224)
    2 _MARNM ???

Unknown info (line 15227)
    2 _UID 674a4d936071b1efa39c001a7dda7115

Unknown info (line 15228)
    2 RIN MH:IF372

Unknown info (line 15231)
    2 _UID 674a4d93e6e5c1efa39c001a7dda7115

Unknown info (line 15232)
    2 RIN MH:IF373

Unknown info (line 15236)
    1 RIN MH:I170

Unknown info (line 15238)
    1 _UPD 29 NOV 2024 15:26:11 GMT-8

Unknown info (line 15245)
    2 _UID 674a4d9330bc21efa39c001a7dda7115

Unknown info (line 15246)
    2 RIN MH:IF374

Unknown info (line 15249)
    2 _UID 674a4d93fbe0f1efa39c001a7dda7115

Unknown info (line 15250)
    2 RIN MH:IF375

Unknown info (line 15253)
    2 _UID 674a4d937d7481efa39c001a7dda7115

Unknown info (line 15254)
    2 RIN MH:IF376

Unknown info (line 15288)
    1 RIN MH:I171

Unknown info (line 15290)
    1 _UPD 29 NOV 2024 15:26:11 GMT-8

Unknown info (line 15295)
    2 _UID 674a4d938c2231efa39c001a7dda7115

Unknown info (line 15296)
    2 RIN MH:IF377

Unknown info (line 15299)
    2 _UID 674a4d93ea6bc1efa39c001a7dda7115

Unknown info (line 15300)
    2 RIN MH:IF379

Unknown info (line 15303)
    2 _UID 674a4d936cffb1efa39c001a7dda7115

Unknown info (line 15304)
    2 RIN MH:IF378

Unknown info (line 15307)
    2 _UID 674a4d93213711efa39c001a7dda7115

Unknown info (line 15308)
    2 RIN MH:IF380

Unknown info (line 15312)
    1 RIN MH:F1

Unknown info (line 15317)
    1 RIN MH:F2

Unknown info (line 15323)
    1 RIN MH:F3

Unknown info (line 15328)
    1 RIN MH:F4

Unknown info (line 15333)
    1 RIN MH:F5

Unknown info (line 15338)
    1 RIN MH:F6

Unknown info (line 15343)
    1 RIN MH:F7

Unknown info (line 15349)
    1 RIN MH:F8

Unknown info (line 15354)
    1 RIN MH:F9

Unknown info (line 15359)
    1 RIN MH:F10

Unknown info (line 15364)
    1 RIN MH:F11

Unknown info (line 15369)
    1 RIN MH:F12

Unknown info (line 15374)
    1 RIN MH:F13

Unknown info (line 15380)
    1 RIN MH:F14

Unknown info (line 15386)
    1 RIN MH:F15

Unknown info (line 15392)
    1 RIN MH:F16

Unknown info (line 15398)
    2 _UID 674a4d93401291efa39c001a7dda7115

Unknown info (line 15399)
    2 RIN MH:FF1

Unknown info (line 15402)
    1 RIN MH:F17

Unknown info (line 15408)
    1 RIN MH:F18

Unknown info (line 15414)
    2 _UID 674a4d932145a1efa39c001a7dda7115

Unknown info (line 15415)
    2 RIN MH:FF2

Unknown info (line 15418)
    1 RIN MH:F19

Unknown info (line 15424)
    1 RIN MH:F20

Unknown info (line 15429)
    1 RIN MH:F21

Unknown info (line 15435)
    2 _UID 674a4d93bad4e1efa39c001a7dda7115

Unknown info (line 15436)
    2 RIN MH:FF3

Unknown info (line 15439)
    1 RIN MH:F22

Unknown info (line 15444)
    1 RIN MH:F23

Unknown info (line 15450)
    2 _UID 674a4d934b8251efa39c001a7dda7115

Unknown info (line 15451)
    2 RIN MH:FF4

Unknown info (line 15453)
    1 RIN MH:F24

Unknown info (line 15458)
    1 RIN MH:F25

Unknown info (line 15464)
    1 RIN MH:F26

Unknown info (line 15471)
    1 RIN MH:F27

Unknown info (line 15477)
    1 RIN MH:F28

Unknown info (line 15483)
    1 RIN MH:F29

Unknown info (line 15489)
    1 RIN MH:F30

Unknown info (line 15496)
    1 RIN MH:F31

Unknown info (line 15502)
    1 RIN MH:F32

Unknown info (line 15508)
    1 RIN MH:F33

Unknown info (line 15514)
    1 RIN MH:F34

Unknown info (line 15521)
    2 _UID 674a4d939a3791efa39c001a7dda7115

Unknown info (line 15522)
    2 RIN MH:FF5

Unknown info (line 15525)
    1 RIN MH:F35

Unknown info (line 15530)
    1 RIN MH:F36

Unknown info (line 15536)
    1 RIN MH:F37

Unknown info (line 15542)
    1 RIN MH:F38

Unknown info (line 15549)
    1 RIN MH:F39

Unknown info (line 15555)
    1 RIN MH:F40

Unknown info (line 15560)
    1 RIN MH:F41

Unknown info (line 15566)
    1 RIN MH:F42

Unknown info (line 15571)
    1 RIN MH:F43

Unknown info (line 15576)
    1 RIN MH:F44

Unknown info (line 15581)
    1 RIN MH:F45

Unknown info (line 15587)
    1 RIN MH:F46

Unknown info (line 15594)
    1 RIN MH:F47

Unknown info (line 15600)
    1 RIN MH:F48

Unknown info (line 15605)
    1 RIN MH:F49

Unknown info (line 15610)
    1 RIN MH:F50

Unknown info (line 15616)
    1 RIN MH:F51

Unknown info (line 15621)
    1 RIN MH:F52

Unknown info (line 15626)
    1 RIN MH:F53

Unknown info (line 15633)
    1 RIN MH:F54

Unknown info (line 15639)
    1 RIN MH:F55

Unknown info (line 15644)
    1 RIN MH:F56

Unknown info (line 15650)
    1 RIN MH:F57

Unknown info (line 15655)
    1 RIN MH:F58

Unknown info (line 15660)
    1 RIN MH:F59

Unknown info (line 15665)
    1 RIN MH:F60

Unknown info (line 15672)
    1 RIN MH:F61

Unknown info (line 15678)
    2 _UID 674a4d93207461efa39c001a7dda7115

Unknown info (line 15679)
    2 RIN MH:FF6

Unknown info (line 15682)
    1 RIN MH:F62

Unknown info (line 15687)
    1 RIN MH:F63

Unknown info (line 15692)
    1 RIN MH:F64

Unknown info (line 15697)
    1 RIN MH:F65

Unknown info (line 15702)
    1 RIN MH:F66

Unknown info (line 15707)
    2 _UID 674a4d93f62d81efa39c001a7dda7115

Unknown info (line 15708)
    2 RIN MH:FF7

Unknown info (line 15711)
    1 RIN MH:F67

Unknown info (line 15717)
    1 RIN MH:F68

Unknown info (line 15723)
    1 RIN MH:F69

Unknown info (line 15728)
    1 RIN MH:F70

Unknown info (line 15733)
    1 RIN MH:F71

Unknown info (line 15738)
    1 RIN MH:F72

Unknown info (line 15743)
    1 RIN MH:F73

Unknown info (line 15748)
    1 RIN MH:F74

Unknown info (line 15753)
    1 RIN MH:F75

Unknown info (line 15759)
    1 RIN MH:F76

Unknown info (line 15764)
    1 RIN MH:F77

Unknown info (line 15769)
    1 RIN MH:F78

Unknown info (line 15775)
    1 RIN MH:F79

Unknown info (line 15780)
    1 RIN MH:F80

Unknown info (line 15785)
    1 RIN MH:F81

Unknown info (line 15789)
    1 RIN MH:F82

Unknown info (line 15794)
    1 RIN MH:F83

Unknown info (line 15799)
    1 RIN MH:F84

Unknown info (line 15804)
    1 RIN MH:F85

Unknown info (line 15809)
    1 RIN MH:F86

Unknown info (line 15815)
    1 RIN MH:F87

Unknown info (line 15820)
    1 RIN MH:F88

Unknown info (line 15825)
    1 RIN MH:F89

Unknown info (line 15830)
    1 RIN MH:F90

Unknown info (line 15835)
    1 RIN MH:F91

Unknown info (line 15840)
    1 RIN MH:F92

Unknown info (line 15845)
    1 RIN MH:F93

Unknown info (line 15850)
    1 RIN MH:F94

Unknown info (line 15856)
    1 RIN MH:F95

Unknown info (line 15861)
    1 RIN MH:F96

Unknown info (line 15866)
    1 RIN MH:F97

Unknown info (line 15872)
    1 RIN MH:F98

Unknown info (line 15878)
    1 RIN MH:F99

Unknown info (line 15883)
    1 RIN MH:F100

Unknown info (line 15890)
    1 RIN MH:F101

Unknown info (line 15895)
    1 RIN MH:F102

Unknown info (line 15900)
    1 RIN MH:F103

Unknown info (line 15906)
    1 RIN MH:F104

Unknown info (line 15911)
    1 RIN MH:F105

Unknown info (line 15916)
    1 RIN MH:F106

Unknown info (line 15921)
    1 RIN MH:F107

Unknown info (line 15926)
    1 RIN MH:F108

Unknown info (line 15931)
    1 RIN MH:F109

Unknown info (line 15937)
    1 RIN MH:F110

Unknown info (line 15942)
    1 RIN MH:F111

Unknown info (line 15948)
    1 RIN MH:F112

Unknown info (line 15953)
    1 RIN MH:F113

Unknown info (line 15959)
    1 RIN MH:F114

Unknown info (line 15964)
    1 RIN MH:F115

Unknown info (line 15970)
    1 RIN MH:F116

Unknown info (line 15975)
    1 RIN MH:F117

Unknown info (line 15981)
    1 RIN MH:F118

Unknown info (line 15986)
    1 RIN MH:F119

Unknown info (line 15992)
    1 RIN MH:F120

Unknown info (line 15997)
    1 RIN MH:F121

