GEDCOM Import Log - 
File: berbers.ged
    2 VERS 5.5.1
    2 FORM LINEAGE-LINKED
    Character set: UTF-8
    Source program: MYHERITAGE
    Program version: 8.0.0.8625
    Destination: MYHERITAGE
    Date of file: 12 NOV 2024
    2 TIME 10:34:54 
    2 _TIMEZONE GMT+1
Unknown info (line 21)
    0  _PUBLISH
    1 _USERNAME ericrichardbishop@@gmail.com
    1 _DISABLED Y

    1 RIN MH:U1
    1 RIN MH:U2
    1 RIN MH:U3
    1 ADDR
    2 CITY Waihi
    2 STAE Waikato
    2 CTRY New Zealand
    1 RIN MH:U4
    1 ADDR
    2 CITY Denver
    2 STAE Colorado
    2 POST 80202
    2 CTRY United States
    1 RIN MH:U5
    1 ADDR
    2 CITY Kongsberg
    2 STAE Buskerud
    2 CTRY Norway
    1 RIN MH:U6
    1 RIN MH:U7
    1 RIN MH:U8
    1 ADDR
    2 CITY Johannesburg
    2 CTRY South Africa
    1 RIN MH:U9
    1 RIN MH:U10
    1 ADDR 1 lieu dit Magrens
    2 ADR1 1 lieu dit Magrens
    2 CITY Lagrace-Dieu
    2 STAE Haute-Garonne
    2 POST 31190
    2 CTRY France
    1 RIN MH:U11
    1 RIN MH:U12
    1 ADDR
    2 CITY Grenoble
    2 STAE Rhône-Alpes
    2 CTRY France
    1 RIN MH:U13
    1 RIN MH:U14
    1 RIN MH:U15
    1 RIN MH:U16
    1 RIN MH:U17
    1 RIN MH:U18
    1 RIN MH:U19
    1 RIN MH:U20
    1 RIN MH:U21
    1 RIN MH:U22
    1 RIN MH:U23
    1 RIN MH:U24
    1 RIN MH:U25
    1 RIN MH:U26
    1 RIN MH:U27
    1 ADDR
    2 CITY 457 45  Hamburgsund
    2 CTRY Sweden
    1 RIN MH:U28
    1 RIN MH:U29
    1 RIN MH:U30
    1 ADDR
    2 CITY South Bend
    2 STAE IN
    2 POST 46619
    2 CTRY United States
    1 RIN MH:U31
    1 RIN MH:U32
    1 RIN MH:U33
    1 RIN MH:U34
    1 RIN MH:U35
    1 RIN MH:U36
    1 RIN MH:U37
    1 RIN MH:U38
    1 RIN MH:U39
    1 RIN MH:U40
    1 RIN MH:U41
    1 ADDR
    2 CITY Santiago
    2 STAE Región Metropolitana
    2 CTRY Chile
    1 RIN MH:U42
    1 RIN MH:U43
    1 RIN MH:U44
    1 RIN MH:U45
    1 RIN MH:U46
    1 RIN MH:U47
    1 RIN MH:U48
    1 RIN MH:U49
    1 RIN MH:U50
    1 RIN MH:U51
    1 RIN MH:U52
    1 RIN MH:U53
    1 RIN MH:U54
    1 RIN MH:U55
    1 RIN MH:U56
    1 RIN MH:U57
    1 RIN MH:U58
    1 RIN MH:U59
    1 RIN MH:U60
    1 ADDR
    2 CITY Fredericia
    2 STAE Syddanmark
    2 CTRY Danmark
    1 RIN MH:U61
    1 RIN MH:U62
    1 RIN MH:U63
    1 RIN MH:U64
    1 RIN MH:U65
    1 RIN MH:U66
    1 RIN MH:U67
    1 RIN MH:U68
    1 RIN MH:U69
    1 RIN MH:U70
    1 RIN MH:U71
    1 RIN MH:U72
    1 RIN MH:U73
    1 RIN MH:U74
    1 RIN MH:U75
    1 RIN MH:U76
    1 RIN MH:U77
    1 RIN MH:U78
    1 RIN MH:U79
    1 RIN MH:U80
    1 RIN MH:U81
    1 RIN MH:U82
    1 RIN MH:U83
    1 RIN MH:U84
    1 RIN MH:U85
    1 RIN MH:U86
    1 RIN MH:U87
    1 RIN MH:U88
    1 RIN MH:U89
    1 RIN MH:U90
    1 RIN MH:U91
    1 RIN MH:U92
    1 ADDR
    2 CITY Tal Menashe
    2 CTRY Israel
    1 RIN MH:U93
    1 RIN MH:U94
    1 RIN MH:U95
    1 RIN MH:U96
    1 RIN MH:U97
    1 RIN MH:U98
    1 RIN MH:U99
    1 RIN MH:U100
    1 RIN MH:U101
    1 RIN MH:U102
    1 RIN MH:U103
    1 RIN MH:U104
    1 RIN MH:U105
    1 RIN MH:U106
    1 RIN MH:U107
    1 ADDR
    2 CITY Vienna
    2 STAE Vienna
    2 CTRY Austria
    1 RIN MH:U108
    1 RIN MH:U109
    1 RIN MH:U110
    1 RIN MH:U111
    1 RIN MH:U112
    1 RIN MH:U113
    1 RIN MH:U114
    1 RIN MH:U115
    1 RIN MH:U116
    1 ADDR
    2 CITY Ottestad
    2 STAE Hedmark
    2 CTRY Norway
    1 RIN MH:U117
    1 RIN MH:U118
    1 ADDR
    2 CITY Palawan
    2 STAE MIMAROPA
    2 CTRY Philippines
    1 RIN MH:U119
    1 RIN MH:U120
    1 RIN MH:U121
    1 RIN MH:U122
    1 RIN MH:U123
    1 RIN MH:U124
    1 ADDR
    2 CITY St. Louis
    2 STAE Missouri
    2 POST 63103
    2 CTRY United States
    1 RIN MH:U125
    1 RIN MH:U126
    1 RIN MH:U127
    1 RIN MH:U128
    1 RIN MH:U129
    1 RIN MH:U130
    1 RIN MH:U131
    1 RIN MH:U132
    1 ADDR
    2 CITY Obbola
    2 STAE Västerbotten County
    2 CTRY Sweden
    1 RIN MH:U133
    1 RIN MH:U134
    1 ADDR
    2 CITY Tucson
    2 STAE Arizona
    2 CTRY United States
    1 RIN MH:U135
    1 RIN MH:U136
    1 RIN MH:U137
    1 RIN MH:U138
    1 RIN MH:U139
    1 RIN MH:U140
    1 RIN MH:U141
    1 RIN MH:U142
    1 RIN MH:U143
    1 RIN MH:U144
    1 RIN MH:U145
    1 RIN MH:U146
    1 RIN MH:U147
    1 RIN MH:U148
    1 RIN MH:U149
    1 ADDR
    2 CITY Traverse City
    2 STAE Michigan
    2 CTRY United States
    1 RIN MH:U150
    1 RIN MH:U151
    1 RIN MH:U152
    1 ADDR Gandijeva 49B/49
    2 ADR1 Gandijeva 49B/49
    2 CITY Belgrade
    1 RIN MH:U153
    1 RIN MH:U154
    1 RIN MH:U155
    1 RIN MH:U156
    1 RIN MH:U157
    1 RIN MH:U158
    1 RIN MH:U159
    1 RIN MH:U160
    1 RIN MH:U161
    1 RIN MH:U162
    1 RIN MH:U163
    1 RIN MH:U164
    1 RIN MH:U165
    1 RIN MH:U166
    1 RIN MH:U167
    1 RIN MH:U168
    1 RIN MH:U169
    1 RIN MH:U170
    1 RIN MH:U171
    1 RIN MH:U172
    1 RIN MH:U173
    1 RIN MH:U174
    1 RIN MH:U175
    1 RIN MH:U176
    1 RIN MH:U177
    1 ADDR
    2 CITY Tucson
    2 STAE Arizona
    2 POST 85716
    2 CTRY United States
    1 RIN MH:U178
    1 RIN MH:U179
    1 RIN MH:U180
    1 RIN MH:U181
    1 RIN MH:U182
    1 RIN MH:U183
    1 RIN MH:U184
    1 ADDR
    2 STAE Virginia
    2 CTRY United States
    1 RIN MH:U185
    1 RIN MH:U186
    1 RIN MH:U187
    1 ADDR
    2 CITY Rio de Janeiro
    2 STAE RJ
    2 CTRY Brasil
    1 RIN MH:U188
    1 RIN MH:U189
    1 RIN MH:U190
    1 RIN MH:U191
    1 RIN MH:U192
    1 RIN MH:U193
    1 RIN MH:U194
    1 RIN MH:U195
    1 RIN MH:U196
    1 RIN MH:U197
    1 RIN MH:U198
    1 RIN MH:U199
    1 RIN MH:U200
    1 RIN MH:U201
    1 RIN MH:U202
    1 RIN MH:U203
    1 RIN MH:U204
    1 RIN MH:U205
    1 RIN MH:U206
    1 ADDR
    2 CITY Grand Rapids
    2 STAE MI
    2 POST 49525
    2 CTRY United States
    1 RIN MH:U207
    1 RIN MH:U208
    1 RIN MH:U209
    1 RIN MH:U210
    1 RIN MH:U211
    1 RIN MH:U212
    1 RIN MH:U213
    1 RIN MH:U214
    1 RIN MH:U215
    1 RIN MH:U216
    1 RIN MH:U217
    1 RIN MH:U218
    1 RIN MH:U219
    1 RIN MH:U220
    1 RIN MH:U221
    1 RIN MH:U222
    1 ADDR
    2 STAE Bragança
    2 CTRY Portugal
    1 RIN MH:U223
    1 RIN MH:U224
    1 ADDR
    2 CITY Vienna
    2 STAE Vienna
    2 CTRY Austria
    1 RIN MH:U225
    1 ADDR
    2 CITY Cartersville
    2 STAE Georgia
    2 POST 30120
    2 CTRY United States
    1 RIN MH:U226
    1 RIN MH:U227
    1 RIN MH:U228
    1 ADDR
    2 CITY Paris
    2 STAE Île-de-France
    2 CTRY France
    1 RIN MH:U229
    1 ADDR
    2 CITY Ribeirão Preto
    2 STAE São Paulo
    2 CTRY Brazil
    1 RIN MH:U230
    1 RIN MH:U231
    1 RIN MH:U232
    1 RIN MH:U233
    1 RIN MH:U234
    1 RIN MH:U235
    1 ADDR
    2 CITY S.Tiago do Cacém
    2 STAE SW Alentejo
    2 CTRY Portugal
    1 RIN MH:U236
    1 RIN MH:U237
    1 RIN MH:U238
    1 RIN MH:U239
    1 RIN MH:U240
    1 RIN MH:U241
    1 RIN MH:U242
    1 RIN MH:U243
    1 RIN MH:U244
    1 RIN MH:U245
    1 RIN MH:U246
Unknown info (line 635)
    1 RIN MH:I1

Unknown info (line 637)
    1 _UPD 12 NOV 2024 09:43:09 GMT+1

Unknown info (line 642)
    2 _UID 6733151d2ac201efbc2b9822ef79916c

Unknown info (line 643)
    2 RIN MH:IF1

Unknown info (line 646)
    2 _UID 6733151dac5671efbc2b9822ef79916c

Unknown info (line 647)
    2 RIN MH:IF2

Unknown info (line 651)
    1 RIN MH:I2

Unknown info (line 653)
    1 _UPD 12 NOV 2024 09:43:09 GMT+1

Unknown info (line 658)
    2 _UID 6733151d7a0f91efbc2b9822ef79916c

Unknown info (line 659)
    2 RIN MH:IF3

Unknown info (line 663)
    1 RIN MH:I3

Unknown info (line 665)
    1 _UPD 12 NOV 2024 09:43:09 GMT+1

Unknown info (line 670)
    2 _UID 6733151d37c731efbc2b9822ef79916c

Unknown info (line 671)
    2 RIN MH:IF4

Unknown info (line 675)
    1 RIN MH:I4

Unknown info (line 677)
    1 _UPD 12 NOV 2024 09:43:09 GMT+1

Unknown info (line 682)
    2 _UID 6733151ddcd591efbc2b9822ef79916c

Unknown info (line 683)
    2 RIN MH:IF5

Unknown info (line 688)
    1 RIN MH:I5

Unknown info (line 690)
    1 _UPD 12 NOV 2024 09:43:09 GMT+1

Unknown info (line 695)
    2 _UID 6733151da0d871efbc2b9822ef79916c

Unknown info (line 696)
    2 RIN MH:IF6

Unknown info (line 705)
    1 RIN MH:I6

Unknown info (line 707)
    1 _UPD 12 NOV 2024 09:43:09 GMT+1

Unknown info (line 717)
    1 RIN MH:I7

Unknown info (line 719)
    1 _UPD 12 NOV 2024 09:43:09 GMT+1

Unknown info (line 726)
    2 _UID 6733151d47e9d1efbc2b9822ef79916c

Unknown info (line 727)
    2 RIN MH:IF7

Unknown info (line 736)
    1 RIN MH:I8

Unknown info (line 738)
    1 _UPD 12 NOV 2024 09:43:09 GMT+1

Unknown info (line 744)
    1 RIN MH:I9

Unknown info (line 746)
    1 _UPD 12 NOV 2024 09:43:09 GMT+1

Unknown info (line 753)
    2 _UID 6733151ddc7891efbc2b9822ef79916c

Unknown info (line 754)
    2 RIN MH:IF8

Unknown info (line 757)
    2 _UID 6733151d172441efbc2b9822ef79916c

Unknown info (line 758)
    2 RIN MH:IF9

Unknown info (line 761)
    2 _UID 6733151d91b031efbc2b9822ef79916c

Unknown info (line 762)
    2 RIN MH:IF10

Unknown info (line 774)
    2 _PHOTO_RIN MH:P2736

Unknown info (line 776)
    1 RIN MH:I10

Unknown info (line 778)
    1 _UPD 12 NOV 2024 09:43:09 GMT+1

Unknown info (line 787)
    1 RIN MH:I11

Unknown info (line 789)
    1 _UPD 12 NOV 2024 09:43:09 GMT+1

Unknown info (line 793)
    2 _MARNM of Numidia

Unknown info (line 796)
    2 _UID 6733151d1baa41efbc2b9822ef79916c

Unknown info (line 797)
    2 RIN MH:IF11

Unknown info (line 822)
    2 _PHOTO_RIN MH:P2734

Unknown info (line 824)
    1 RIN MH:I12

Unknown info (line 826)
    1 _UPD 12 NOV 2024 09:43:09 GMT+1

Unknown info (line 830)
    2 _MARNM of Numidia

Unknown info (line 835)
    1 RIN MH:I13

Unknown info (line 837)
    1 _UPD 12 NOV 2024 09:43:09 GMT+1

Unknown info (line 846)
    2 _PHOTO_RIN MH:P2733

Unknown info (line 848)
    1 RIN MH:I14

Unknown info (line 850)
    1 _UPD 12 NOV 2024 09:43:09 GMT+1

Unknown info (line 856)
    2 _UID 6733151d6b04f1efbc2b9822ef79916c

Unknown info (line 857)
    2 RIN MH:IF12

Unknown info (line 860)
    2 _UID 6733151d9a5241efbc2b9822ef79916c

Unknown info (line 861)
    2 RIN MH:IF13

Unknown info (line 867)
    2 _PHOTO_RIN MH:P2732

Unknown info (line 869)
    1 RIN MH:I15

Unknown info (line 871)
    1 _UPD 12 NOV 2024 09:43:09 GMT+1

Unknown info (line 880)
    1 RIN MH:I16

Unknown info (line 882)
    1 _UPD 12 NOV 2024 09:43:09 GMT+1

Unknown info (line 890)
    1 RIN MH:I17

Unknown info (line 892)
    1 _UPD 12 NOV 2024 09:43:09 GMT+1

Unknown info (line 898)
    1 RIN MH:I18

Unknown info (line 900)
    1 _UPD 12 NOV 2024 09:43:09 GMT+1

Unknown info (line 904)
    2 _MARNM of Numidia

Unknown info (line 908)
    1 RIN MH:I20

Unknown info (line 910)
    1 _UPD 12 NOV 2024 09:43:09 GMT+1

Unknown info (line 917)
    2 _UID 6733151d9dbe61efbc2b9822ef79916c

Unknown info (line 918)
    2 RIN MH:IF14

Unknown info (line 949)
    2 _PHOTO_RIN MH:P2731

Unknown info (line 951)
    1 RIN MH:I22

Unknown info (line 953)
    1 _UPD 12 NOV 2024 09:43:09 GMT+1

Unknown info (line 960)
    2 _UID 6733151df77991efbc2b9822ef79916c

Unknown info (line 961)
    2 RIN MH:IF15

Unknown info (line 964)
    2 _UID 6733151d17a411efbc2b9822ef79916c

Unknown info (line 965)
    2 RIN MH:IF16

Unknown info (line 968)
    2 _UID 6733151d913061efbc2b9822ef79916c

Unknown info (line 969)
    2 RIN MH:IF17

Unknown info (line 1021)
    2 _PHOTO_RIN MH:P2728

Unknown info (line 1023)
    1 RIN MH:I23

Unknown info (line 1025)
    1 _UPD 12 NOV 2024 10:15:40 GMT+1

Unknown info (line 1031)
    2 _UID 6733151d8d4cf1efbc2b9822ef79916c

Unknown info (line 1032)
    2 RIN MH:IF18

Unknown info (line 1035)
    2 _UID 6733151df98271efbc2b9822ef79916c

Unknown info (line 1036)
    2 RIN MH:IF19

Unknown info (line 1039)
    2 _UID 6733151d32dea1efbc2b9822ef79916c

Unknown info (line 1040)
    2 RIN MH:IF20

Unknown info (line 1212)
    2 _PHOTO_RIN MH:P2726

Unknown info (line 1214)
    1 RIN MH:I3805

Unknown info (line 1216)
    1 _UPD 12 NOV 2024 10:15:53 GMT+1

Unknown info (line 1221)
    2 _UID 67331cbce19ed1efbc2b9822ef79916c

Unknown info (line 1222)
    2 RIN MH:IF5694

Unknown info (line 1226)
    1 RIN MH:I3806

Unknown info (line 1228)
    1 _UPD 12 NOV 2024 10:16:15 GMT+1

Unknown info (line 1233)
    2 _UID 67331cc9e19ed1efbc2b9822ef79916c

Unknown info (line 1234)
    2 RIN MH:IF5695

Unknown info (line 1238)
    1 RIN MH:I3807

Unknown info (line 1240)
    1 _UPD 12 NOV 2024 10:16:15 GMT+1

Unknown info (line 1245)
    2 _UID 67331cdfe19ed1efbc2b9822ef79916c

Unknown info (line 1246)
    2 RIN MH:IF5696

Unknown info (line 1249)
    1 RIN MH:I3808

Unknown info (line 1251)
    1 _UPD 12 NOV 2024 10:21:53 GMT+1

Unknown info (line 1257)
    2 _UID 67331e312ac201efbc2b9822ef79916c

Unknown info (line 1258)
    2 RIN MH:IF5697

Unknown info (line 1261)
    2 _UID 67331e31ac5671efbc2b9822ef79916c

Unknown info (line 1262)
    2 RIN MH:IF5698

Unknown info (line 1266)
    1 RIN MH:I3809

Unknown info (line 1268)
    1 _UPD 12 NOV 2024 10:22:42 GMT+1

Unknown info (line 1274)
    2 _UID 67331e317a0f91efbc2b9822ef79916c

Unknown info (line 1275)
    2 RIN MH:IF5699

Unknown info (line 1278)
    2 _UID 67331e31b15341efbc2b9822ef79916c

Unknown info (line 1279)
    2 RIN MH:IF5700

Unknown info (line 1284)
    1 RIN MH:I3810

Unknown info (line 1286)
    1 _UPD 12 NOV 2024 10:21:53 GMT+1

Unknown info (line 1292)
    2 _UID 67331e31fc9be1efbc2b9822ef79916c

Unknown info (line 1293)
    2 RIN MH:IF5701

Unknown info (line 1296)
    2 _UID 67331e31dcd591efbc2b9822ef79916c

Unknown info (line 1297)
    2 RIN MH:IF5702

Unknown info (line 1302)
    1 RIN MH:I3811

Unknown info (line 1304)
    1 _UPD 12 NOV 2024 10:21:53 GMT+1

Unknown info (line 1310)
    2 _UID 67331e31264c01efbc2b9822ef79916c

Unknown info (line 1311)
    2 RIN MH:IF5703

Unknown info (line 1314)
    2 _UID 67331e31a0d871efbc2b9822ef79916c

Unknown info (line 1315)
    2 RIN MH:IF5704

Unknown info (line 1320)
    1 RIN MH:I3812

Unknown info (line 1322)
    1 _UPD 12 NOV 2024 10:21:53 GMT+1

Unknown info (line 1328)
    2 _UID 67331e31768191efbc2b9822ef79916c

Unknown info (line 1329)
    2 RIN MH:IF5705

Unknown info (line 1332)
    2 _UID 67331e31bddd41efbc2b9822ef79916c

Unknown info (line 1333)
    2 RIN MH:IF5706

Unknown info (line 1338)
    1 RIN MH:I3813

Unknown info (line 1340)
    1 _UPD 12 NOV 2024 10:21:53 GMT+1

Unknown info (line 1346)
    2 _UID 67331e3147e9d1efbc2b9822ef79916c

Unknown info (line 1347)
    2 RIN MH:IF5707

Unknown info (line 1350)
    2 _UID 67331e318cb501efbc2b9822ef79916c

Unknown info (line 1351)
    2 RIN MH:IF5708

Unknown info (line 1356)
    1 RIN MH:I3814

Unknown info (line 1358)
    1 _UPD 12 NOV 2024 10:21:53 GMT+1

Unknown info (line 1364)
    2 _UID 67331e31c17da1efbc2b9822ef79916c

Unknown info (line 1365)
    2 RIN MH:IF5709

Unknown info (line 1368)
    2 _UID 67331e31dc7891efbc2b9822ef79916c

Unknown info (line 1369)
    2 RIN MH:IF5710

Unknown info (line 1374)
    1 RIN MH:I3815

Unknown info (line 1376)
    1 _UPD 12 NOV 2024 10:21:53 GMT+1

Unknown info (line 1382)
    2 _UID 67331e3191b031efbc2b9822ef79916c

Unknown info (line 1383)
    2 RIN MH:IF5711

Unknown info (line 1386)
    2 _UID 67331e315aece1efbc2b9822ef79916c

Unknown info (line 1387)
    2 RIN MH:IF5712

Unknown info (line 1392)
    1 RIN MH:I3816

Unknown info (line 1394)
    1 _UPD 12 NOV 2024 10:21:53 GMT+1

Unknown info (line 1400)
    2 _UID 67331e3160e681efbc2b9822ef79916c

Unknown info (line 1401)
    2 RIN MH:IF5713

Unknown info (line 1404)
    2 _UID 67331e31803b01efbc2b9822ef79916c

Unknown info (line 1405)
    2 RIN MH:IF5714

Unknown info (line 1410)
    1 RIN MH:I3817

Unknown info (line 1412)
    1 _UPD 12 NOV 2024 10:21:53 GMT+1

Unknown info (line 1418)
    2 _UID 67331e31cdf3a1efbc2b9822ef79916c

Unknown info (line 1419)
    2 RIN MH:IF5715

Unknown info (line 1422)
    2 _UID 67331e31d0f691efbc2b9822ef79916c

Unknown info (line 1423)
    2 RIN MH:IF5716

Unknown info (line 1428)
    1 RIN MH:I3818

Unknown info (line 1430)
    1 _UPD 12 NOV 2024 10:21:53 GMT+1

Unknown info (line 1436)
    2 _UID 67331e319d3e31efbc2b9822ef79916c

Unknown info (line 1437)
    2 RIN MH:IF5717

Unknown info (line 1440)
    2 _UID 67331e317601c1efbc2b9822ef79916c

Unknown info (line 1441)
    2 RIN MH:IF5718

Unknown info (line 1446)
    1 RIN MH:I3819

Unknown info (line 1448)
    1 _UPD 12 NOV 2024 10:21:53 GMT+1

Unknown info (line 1454)
    2 _UID 67331e313bc961efbc2b9822ef79916c

Unknown info (line 1455)
    2 RIN MH:IF5719

Unknown info (line 1458)
    2 _UID 67331e31f095b1efbc2b9822ef79916c

Unknown info (line 1459)
    2 RIN MH:IF5720

Unknown info (line 1464)
    1 RIN MH:I3820

Unknown info (line 1466)
    1 _UPD 12 NOV 2024 10:21:53 GMT+1

Unknown info (line 1472)
    2 _UID 67331e3126cc51efbc2b9822ef79916c

Unknown info (line 1473)
    2 RIN MH:IF5721

Unknown info (line 1476)
    2 _UID 67331e31a05821efbc2b9822ef79916c

Unknown info (line 1477)
    2 RIN MH:IF5722

Unknown info (line 1482)
    1 RIN MH:I3821

Unknown info (line 1484)
    1 _UPD 12 NOV 2024 10:21:53 GMT+1

Unknown info (line 1490)
    2 _UID 67331e319a5241efbc2b9822ef79916c

Unknown info (line 1491)
    2 RIN MH:IF5723

Unknown info (line 1494)
    2 _UID 67331e31510e91efbc2b9822ef79916c

Unknown info (line 1495)
    2 RIN MH:IF5724

Unknown info (line 1500)
    1 RIN MH:I3822

Unknown info (line 1502)
    1 _UPD 12 NOV 2024 10:21:53 GMT+1

Unknown info (line 1508)
    2 _UID 67331e31374761efbc2b9822ef79916c

Unknown info (line 1509)
    2 RIN MH:IF5725

Unknown info (line 1512)
    2 _UID 67331e31fc1bb1efbc2b9822ef79916c

Unknown info (line 1513)
    2 RIN MH:IF5726

Unknown info (line 1518)
    1 RIN MH:I3823

Unknown info (line 1520)
    1 _UPD 12 NOV 2024 10:21:53 GMT+1

Unknown info (line 1526)
    2 _UID 67331e312a4251efbc2b9822ef79916c

Unknown info (line 1527)
    2 RIN MH:IF5727

Unknown info (line 1530)
    2 _UID 67331e31acd621efbc2b9822ef79916c

Unknown info (line 1531)
    2 RIN MH:IF5728

Unknown info (line 1536)
    1 RIN MH:I3824

Unknown info (line 1538)
    1 _UPD 12 NOV 2024 10:21:53 GMT+1

Unknown info (line 1544)
    2 _UID 67331e311b2a11efbc2b9822ef79916c

Unknown info (line 1545)
    2 RIN MH:IF5729

Unknown info (line 1548)
    2 _UID 67331e319dbe61efbc2b9822ef79916c

Unknown info (line 1549)
    2 RIN MH:IF5730

Unknown info (line 1554)
    1 RIN MH:I3825

Unknown info (line 1556)
    1 _UPD 12 NOV 2024 10:21:53 GMT+1

Unknown info (line 1562)
    2 _UID 67331e314be781efbc2b9822ef79916c

Unknown info (line 1563)
    2 RIN MH:IF5731

Unknown info (line 1566)
    2 _UID 67331e3180bb51efbc2b9822ef79916c

Unknown info (line 1567)
    2 RIN MH:IF5732

Unknown info (line 1572)
    1 RIN MH:I3826

Unknown info (line 1574)
    1 _UPD 12 NOV 2024 10:21:53 GMT+1

Unknown info (line 1580)
    2 _UID 67331e31cd73f1efbc2b9822ef79916c

Unknown info (line 1581)
    2 RIN MH:IF5733

Unknown info (line 1584)
    2 _UID 67331e313c2541efbc2b9822ef79916c

Unknown info (line 1585)
    2 RIN MH:IF5734

Unknown info (line 1590)
    1 RIN MH:I3827

Unknown info (line 1592)
    1 _UPD 12 NOV 2024 10:21:53 GMT+1

Unknown info (line 1598)
    2 _UID 67331e3117a411efbc2b9822ef79916c

Unknown info (line 1599)
    2 RIN MH:IF5735

Unknown info (line 1602)
    2 _UID 67331e31913061efbc2b9822ef79916c

Unknown info (line 1603)
    2 RIN MH:IF5736

Unknown info (line 1608)
    1 RIN MH:I3828

Unknown info (line 1610)
    1 _UPD 12 NOV 2024 10:21:53 GMT+1

Unknown info (line 1616)
    2 _UID 67331e31476981efbc2b9822ef79916c

Unknown info (line 1617)
    2 RIN MH:IF5737

Unknown info (line 1620)
    2 _UID 67331e318c3551efbc2b9822ef79916c

Unknown info (line 1621)
    2 RIN MH:IF5738

Unknown info (line 1626)
    1 RIN MH:I3829

Unknown info (line 1628)
    1 _UPD 12 NOV 2024 10:21:53 GMT+1

Unknown info (line 1634)
    2 _UID 67331e3115d1f1efbc2b9822ef79916c

Unknown info (line 1635)
    2 RIN MH:IF5739

Unknown info (line 1638)
    2 _UID 67331e31de8d21efbc2b9822ef79916c

Unknown info (line 1639)
    2 RIN MH:IF5740

Unknown info (line 1644)
    1 RIN MH:I3830

Unknown info (line 1646)
    1 _UPD 12 NOV 2024 10:21:53 GMT+1

Unknown info (line 1652)
    2 _UID 67331e31934581efbc2b9822ef79916c

Unknown info (line 1653)
    2 RIN MH:IF5741

Unknown info (line 1656)
    2 _UID 67331e318e40b1efbc2b9822ef79916c

Unknown info (line 1657)
    2 RIN MH:IF5742

Unknown info (line 1662)
    1 RIN MH:I3831

Unknown info (line 1664)
    1 _UPD 12 NOV 2024 10:21:53 GMT+1

Unknown info (line 1670)
    2 _UID 67331e31c38811efbc2b9822ef79916c

Unknown info (line 1671)
    2 RIN MH:IF5743

Unknown info (line 1674)
    2 _UID 67331e318d4cf1efbc2b9822ef79916c

Unknown info (line 1675)
    2 RIN MH:IF5744

Unknown info (line 1680)
    1 RIN MH:I3832

Unknown info (line 1682)
    1 _UPD 12 NOV 2024 10:21:53 GMT+1

Unknown info (line 1688)
    2 _UID 67331e3132dea1efbc2b9822ef79916c

Unknown info (line 1689)
    2 RIN MH:IF5745

Unknown info (line 1692)
    2 _UID 67331e31d20321efbc2b9822ef79916c

Unknown info (line 1693)
    2 RIN MH:IF5746

Unknown info (line 1698)
    1 RIN MH:I3833

Unknown info (line 1700)
    1 _UPD 12 NOV 2024 10:21:53 GMT+1

Unknown info (line 1706)
    2 _UID 67331e319fcb81efbc2b9822ef79916c

Unknown info (line 1707)
    2 RIN MH:IF5747

Unknown info (line 1710)
    2 _UID 67331e3182ceb1efbc2b9822ef79916c

Unknown info (line 1711)
    2 RIN MH:IF5748

Unknown info (line 1716)
    1 RIN MH:I3834

Unknown info (line 1718)
    1 _UPD 12 NOV 2024 10:21:53 GMT+1

Unknown info (line 1724)
    2 _UID 67331e31cf0611efbc2b9822ef79916c

Unknown info (line 1725)
    2 RIN MH:IF5749

Unknown info (line 1728)
    2 _UID 67331e31b3a6f1efbc2b9822ef79916c

Unknown info (line 1729)
    2 RIN MH:IF5750

Unknown info (line 1734)
    1 RIN MH:I3835

Unknown info (line 1736)
    1 _UPD 12 NOV 2024 10:21:53 GMT+1

Unknown info (line 1742)
    2 _UID 67331e31fe6e51efbc2b9822ef79916c

Unknown info (line 1743)
    2 RIN MH:IF5751

Unknown info (line 1746)
    2 _UID 67331e31353281efbc2b9822ef79916c

Unknown info (line 1747)
    2 RIN MH:IF5752

Unknown info (line 1752)
    1 RIN MH:I3836

Unknown info (line 1754)
    1 _UPD 12 NOV 2024 10:21:53 GMT+1

Unknown info (line 1760)
    2 _UID 67331e31e36b61efbc2b9822ef79916c

Unknown info (line 1761)
    2 RIN MH:IF5753

Unknown info (line 1764)
    2 _UID 67331e3165ff11efbc2b9822ef79916c

Unknown info (line 1765)
    2 RIN MH:IF5754

Unknown info (line 1770)
    1 RIN MH:I3837

Unknown info (line 1772)
    1 _UPD 12 NOV 2024 10:21:53 GMT+1

Unknown info (line 1778)
    2 _UID 67331e315ff571efbc2b9822ef79916c

Unknown info (line 1779)
    2 RIN MH:IF5755

Unknown info (line 1782)
    2 _UID 67331e3194a9a1efbc2b9822ef79916c

Unknown info (line 1783)
    2 RIN MH:IF5756

Unknown info (line 1788)
    1 RIN MH:I3838

Unknown info (line 1790)
    1 _UPD 12 NOV 2024 10:21:53 GMT+1

Unknown info (line 1796)
    2 _UID 67331e31f2e051efbc2b9822ef79916c

Unknown info (line 1797)
    2 RIN MH:IF5757

Unknown info (line 1800)
    2 _UID 67331e3139bc81efbc2b9822ef79916c

Unknown info (line 1801)
    2 RIN MH:IF5758

Unknown info (line 1806)
    1 RIN MH:I3839

Unknown info (line 1808)
    1 _UPD 12 NOV 2024 10:21:53 GMT+1

Unknown info (line 1814)
    2 _UID 67331e31efe561efbc2b9822ef79916c

Unknown info (line 1815)
    2 RIN MH:IF5759

Unknown info (line 1818)
    2 _UID 67331e31697111efbc2b9822ef79916c

Unknown info (line 1819)
    2 RIN MH:IF5760

Unknown info (line 1824)
    1 RIN MH:I3840

Unknown info (line 1826)
    1 _UPD 12 NOV 2024 10:21:53 GMT+1

Unknown info (line 1832)
    2 _UID 67331e31491231efbc2b9822ef79916c

Unknown info (line 1833)
    2 RIN MH:IF5761

Unknown info (line 1836)
    2 _UID 67331e31cf8641efbc2b9822ef79916c

Unknown info (line 1837)
    2 RIN MH:IF5762

Unknown info (line 1842)
    1 RIN MH:I3841

Unknown info (line 1844)
    1 _UPD 12 NOV 2024 10:21:53 GMT+1

Unknown info (line 1850)
    2 _UID 67331e3119dfa1efbc2b9822ef79916c

Unknown info (line 1851)
    2 RIN MH:IF5763

Unknown info (line 1854)
    2 _UID 67331e31d28371efbc2b9822ef79916c

Unknown info (line 1855)
    2 RIN MH:IF5764

Unknown info (line 1860)
    1 RIN MH:I3842

Unknown info (line 1862)
    1 _UPD 12 NOV 2024 10:21:53 GMT+1

Unknown info (line 1868)
    2 _UID 67331e319f4bd1efbc2b9822ef79916c

Unknown info (line 1869)
    2 RIN MH:IF5765

Unknown info (line 1872)
    2 _UID 67331e316e1d61efbc2b9822ef79916c

Unknown info (line 1873)
    2 RIN MH:IF5766

Unknown info (line 1878)
    1 RIN MH:I3843

Unknown info (line 1880)
    1 _UPD 12 NOV 2024 10:21:53 GMT+1

Unknown info (line 1886)
    2 _UID 67331e31459c31efbc2b9822ef79916c

Unknown info (line 1887)
    2 RIN MH:IF5767

Unknown info (line 1890)
    2 _UID 67331e31c30841efbc2b9822ef79916c

Unknown info (line 1891)
    2 RIN MH:IF5768

Unknown info (line 1896)
    1 RIN MH:I3844

Unknown info (line 1898)
    1 _UPD 12 NOV 2024 10:21:53 GMT+1

Unknown info (line 1904)
    2 _UID 67331e311551a1efbc2b9822ef79916c

Unknown info (line 1905)
    2 RIN MH:IF5769

Unknown info (line 1908)
    2 _UID 67331e31de0d71efbc2b9822ef79916c

Unknown info (line 1909)
    2 RIN MH:IF5770

Unknown info (line 1914)
    1 RIN MH:I3845

Unknown info (line 1916)
    1 _UPD 12 NOV 2024 10:21:53 GMT+1

Unknown info (line 1922)
    2 _UID 67331e312439e1efbc2b9822ef79916c

Unknown info (line 1923)
    2 RIN MH:IF5771

Unknown info (line 1926)
    2 _UID 67331e31ef6531efbc2b9822ef79916c

Unknown info (line 1927)
    2 RIN MH:IF5772

Unknown info (line 1932)
    1 RIN MH:I3846

Unknown info (line 1934)
    1 _UPD 12 NOV 2024 10:21:53 GMT+1

Unknown info (line 1940)
    2 _UID 67331e31a2ad91efbc2b9822ef79916c

Unknown info (line 1941)
    2 RIN MH:IF5773

Unknown info (line 1944)
    2 _UID 67331e31bfa8a1efbc2b9822ef79916c

Unknown info (line 1945)
    2 RIN MH:IF5774

Unknown info (line 1950)
    1 RIN MH:I3847

Unknown info (line 1952)
    1 _UPD 12 NOV 2024 10:21:53 GMT+1

Unknown info (line 1958)
    2 _UID 67331e31f26001efbc2b9822ef79916c

Unknown info (line 1959)
    2 RIN MH:IF5775

Unknown info (line 1962)
    2 _UID 67331e31393cd1efbc2b9822ef79916c

Unknown info (line 1963)
    2 RIN MH:IF5776

Unknown info (line 1968)
    1 RIN MH:I3850

Unknown info (line 1970)
    1 _UPD 12 NOV 2024 10:28:42 GMT+1

Unknown info (line 1976)
    2 _UID 67331f6cfc9be1efbc2b9822ef79916c

Unknown info (line 1977)
    2 RIN MH:IF5781

Unknown info (line 1980)
    2 _UID 67331f6cdcd591efbc2b9822ef79916c

Unknown info (line 1981)
    2 RIN MH:IF5782

Unknown info (line 1985)
    1 RIN MH:I3851

Unknown info (line 1987)
    1 _UPD 12 NOV 2024 10:29:03 GMT+1

Unknown info (line 1993)
    2 _UID 67331f6c264c01efbc2b9822ef79916c

Unknown info (line 1994)
    2 RIN MH:IF5783

Unknown info (line 1997)
    2 _UID 67331f6ca0d871efbc2b9822ef79916c

Unknown info (line 1998)
    2 RIN MH:IF5784

Unknown info (line 2003)
    1 RIN MH:I3852

Unknown info (line 2005)
    1 _UPD 12 NOV 2024 10:27:08 GMT+1

Unknown info (line 2011)
    2 _UID 67331f6c768191efbc2b9822ef79916c

Unknown info (line 2012)
    2 RIN MH:IF5785

Unknown info (line 2015)
    2 _UID 67331f6cbddd41efbc2b9822ef79916c

Unknown info (line 2016)
    2 RIN MH:IF5786

Unknown info (line 2021)
    1 RIN MH:I3853

Unknown info (line 2023)
    1 _UPD 12 NOV 2024 10:27:08 GMT+1

Unknown info (line 2029)
    2 _UID 67331f6c47e9d1efbc2b9822ef79916c

Unknown info (line 2030)
    2 RIN MH:IF5787

Unknown info (line 2033)
    2 _UID 67331f6c8cb501efbc2b9822ef79916c

Unknown info (line 2034)
    2 RIN MH:IF5788

Unknown info (line 2039)
    1 RIN MH:I3854

Unknown info (line 2041)
    1 _UPD 12 NOV 2024 10:27:08 GMT+1

Unknown info (line 2047)
    2 _UID 67331f6cc17da1efbc2b9822ef79916c

Unknown info (line 2048)
    2 RIN MH:IF5789

Unknown info (line 2051)
    2 _UID 67331f6cdc7891efbc2b9822ef79916c

Unknown info (line 2052)
    2 RIN MH:IF5790

Unknown info (line 2057)
    1 RIN MH:I3855

Unknown info (line 2059)
    1 _UPD 12 NOV 2024 10:27:08 GMT+1

Unknown info (line 2065)
    2 _UID 67331f6c91b031efbc2b9822ef79916c

Unknown info (line 2066)
    2 RIN MH:IF5791

Unknown info (line 2069)
    2 _UID 67331f6c5aece1efbc2b9822ef79916c

Unknown info (line 2070)
    2 RIN MH:IF5792

Unknown info (line 2075)
    1 RIN MH:I3856

Unknown info (line 2077)
    1 _UPD 12 NOV 2024 10:27:08 GMT+1

Unknown info (line 2083)
    2 _UID 67331f6c60e681efbc2b9822ef79916c

Unknown info (line 2084)
    2 RIN MH:IF5793

Unknown info (line 2087)
    2 _UID 67331f6c803b01efbc2b9822ef79916c

Unknown info (line 2088)
    2 RIN MH:IF5794

Unknown info (line 2093)
    1 RIN MH:I3857

Unknown info (line 2095)
    1 _UPD 12 NOV 2024 10:27:08 GMT+1

Unknown info (line 2101)
    2 _UID 67331f6ccdf3a1efbc2b9822ef79916c

Unknown info (line 2102)
    2 RIN MH:IF5795

Unknown info (line 2105)
    2 _UID 67331f6cd0f691efbc2b9822ef79916c

Unknown info (line 2106)
    2 RIN MH:IF5796

Unknown info (line 2111)
    1 RIN MH:I3858

Unknown info (line 2113)
    1 _UPD 12 NOV 2024 10:27:08 GMT+1

Unknown info (line 2119)
    2 _UID 67331f6c9d3e31efbc2b9822ef79916c

Unknown info (line 2120)
    2 RIN MH:IF5797

Unknown info (line 2123)
    2 _UID 67331f6c7601c1efbc2b9822ef79916c

Unknown info (line 2124)
    2 RIN MH:IF5798

Unknown info (line 2129)
    1 RIN MH:I3859

Unknown info (line 2131)
    1 _UPD 12 NOV 2024 10:27:08 GMT+1

Unknown info (line 2137)
    2 _UID 67331f6c3bc961efbc2b9822ef79916c

Unknown info (line 2138)
    2 RIN MH:IF5799

Unknown info (line 2141)
    2 _UID 67331f6cf095b1efbc2b9822ef79916c

Unknown info (line 2142)
    2 RIN MH:IF5800

Unknown info (line 2147)
    1 RIN MH:I3860

Unknown info (line 2149)
    1 _UPD 12 NOV 2024 10:27:08 GMT+1

Unknown info (line 2155)
    2 _UID 67331f6c26cc51efbc2b9822ef79916c

Unknown info (line 2156)
    2 RIN MH:IF5801

Unknown info (line 2159)
    2 _UID 67331f6ca05821efbc2b9822ef79916c

Unknown info (line 2160)
    2 RIN MH:IF5802

Unknown info (line 2165)
    1 RIN MH:I3861

Unknown info (line 2167)
    1 _UPD 12 NOV 2024 10:27:08 GMT+1

Unknown info (line 2173)
    2 _UID 67331f6c9a5241efbc2b9822ef79916c

Unknown info (line 2174)
    2 RIN MH:IF5803

Unknown info (line 2177)
    2 _UID 67331f6c510e91efbc2b9822ef79916c

Unknown info (line 2178)
    2 RIN MH:IF5804

Unknown info (line 2183)
    1 RIN MH:I3862

Unknown info (line 2185)
    1 _UPD 12 NOV 2024 10:27:08 GMT+1

Unknown info (line 2191)
    2 _UID 67331f6c374761efbc2b9822ef79916c

Unknown info (line 2192)
    2 RIN MH:IF5805

Unknown info (line 2195)
    2 _UID 67331f6cfc1bb1efbc2b9822ef79916c

Unknown info (line 2196)
    2 RIN MH:IF5806

Unknown info (line 2201)
    1 RIN MH:I3863

Unknown info (line 2203)
    1 _UPD 12 NOV 2024 10:27:08 GMT+1

Unknown info (line 2209)
    2 _UID 67331f6c2a4251efbc2b9822ef79916c

Unknown info (line 2210)
    2 RIN MH:IF5807

Unknown info (line 2213)
    2 _UID 67331f6cacd621efbc2b9822ef79916c

Unknown info (line 2214)
    2 RIN MH:IF5808

Unknown info (line 2219)
    1 RIN MH:I3864

Unknown info (line 2221)
    1 _UPD 12 NOV 2024 10:27:08 GMT+1

Unknown info (line 2227)
    2 _UID 67331f6c1b2a11efbc2b9822ef79916c

Unknown info (line 2228)
    2 RIN MH:IF5809

Unknown info (line 2231)
    2 _UID 67331f6c9dbe61efbc2b9822ef79916c

Unknown info (line 2232)
    2 RIN MH:IF5810

Unknown info (line 2237)
    1 RIN MH:I3865

Unknown info (line 2239)
    1 _UPD 12 NOV 2024 10:27:08 GMT+1

Unknown info (line 2245)
    2 _UID 67331f6c4be781efbc2b9822ef79916c

Unknown info (line 2246)
    2 RIN MH:IF5811

Unknown info (line 2249)
    2 _UID 67331f6c80bb51efbc2b9822ef79916c

Unknown info (line 2250)
    2 RIN MH:IF5812

Unknown info (line 2255)
    1 RIN MH:I3866

Unknown info (line 2257)
    1 _UPD 12 NOV 2024 10:27:08 GMT+1

Unknown info (line 2263)
    2 _UID 67331f6ccd73f1efbc2b9822ef79916c

Unknown info (line 2264)
    2 RIN MH:IF5813

Unknown info (line 2267)
    2 _UID 67331f6c3c2541efbc2b9822ef79916c

Unknown info (line 2268)
    2 RIN MH:IF5814

Unknown info (line 2273)
    1 RIN MH:I3867

Unknown info (line 2275)
    1 _UPD 12 NOV 2024 10:27:08 GMT+1

Unknown info (line 2281)
    2 _UID 67331f6c17a411efbc2b9822ef79916c

Unknown info (line 2282)
    2 RIN MH:IF5815

Unknown info (line 2285)
    2 _UID 67331f6c913061efbc2b9822ef79916c

Unknown info (line 2286)
    2 RIN MH:IF5816

Unknown info (line 2291)
    1 RIN MH:I3868

Unknown info (line 2293)
    1 _UPD 12 NOV 2024 10:27:08 GMT+1

Unknown info (line 2299)
    2 _UID 67331f6c476981efbc2b9822ef79916c

Unknown info (line 2300)
    2 RIN MH:IF5817

Unknown info (line 2303)
    2 _UID 67331f6c8c3551efbc2b9822ef79916c

Unknown info (line 2304)
    2 RIN MH:IF5818

Unknown info (line 2309)
    1 RIN MH:I3869

Unknown info (line 2311)
    1 _UPD 12 NOV 2024 10:27:08 GMT+1

Unknown info (line 2317)
    2 _UID 67331f6c15d1f1efbc2b9822ef79916c

Unknown info (line 2318)
    2 RIN MH:IF5819

Unknown info (line 2321)
    2 _UID 67331f6cde8d21efbc2b9822ef79916c

Unknown info (line 2322)
    2 RIN MH:IF5820

Unknown info (line 2327)
    1 RIN MH:I3870

Unknown info (line 2329)
    1 _UPD 12 NOV 2024 10:27:08 GMT+1

Unknown info (line 2335)
    2 _UID 67331f6c934581efbc2b9822ef79916c

Unknown info (line 2336)
    2 RIN MH:IF5821

Unknown info (line 2339)
    2 _UID 67331f6c8e40b1efbc2b9822ef79916c

Unknown info (line 2340)
    2 RIN MH:IF5822

Unknown info (line 2345)
    1 RIN MH:I3871

Unknown info (line 2347)
    1 _UPD 12 NOV 2024 10:27:08 GMT+1

Unknown info (line 2353)
    2 _UID 67331f6cc38811efbc2b9822ef79916c

Unknown info (line 2354)
    2 RIN MH:IF5823

Unknown info (line 2357)
    2 _UID 67331f6c8d4cf1efbc2b9822ef79916c

Unknown info (line 2358)
    2 RIN MH:IF5824

Unknown info (line 2363)
    1 RIN MH:I3872

Unknown info (line 2365)
    1 _UPD 12 NOV 2024 10:27:08 GMT+1

Unknown info (line 2371)
    2 _UID 67331f6c32dea1efbc2b9822ef79916c

Unknown info (line 2372)
    2 RIN MH:IF5825

Unknown info (line 2375)
    2 _UID 67331f6cd20321efbc2b9822ef79916c

Unknown info (line 2376)
    2 RIN MH:IF5826

Unknown info (line 2381)
    1 RIN MH:I3873

Unknown info (line 2383)
    1 _UPD 12 NOV 2024 10:27:08 GMT+1

Unknown info (line 2389)
    2 _UID 67331f6c9fcb81efbc2b9822ef79916c

Unknown info (line 2390)
    2 RIN MH:IF5827

Unknown info (line 2393)
    2 _UID 67331f6c82ceb1efbc2b9822ef79916c

Unknown info (line 2394)
    2 RIN MH:IF5828

Unknown info (line 2399)
    1 RIN MH:I3874

Unknown info (line 2401)
    1 _UPD 12 NOV 2024 10:27:08 GMT+1

Unknown info (line 2407)
    2 _UID 67331f6ccf0611efbc2b9822ef79916c

Unknown info (line 2408)
    2 RIN MH:IF5829

Unknown info (line 2411)
    2 _UID 67331f6cb3a6f1efbc2b9822ef79916c

Unknown info (line 2412)
    2 RIN MH:IF5830

Unknown info (line 2417)
    1 RIN MH:I3875

Unknown info (line 2419)
    1 _UPD 12 NOV 2024 10:27:08 GMT+1

Unknown info (line 2425)
    2 _UID 67331f6cfe6e51efbc2b9822ef79916c

Unknown info (line 2426)
    2 RIN MH:IF5831

Unknown info (line 2429)
    2 _UID 67331f6c353281efbc2b9822ef79916c

Unknown info (line 2430)
    2 RIN MH:IF5832

Unknown info (line 2435)
    1 RIN MH:I3876

Unknown info (line 2437)
    1 _UPD 12 NOV 2024 10:27:08 GMT+1

Unknown info (line 2443)
    2 _UID 67331f6ce36b61efbc2b9822ef79916c

Unknown info (line 2444)
    2 RIN MH:IF5833

Unknown info (line 2447)
    2 _UID 67331f6c65ff11efbc2b9822ef79916c

Unknown info (line 2448)
    2 RIN MH:IF5834

Unknown info (line 2453)
    1 RIN MH:I3877

Unknown info (line 2455)
    1 _UPD 12 NOV 2024 10:27:08 GMT+1

Unknown info (line 2461)
    2 _UID 67331f6c5ff571efbc2b9822ef79916c

Unknown info (line 2462)
    2 RIN MH:IF5835

Unknown info (line 2465)
    2 _UID 67331f6c94a9a1efbc2b9822ef79916c

Unknown info (line 2466)
    2 RIN MH:IF5836

Unknown info (line 2471)
    1 RIN MH:I3878

Unknown info (line 2473)
    1 _UPD 12 NOV 2024 10:27:08 GMT+1

Unknown info (line 2479)
    2 _UID 67331f6cf2e051efbc2b9822ef79916c

Unknown info (line 2480)
    2 RIN MH:IF5837

Unknown info (line 2483)
    2 _UID 67331f6c39bc81efbc2b9822ef79916c

Unknown info (line 2484)
    2 RIN MH:IF5838

Unknown info (line 2489)
    1 RIN MH:I3879

Unknown info (line 2491)
    1 _UPD 12 NOV 2024 10:27:08 GMT+1

Unknown info (line 2497)
    2 _UID 67331f6cefe561efbc2b9822ef79916c

Unknown info (line 2498)
    2 RIN MH:IF5839

Unknown info (line 2501)
    2 _UID 67331f6c697111efbc2b9822ef79916c

Unknown info (line 2502)
    2 RIN MH:IF5840

Unknown info (line 2507)
    1 RIN MH:I3880

Unknown info (line 2509)
    1 _UPD 12 NOV 2024 10:27:08 GMT+1

Unknown info (line 2515)
    2 _UID 67331f6c491231efbc2b9822ef79916c

Unknown info (line 2516)
    2 RIN MH:IF5841

Unknown info (line 2519)
    2 _UID 67331f6ccf8641efbc2b9822ef79916c

Unknown info (line 2520)
    2 RIN MH:IF5842

Unknown info (line 2525)
    1 RIN MH:I3881

Unknown info (line 2527)
    1 _UPD 12 NOV 2024 10:27:08 GMT+1

Unknown info (line 2533)
    2 _UID 67331f6c19dfa1efbc2b9822ef79916c

Unknown info (line 2534)
    2 RIN MH:IF5843

Unknown info (line 2537)
    2 _UID 67331f6cd28371efbc2b9822ef79916c

Unknown info (line 2538)
    2 RIN MH:IF5844

Unknown info (line 2543)
    1 RIN MH:I3882

Unknown info (line 2545)
    1 _UPD 12 NOV 2024 10:27:08 GMT+1

Unknown info (line 2551)
    2 _UID 67331f6c9f4bd1efbc2b9822ef79916c

Unknown info (line 2552)
    2 RIN MH:IF5845

Unknown info (line 2555)
    2 _UID 67331f6c6e1d61efbc2b9822ef79916c

Unknown info (line 2556)
    2 RIN MH:IF5846

Unknown info (line 2561)
    1 RIN MH:I3883

Unknown info (line 2563)
    1 _UPD 12 NOV 2024 10:27:08 GMT+1

Unknown info (line 2569)
    2 _UID 67331f6c459c31efbc2b9822ef79916c

Unknown info (line 2570)
    2 RIN MH:IF5847

Unknown info (line 2573)
    2 _UID 67331f6cc30841efbc2b9822ef79916c

Unknown info (line 2574)
    2 RIN MH:IF5848

Unknown info (line 2579)
    1 RIN MH:I3884

Unknown info (line 2581)
    1 _UPD 12 NOV 2024 10:27:08 GMT+1

Unknown info (line 2587)
    2 _UID 67331f6c1551a1efbc2b9822ef79916c

Unknown info (line 2588)
    2 RIN MH:IF5849

Unknown info (line 2590)
    2 _UID 67331f6cde0d71efbc2b9822ef79916c

Unknown info (line 2591)
    2 RIN MH:IF5850

Unknown info (line 2596)
    1 RIN MH:I3885

Unknown info (line 2598)
    1 _UPD 12 NOV 2024 10:27:08 GMT+1

Unknown info (line 2604)
    2 _UID 67331f6c2439e1efbc2b9822ef79916c

Unknown info (line 2605)
    2 RIN MH:IF5851

Unknown info (line 2607)
    2 _UID 67331f6cef6531efbc2b9822ef79916c

Unknown info (line 2608)
    2 RIN MH:IF5852

Unknown info (line 2613)
    1 RIN MH:I3886

Unknown info (line 2615)
    1 _UPD 12 NOV 2024 10:27:08 GMT+1

Unknown info (line 2621)
    2 _UID 67331f6ca2ad91efbc2b9822ef79916c

Unknown info (line 2622)
    2 RIN MH:IF5853

Unknown info (line 2624)
    2 _UID 67331f6cbfa8a1efbc2b9822ef79916c

Unknown info (line 2625)
    2 RIN MH:IF5854

Unknown info (line 2629)
    1 RIN MH:I3887

Unknown info (line 2631)
    1 _UPD 12 NOV 2024 10:27:08 GMT+1

Unknown info (line 2637)
    2 _UID 67331f6cf26001efbc2b9822ef79916c

Unknown info (line 2638)
    2 RIN MH:IF5855

Unknown info (line 2640)
    2 _UID 67331f6c393cd1efbc2b9822ef79916c

Unknown info (line 2641)
    2 RIN MH:IF5856

Unknown info (line 2645)
    1 RIN MH:I3888

Unknown info (line 2647)
    1 _UPD 12 NOV 2024 10:27:08 GMT+1

Unknown info (line 2653)
    2 _UID 67331f6c336b41efbc2b9822ef79916c

Unknown info (line 2654)
    2 RIN MH:IF5857

Unknown info (line 2656)
    2 _UID 67331f6ce3eb31efbc2b9822ef79916c

Unknown info (line 2657)
    2 RIN MH:IF5858

Unknown info (line 2661)
    1 RIN MH:I3889

Unknown info (line 2663)
    1 _UPD 12 NOV 2024 10:27:08 GMT+1

Unknown info (line 2669)
    2 _UID 67331f6cae2391efbc2b9822ef79916c

Unknown info (line 2670)
    2 RIN MH:IF5859

Unknown info (line 2672)
    2 _UID 67331f6cb326a1efbc2b9822ef79916c

Unknown info (line 2673)
    2 RIN MH:IF5860

Unknown info (line 2677)
    1 RIN MH:I3890

Unknown info (line 2679)
    1 _UPD 12 NOV 2024 10:27:08 GMT+1

Unknown info (line 2685)
    2 _UID 67331f6cfeee01efbc2b9822ef79916c

Unknown info (line 2686)
    2 RIN MH:IF5861

Unknown info (line 2688)
    2 _UID 67331f6cd27191efbc2b9822ef79916c

Unknown info (line 2689)
    2 RIN MH:IF5862

Unknown info (line 2693)
    1 RIN MH:I3891

Unknown info (line 2695)
    1 _UPD 12 NOV 2024 10:34:01 GMT+1

Unknown info (line 2701)
    2 _UID 673320be2ac201efbc2b9822ef79916c

Unknown info (line 2702)
    2 RIN MH:IF5863

Unknown info (line 2704)
    2 _UID 673320beac5671efbc2b9822ef79916c

Unknown info (line 2705)
    2 RIN MH:IF5864

Unknown info (line 2709)
    1 RIN MH:I3892

Unknown info (line 2711)
    1 _UPD 12 NOV 2024 10:32:46 GMT+1

Unknown info (line 2717)
    2 _UID 673320be7a0f91efbc2b9822ef79916c

Unknown info (line 2718)
    2 RIN MH:IF5865

Unknown info (line 2720)
    2 _UID 673320beb15341efbc2b9822ef79916c

Unknown info (line 2721)
    2 RIN MH:IF5866

Unknown info (line 2725)
    1 RIN MH:I3893

Unknown info (line 2727)
    1 _UPD 12 NOV 2024 10:32:46 GMT+1

Unknown info (line 2733)
    2 _UID 673320befc9be1efbc2b9822ef79916c

Unknown info (line 2734)
    2 RIN MH:IF5867

Unknown info (line 2736)
    2 _UID 673320bedcd591efbc2b9822ef79916c

Unknown info (line 2737)
    2 RIN MH:IF5868

Unknown info (line 2741)
    1 RIN MH:I3894

Unknown info (line 2743)
    1 _UPD 12 NOV 2024 10:32:46 GMT+1

Unknown info (line 2749)
    2 _UID 673320be264c01efbc2b9822ef79916c

Unknown info (line 2750)
    2 RIN MH:IF5869

Unknown info (line 2752)
    2 _UID 673320bea0d871efbc2b9822ef79916c

Unknown info (line 2753)
    2 RIN MH:IF5870

Unknown info (line 2757)
    1 RIN MH:I3895

Unknown info (line 2759)
    1 _UPD 12 NOV 2024 10:32:46 GMT+1

Unknown info (line 2765)
    2 _UID 673320be768191efbc2b9822ef79916c

Unknown info (line 2766)
    2 RIN MH:IF5871

Unknown info (line 2768)
    2 _UID 673320bebddd41efbc2b9822ef79916c

Unknown info (line 2769)
    2 RIN MH:IF5872

Unknown info (line 2773)
    1 RIN MH:I3896

Unknown info (line 2775)
    1 _UPD 12 NOV 2024 10:32:46 GMT+1

Unknown info (line 2781)
    2 _UID 673320be47e9d1efbc2b9822ef79916c

Unknown info (line 2782)
    2 RIN MH:IF5873

Unknown info (line 2784)
    2 _UID 673320be8cb501efbc2b9822ef79916c

Unknown info (line 2785)
    2 RIN MH:IF5874

Unknown info (line 2789)
    1 RIN MH:I3897

Unknown info (line 2791)
    1 _UPD 12 NOV 2024 10:32:46 GMT+1

Unknown info (line 2797)
    2 _UID 673320bec17da1efbc2b9822ef79916c

Unknown info (line 2798)
    2 RIN MH:IF5875

Unknown info (line 2800)
    2 _UID 673320bedc7891efbc2b9822ef79916c

Unknown info (line 2801)
    2 RIN MH:IF5876

Unknown info (line 2805)
    1 RIN MH:I3898

Unknown info (line 2807)
    1 _UPD 12 NOV 2024 10:32:46 GMT+1

Unknown info (line 2813)
    2 _UID 673320be91b031efbc2b9822ef79916c

Unknown info (line 2814)
    2 RIN MH:IF5877

Unknown info (line 2816)
    2 _UID 673320be5aece1efbc2b9822ef79916c

Unknown info (line 2817)
    2 RIN MH:IF5878

Unknown info (line 2821)
    1 RIN MH:I3899

Unknown info (line 2823)
    1 _UPD 12 NOV 2024 10:32:46 GMT+1

Unknown info (line 2829)
    2 _UID 673320be60e681efbc2b9822ef79916c

Unknown info (line 2830)
    2 RIN MH:IF5879

Unknown info (line 2832)
    2 _UID 673320be803b01efbc2b9822ef79916c

Unknown info (line 2833)
    2 RIN MH:IF5880

Unknown info (line 2837)
    1 RIN MH:I3900

Unknown info (line 2839)
    1 _UPD 12 NOV 2024 10:32:46 GMT+1

Unknown info (line 2845)
    2 _UID 673320becdf3a1efbc2b9822ef79916c

Unknown info (line 2846)
    2 RIN MH:IF5881

Unknown info (line 2848)
    2 _UID 673320bed0f691efbc2b9822ef79916c

Unknown info (line 2849)
    2 RIN MH:IF5882

Unknown info (line 2853)
    1 RIN MH:I3901

Unknown info (line 2855)
    1 _UPD 12 NOV 2024 10:32:46 GMT+1

Unknown info (line 2861)
    2 _UID 673320be9d3e31efbc2b9822ef79916c

Unknown info (line 2862)
    2 RIN MH:IF5883

Unknown info (line 2864)
    2 _UID 673320be7601c1efbc2b9822ef79916c

Unknown info (line 2865)
    2 RIN MH:IF5884

Unknown info (line 2869)
    1 RIN MH:I3902

Unknown info (line 2871)
    1 _UPD 12 NOV 2024 10:32:46 GMT+1

Unknown info (line 2877)
    2 _UID 673320be3bc961efbc2b9822ef79916c

Unknown info (line 2878)
    2 RIN MH:IF5885

Unknown info (line 2880)
    2 _UID 673320bef095b1efbc2b9822ef79916c

Unknown info (line 2881)
    2 RIN MH:IF5886

Unknown info (line 2885)
    1 RIN MH:I3903

Unknown info (line 2887)
    1 _UPD 12 NOV 2024 10:32:46 GMT+1

Unknown info (line 2893)
    2 _UID 673320be26cc51efbc2b9822ef79916c

Unknown info (line 2894)
    2 RIN MH:IF5887

Unknown info (line 2896)
    2 _UID 673320bea05821efbc2b9822ef79916c

Unknown info (line 2897)
    2 RIN MH:IF5888

Unknown info (line 2901)
    1 RIN MH:I3904

Unknown info (line 2903)
    1 _UPD 12 NOV 2024 10:32:46 GMT+1

Unknown info (line 2909)
    2 _UID 673320be9a5241efbc2b9822ef79916c

Unknown info (line 2910)
    2 RIN MH:IF5889

Unknown info (line 2912)
    2 _UID 673320be510e91efbc2b9822ef79916c

Unknown info (line 2913)
    2 RIN MH:IF5890

Unknown info (line 2917)
    1 RIN MH:I3905

Unknown info (line 2919)
    1 _UPD 12 NOV 2024 10:32:47 GMT+1

Unknown info (line 2925)
    2 _UID 673320be374761efbc2b9822ef79916c

Unknown info (line 2926)
    2 RIN MH:IF5891

Unknown info (line 2928)
    2 _UID 673320bfe19ed1efbc2b9822ef79916c

Unknown info (line 2929)
    2 RIN MH:IF5892

Unknown info (line 2933)
    1 RIN MH:I3906

Unknown info (line 2935)
    1 _UPD 12 NOV 2024 10:32:47 GMT+1

Unknown info (line 2941)
    2 _UID 673320bfac5671efbc2b9822ef79916c

Unknown info (line 2942)
    2 RIN MH:IF5893

Unknown info (line 2944)
    2 _UID 673320bf670aa1efbc2b9822ef79916c

Unknown info (line 2945)
    2 RIN MH:IF5894

Unknown info (line 2949)
    1 RIN MH:I3907

Unknown info (line 2951)
    1 _UPD 12 NOV 2024 10:32:47 GMT+1

Unknown info (line 2957)
    2 _UID 673320bfb15341efbc2b9822ef79916c

Unknown info (line 2958)
    2 RIN MH:IF5895

Unknown info (line 2960)
    2 _UID 673320bf37c731efbc2b9822ef79916c

Unknown info (line 2961)
    2 RIN MH:IF5896

Unknown info (line 2965)
    1 RIN MH:I3908

Unknown info (line 2967)
    1 _UPD 12 NOV 2024 10:32:47 GMT+1

Unknown info (line 2973)
    2 _UID 673320bfdcd591efbc2b9822ef79916c

Unknown info (line 2974)
    2 RIN MH:IF5897

Unknown info (line 2976)
    2 _UID 673320bfc69181efbc2b9822ef79916c

Unknown info (line 2977)
    2 RIN MH:IF5898

Unknown info (line 2981)
    1 RIN MH:I3909

Unknown info (line 2983)
    1 _UPD 12 NOV 2024 10:32:47 GMT+1

Unknown info (line 2989)
    2 _UID 673320bfa0d871efbc2b9822ef79916c

Unknown info (line 2990)
    2 RIN MH:IF5899

Unknown info (line 2992)
    2 _UID 673320bf6b84a1efbc2b9822ef79916c

Unknown info (line 2993)
    2 RIN MH:IF5900

Unknown info (line 2997)
    1 RIN MH:I3910

Unknown info (line 2999)
    1 _UPD 12 NOV 2024 10:32:47 GMT+1

Unknown info (line 3005)
    2 _UID 673320bfbddd41efbc2b9822ef79916c

Unknown info (line 3006)
    2 RIN MH:IF5901

Unknown info (line 3008)
    2 _UID 673320bf3b4931efbc2b9822ef79916c

Unknown info (line 3009)
    2 RIN MH:IF5902

Unknown info (line 3013)
    1 RIN MH:I3911

Unknown info (line 3015)
    1 _UPD 12 NOV 2024 10:32:47 GMT+1

Unknown info (line 3021)
    2 _UID 673320bf8cb501efbc2b9822ef79916c

Unknown info (line 3022)
    2 RIN MH:IF5903

Unknown info (line 3024)
    2 _UID 673320bfa21711efbc2b9822ef79916c

Unknown info (line 3025)
    2 RIN MH:IF5904

Unknown info (line 3029)
    1 RIN MH:I3912

Unknown info (line 3031)
    1 _UPD 12 NOV 2024 10:32:47 GMT+1

Unknown info (line 3037)
    2 _UID 673320bfdc7891efbc2b9822ef79916c

Unknown info (line 3038)
    2 RIN MH:IF5905

Unknown info (line 3040)
    2 _UID 673320bf172441efbc2b9822ef79916c

Unknown info (line 3041)
    2 RIN MH:IF5906

Unknown info (line 3045)
    1 RIN MH:I3913

Unknown info (line 3047)
    1 _UPD 12 NOV 2024 10:32:47 GMT+1

Unknown info (line 3053)
    2 _UID 673320bf5aece1efbc2b9822ef79916c

Unknown info (line 3054)
    2 RIN MH:IF5907

Unknown info (line 3056)
    2 _UID 673320bfabba51efbc2b9822ef79916c

Unknown info (line 3057)
    2 RIN MH:IF5908

Unknown info (line 3061)
    1 RIN MH:I3914

Unknown info (line 3063)
    1 _UPD 12 NOV 2024 10:32:47 GMT+1

Unknown info (line 3069)
    2 _UID 673320bf803b01efbc2b9822ef79916c

Unknown info (line 3070)
    2 RIN MH:IF5909

Unknown info (line 3072)
    2 _UID 673320bf6af791efbc2b9822ef79916c

Unknown info (line 3073)
    2 RIN MH:IF5910

Unknown info (line 3077)
    1 RIN MH:I3915

Unknown info (line 3079)
    1 _UPD 12 NOV 2024 10:32:47 GMT+1

Unknown info (line 3085)
    2 _UID 673320bfd0f691efbc2b9822ef79916c

Unknown info (line 3086)
    2 RIN MH:IF5911

Unknown info (line 3088)
    2 _UID 673320bf1baa41efbc2b9822ef79916c

Unknown info (line 3089)
    2 RIN MH:IF5912

Unknown info (line 3093)
    1 RIN MH:I3916

Unknown info (line 3095)
    1 _UPD 12 NOV 2024 10:32:47 GMT+1

Unknown info (line 3101)
    2 _UID 673320bf7601c1efbc2b9822ef79916c

Unknown info (line 3102)
    2 RIN MH:IF5913

Unknown info (line 3104)
    2 _UID 673320bfbd5d11efbc2b9822ef79916c

Unknown info (line 3105)
    2 RIN MH:IF5914

Unknown info (line 3109)
    1 RIN MH:I3917

Unknown info (line 3111)
    1 _UPD 12 NOV 2024 10:32:47 GMT+1

Unknown info (line 3117)
    2 _UID 673320bff095b1efbc2b9822ef79916c

Unknown info (line 3118)
    2 RIN MH:IF5915

Unknown info (line 3120)
    2 _UID 673320bfed9081efbc2b9822ef79916c

Unknown info (line 3121)
    2 RIN MH:IF5916

Unknown info (line 3125)
    1 RIN MH:I3918

Unknown info (line 3127)
    1 _UPD 12 NOV 2024 10:32:47 GMT+1

Unknown info (line 3133)
    2 _UID 673320bfa05821efbc2b9822ef79916c

Unknown info (line 3134)
    2 RIN MH:IF5917

Unknown info (line 3136)
    2 _UID 673320bf6b04f1efbc2b9822ef79916c

Unknown info (line 3137)
    2 RIN MH:IF5918

Unknown info (line 3141)
    1 RIN MH:I3919

Unknown info (line 3143)
    1 _UPD 12 NOV 2024 10:32:47 GMT+1

Unknown info (line 3149)
    2 _UID 673320bf510e91efbc2b9822ef79916c

Unknown info (line 3150)
    2 RIN MH:IF5919

Unknown info (line 3152)
    2 _UID 673320bfb1d311efbc2b9822ef79916c

Unknown info (line 3153)
    2 RIN MH:IF5920

Unknown info (line 3157)
    1 RIN MH:I3920

Unknown info (line 3159)
    1 _UPD 12 NOV 2024 10:32:47 GMT+1

Unknown info (line 3165)
    2 _UID 673320bffc1bb1efbc2b9822ef79916c

Unknown info (line 3166)
    2 RIN MH:IF5921

Unknown info (line 3168)
    2 _UID 673320bfe11e81efbc2b9822ef79916c

Unknown info (line 3169)
    2 RIN MH:IF5922

Unknown info (line 3173)
    1 RIN MH:I3921

Unknown info (line 3175)
    1 _UPD 12 NOV 2024 10:32:47 GMT+1

Unknown info (line 3181)
    2 _UID 673320bfacd621efbc2b9822ef79916c

Unknown info (line 3182)
    2 RIN MH:IF5923

Unknown info (line 3184)
    2 _UID 673320bfd076c1efbc2b9822ef79916c

Unknown info (line 3185)
    2 RIN MH:IF5924

Unknown info (line 3189)
    1 RIN MH:I3922

Unknown info (line 3191)
    1 _UPD 12 NOV 2024 10:32:47 GMT+1

Unknown info (line 3197)
    2 _UID 673320bf9dbe61efbc2b9822ef79916c

Unknown info (line 3198)
    2 RIN MH:IF5925

Unknown info (line 3200)
    2 _UID 673320bf56e2b1efbc2b9822ef79916c

Unknown info (line 3201)
    2 RIN MH:IF5926

Unknown info (line 3205)
    1 RIN MH:I3923

Unknown info (line 3207)
    1 _UPD 12 NOV 2024 10:32:47 GMT+1

Unknown info (line 3213)
    2 _UID 673320bf80bb51efbc2b9822ef79916c

Unknown info (line 3214)
    2 RIN MH:IF5927

Unknown info (line 3216)
    2 _UID 673320bf62f221efbc2b9822ef79916c

Unknown info (line 3217)
    2 RIN MH:IF5928

Unknown info (line 3221)
    1 RIN MH:I3924

Unknown info (line 3223)
    1 _UPD 12 NOV 2024 10:32:47 GMT+1

Unknown info (line 3229)
    2 _UID 673320bf3c2541efbc2b9822ef79916c

Unknown info (line 3230)
    2 RIN MH:IF5929

Unknown info (line 3232)
    2 _UID 673320bff77991efbc2b9822ef79916c

Unknown info (line 3233)
    2 RIN MH:IF5930

Unknown info (line 3237)
    1 RIN MH:I3925

Unknown info (line 3239)
    1 _UPD 12 NOV 2024 10:32:47 GMT+1

Unknown info (line 3245)
    2 _UID 673320bf913061efbc2b9822ef79916c

Unknown info (line 3246)
    2 RIN MH:IF5931

Unknown info (line 3248)
    2 _UID 673320bf5a6cb1efbc2b9822ef79916c

Unknown info (line 3249)
    2 RIN MH:IF5932

Unknown info (line 3253)
    1 RIN MH:I3926

Unknown info (line 3255)
    1 _UPD 12 NOV 2024 10:32:47 GMT+1

Unknown info (line 3261)
    2 _UID 673320bf8c3551efbc2b9822ef79916c

Unknown info (line 3262)
    2 RIN MH:IF5933

Unknown info (line 3264)
    2 _UID 673320bfaa12a1efbc2b9822ef79916c

Unknown info (line 3265)
    2 RIN MH:IF5934

Unknown info (line 3269)
    1 RIN MH:I3927

Unknown info (line 3271)
    1 _UPD 12 NOV 2024 10:32:47 GMT+1

Unknown info (line 3277)
    2 _UID 673320bfde8d21efbc2b9822ef79916c

Unknown info (line 3278)
    2 RIN MH:IF5935

Unknown info (line 3280)
    2 _UID 673320bf581951efbc2b9822ef79916c

Unknown info (line 3281)
    2 RIN MH:IF5936

Unknown info (line 3285)
    1 RIN MH:I3928

Unknown info (line 3287)
    1 _UPD 12 NOV 2024 10:32:47 GMT+1

Unknown info (line 3293)
    2 _UID 673320bf8e40b1efbc2b9822ef79916c

Unknown info (line 3294)
    2 RIN MH:IF5937

Unknown info (line 3296)
    2 _UID 673320bf451c61efbc2b9822ef79916c

Unknown info (line 3297)
    2 RIN MH:IF5938

Unknown info (line 3301)
    1 RIN MH:I3929

Unknown info (line 3303)
    1 _UPD 12 NOV 2024 10:32:47 GMT+1

Unknown info (line 3309)
    2 _UID 673320bf8d4cf1efbc2b9822ef79916c

Unknown info (line 3310)
    2 RIN MH:IF5939

Unknown info (line 3312)
    2 _UID 673320bff98271efbc2b9822ef79916c

Unknown info (line 3313)
    2 RIN MH:IF5940

Unknown info (line 3317)
    1 RIN MH:I3930

Unknown info (line 3319)
    1 _UPD 12 NOV 2024 10:32:47 GMT+1

Unknown info (line 3325)
    2 _UID 673320bfd20321efbc2b9822ef79916c

Unknown info (line 3326)
    2 RIN MH:IF5941

Unknown info (line 3328)
    2 _UID 673320bf549751efbc2b9822ef79916c

Unknown info (line 3329)
    2 RIN MH:IF5942

Unknown info (line 3332)
    1 RIN MH:F1

Unknown info (line 3337)
    1 RIN MH:F2

Unknown info (line 3342)
    1 RIN MH:F3

Unknown info (line 3347)
    1 RIN MH:F4

Unknown info (line 3352)
    1 RIN MH:F5

Unknown info (line 3357)
    1 RIN MH:F6

Unknown info (line 3363)
    1 RIN MH:F7

Unknown info (line 3368)
    1 RIN MH:F8

Unknown info (line 3375)
    1 RIN MH:F9

Unknown info (line 3380)
    1 RIN MH:F10

Unknown info (line 3386)
    1 RIN MH:F11

Unknown info (line 3391)
    1 RIN MH:F12

Unknown info (line 3397)
    1 RIN MH:F14

Unknown info (line 3402)
    1 RIN MH:F16

Unknown info (line 3407)
    1 RIN MH:F17

Unknown info (line 3412)
    1 RIN MH:F2191

Unknown info (line 3417)
    1 RIN MH:F2192

Unknown info (line 3422)
    1 RIN MH:F2193

Unknown info (line 3427)
    1 RIN MH:F2194

Unknown info (line 3433)
    1 RIN MH:F2195

Unknown info (line 3438)
    1 RIN MH:F2196

Unknown info (line 3443)
    1 RIN MH:F2197

Unknown info (line 3448)
    1 RIN MH:F2198

Unknown info (line 3453)
    1 RIN MH:F2199

Unknown info (line 3458)
    1 RIN MH:F2200

Unknown info (line 3463)
    1 RIN MH:F2201

Unknown info (line 3468)
    1 RIN MH:F2202

Unknown info (line 3473)
    1 RIN MH:F2203

Unknown info (line 3478)
    1 RIN MH:F2204

Unknown info (line 3483)
    1 RIN MH:F2205

Unknown info (line 3488)
    1 RIN MH:F2206

Unknown info (line 3493)
    1 RIN MH:F2207

Unknown info (line 3498)
    1 RIN MH:F2208

Unknown info (line 3503)
    1 RIN MH:F2209

Unknown info (line 3508)
    1 RIN MH:F2210

Unknown info (line 3513)
    1 RIN MH:F2211

Unknown info (line 3518)
    1 RIN MH:F2212

Unknown info (line 3523)
    1 RIN MH:F2213

Unknown info (line 3528)
    1 RIN MH:F2214

Unknown info (line 3533)
    1 RIN MH:F2215

Unknown info (line 3538)
    1 RIN MH:F2216

Unknown info (line 3543)
    1 RIN MH:F2217

Unknown info (line 3548)
    1 RIN MH:F2218

Unknown info (line 3553)
    1 RIN MH:F2219

Unknown info (line 3558)
    1 RIN MH:F2220

Unknown info (line 3563)
    1 RIN MH:F2221

Unknown info (line 3568)
    1 RIN MH:F2222

Unknown info (line 3573)
    1 RIN MH:F2223

Unknown info (line 3578)
    1 RIN MH:F2224

Unknown info (line 3583)
    1 RIN MH:F2225

Unknown info (line 3588)
    1 RIN MH:F2226

Unknown info (line 3593)
    1 RIN MH:F2227

Unknown info (line 3598)
    1 RIN MH:F2228

Unknown info (line 3603)
    1 RIN MH:F2229

Unknown info (line 3608)
    1 RIN MH:F2230

Unknown info (line 3613)
    1 RIN MH:F2231

Unknown info (line 3618)
    1 RIN MH:F2232

Unknown info (line 3623)
    1 RIN MH:F2237

Unknown info (line 3629)
    1 RIN MH:F2238

Unknown info (line 3634)
    1 RIN MH:F2239

Unknown info (line 3639)
    1 RIN MH:F2240

Unknown info (line 3644)
    1 RIN MH:F2241

Unknown info (line 3649)
    1 RIN MH:F2242

Unknown info (line 3654)
    1 RIN MH:F2243

Unknown info (line 3659)
    1 RIN MH:F2244

Unknown info (line 3664)
    1 RIN MH:F2245

Unknown info (line 3669)
    1 RIN MH:F2246

Unknown info (line 3674)
    1 RIN MH:F2247

Unknown info (line 3679)
    1 RIN MH:F2248

Unknown info (line 3684)
    1 RIN MH:F2249

Unknown info (line 3689)
    1 RIN MH:F2250

Unknown info (line 3694)
    1 RIN MH:F2251

Unknown info (line 3699)
    1 RIN MH:F2252

Unknown info (line 3704)
    1 RIN MH:F2253

Unknown info (line 3709)
    1 RIN MH:F2254

Unknown info (line 3714)
    1 RIN MH:F2255

Unknown info (line 3719)
    1 RIN MH:F2256

Unknown info (line 3724)
    1 RIN MH:F2257

Unknown info (line 3729)
    1 RIN MH:F2258

Unknown info (line 3734)
    1 RIN MH:F2259

Unknown info (line 3739)
    1 RIN MH:F2260

Unknown info (line 3744)
    1 RIN MH:F2261

Unknown info (line 3749)
    1 RIN MH:F2262

Unknown info (line 3754)
    1 RIN MH:F2263

Unknown info (line 3759)
    1 RIN MH:F2264

Unknown info (line 3764)
    1 RIN MH:F2265

Unknown info (line 3769)
    1 RIN MH:F2266

Unknown info (line 3774)
    1 RIN MH:F2267

Unknown info (line 3779)
    1 RIN MH:F2268

Unknown info (line 3784)
    1 RIN MH:F2269

Unknown info (line 3789)
    1 RIN MH:F2270

Unknown info (line 3794)
    1 RIN MH:F2271

Unknown info (line 3799)
    1 RIN MH:F2272

Unknown info (line 3804)
    1 RIN MH:F2273

Unknown info (line 3809)
    1 RIN MH:F2274

Unknown info (line 3814)
    1 RIN MH:F2275

Unknown info (line 3819)
    1 RIN MH:F2276

Unknown info (line 3824)
    1 RIN MH:F2278

Unknown info (line 3829)
    1 RIN MH:F2279

Unknown info (line 3834)
    1 RIN MH:F2280

Unknown info (line 3839)
    1 RIN MH:F2281

Unknown info (line 3844)
    1 RIN MH:F2282

Unknown info (line 3849)
    1 RIN MH:F2283

Unknown info (line 3854)
    1 RIN MH:F2284

Unknown info (line 3859)
    1 RIN MH:F2285

Unknown info (line 3864)
    1 RIN MH:F2286

Unknown info (line 3869)
    1 RIN MH:F2287

Unknown info (line 3874)
    1 RIN MH:F2288

Unknown info (line 3879)
    1 RIN MH:F2289

Unknown info (line 3884)
    1 RIN MH:F2290

Unknown info (line 3889)
    1 RIN MH:F2291

Unknown info (line 3894)
    1 RIN MH:F2292

Unknown info (line 3899)
    1 RIN MH:F2293

Unknown info (line 3904)
    1 RIN MH:F2294

Unknown info (line 3909)
    1 RIN MH:F2295

Unknown info (line 3914)
    1 RIN MH:F2296

Unknown info (line 3919)
    1 RIN MH:F2297

Unknown info (line 3924)
    1 RIN MH:F2298

Unknown info (line 3929)
    1 RIN MH:F2299

Unknown info (line 3934)
    1 RIN MH:F2300

Unknown info (line 3939)
    1 RIN MH:F2301

Unknown info (line 3944)
    1 RIN MH:F2302

Unknown info (line 3949)
    1 RIN MH:F2303

Unknown info (line 3954)
    1 RIN MH:F2304

Unknown info (line 3959)
    1 RIN MH:F2305

Unknown info (line 3964)
    1 RIN MH:F2306

Unknown info (line 3969)
    1 RIN MH:F2307

Unknown info (line 3974)
    1 RIN MH:F2308

Unknown info (line 3979)
    1 RIN MH:F2309

Unknown info (line 3984)
    1 RIN MH:F2310

Unknown info (line 3989)
    1 RIN MH:F2311

Unknown info (line 3994)
    1 RIN MH:F2312

Unknown info (line 3999)
    1 RIN MH:F2313

Unknown info (line 4004)
    1 RIN MH:F2314

Unknown info (line 4009)
    1 RIN MH:F2315

Unknown info (line 4014)
    1 RIN MH:F2316

Unknown info (line 4019)
    1 RIN MH:F2317

