GEDCOM Import Log - 
File: export-Ancestors.ged
    Source program: Geni.com
    Program version: 1.0
    Date of file: 30 OCT 2024
    2 TIME 06:22:35
    2 VERS 5.5.1
    2 FORM LINEAGE-LINKED
    Character set: UTF-8
Unknown info (line 17)
    1 RFN geni:6000000210448015903

Unknown info (line 35)
    1 RFN geni:6000000006913395183

Unknown info (line 36)
    1 SUBM @S6000000001748382692@

Unknown info (line 55)
    1 RFN geni:6000000002848791366

Unknown info (line 56)
    1 SUBM @S6000000001748382692@

Unknown info (line 63)
    2 _MARNM ????

Unknown info (line 84)
    1 RFN geni:6000000011627068734

Unknown info (line 85)
    1 SUBM @S6000000001748382692@

Unknown info (line 96)
    2 _MARNM ??

Unknown info (line 105)
    1 RFN geni:6000000002843586183

Unknown info (line 106)
    1 SUBM @S6000000001748382692@

Unknown info (line 113)
    2 _MARNM ??

Unknown info (line 133)
    1 RFN geni:6000000002419483457

Unknown info (line 134)
    1 SUBM @S6000000001748382692@

Unknown info (line 141)
    2 _MARNM ????

Unknown info (line 159)
    1 RFN geni:6000000012561217439

Unknown info (line 160)
    1 SUBM @S6000000001748382692@

Unknown info (line 171)
    2 _MARNM Sakanoue

Unknown info (line 180)
    1 RFN geni:6000000002843203972

Unknown info (line 181)
    1 SUBM @S6000000001748382692@

Unknown info (line 188)
    2 _MARNM ??

Unknown info (line 193)
    1 RFN geni:6000000002442731503

Unknown info (line 194)
    1 SUBM @S6000000001748382692@

Unknown info (line 201)
    2 _MARNM ??

Unknown info (line 215)
    1 RFN geni:6000000012624603280

Unknown info (line 216)
    1 SUBM @S6000000001748382692@

Unknown info (line 223)
    2 _MARNM Tenno

Unknown info (line 232)
    1 RFN geni:6000000179130654849

Unknown info (line 239)
    2 _MARNM Sakanoue

Unknown info (line 247)
    1 RFN geni:6000000210408779828

Unknown info (line 254)
    2 _MARNM ??

Unknown info (line 258)
    1 RFN geni:6000000002442725568

Unknown info (line 259)
    1 SUBM @S6000000001748382692@

Unknown info (line 266)
    2 _MARNM ??

Unknown info (line 282)
    1 RFN geni:6000000012052965519

Unknown info (line 283)
    1 SUBM @S6000000001748382692@

Unknown info (line 303)
    1 RFN geni:6000000133687331996

Unknown info (line 304)
    1 SUBM @S6000000133655274821@

Unknown info (line 311)
    2 _MARNM ??

Unknown info (line 321)
    1 RFN geni:6000000002442835026

Unknown info (line 322)
    1 SUBM @S6000000001748382692@

Unknown info (line 333)
    1 RFN geni:6000000179131681822

Unknown info (line 340)
    2 _MARNM Sakanoue

Unknown info (line 348)
    1 RFN geni:6000000210408834830

Unknown info (line 362)
    1 RFN geni:6000000133687374918

Unknown info (line 363)
    1 SUBM @S6000000133655274821@

Unknown info (line 370)
    2 _MARNM ??

Unknown info (line 377)
    1 RFN geni:6000000133687457870

Unknown info (line 378)
    1 SUBM @S6000000133655274821@

Unknown info (line 389)
    2 _MARNM Fujiwara

Unknown info (line 412)
    1 RFN geni:6000000001907005001

Unknown info (line 413)
    1 SUBM @S6000000001748382692@

Unknown info (line 431)
    2 _MARNM ??

Unknown info (line 440)
    1 RFN geni:6000000010702248921

Unknown info (line 441)
    1 SUBM @S6000000001748382692@

Unknown info (line 448)
    2 _MARNM Isonokami

Unknown info (line 457)
    1 RFN geni:6000000002816950951

Unknown info (line 458)
    1 SUBM @S6000000001748382692@

Unknown info (line 465)
    2 _MARNM Tenno

Unknown info (line 474)
    1 RFN geni:6000000179131695821

Unknown info (line 481)
    2 _MARNM Sakanoue

Unknown info (line 491)
    1 RFN geni:6000000210408834842

Unknown info (line 505)
    1 RFN geni:6000000133687198930

Unknown info (line 506)
    1 SUBM @S6000000133655274821@

Unknown info (line 514)
    2 _MARNM ??

Unknown info (line 545)
    1 RFN geni:6000000001904565288

Unknown info (line 546)
    1 SUBM @S6000000001748382692@

Unknown info (line 563)
    2 _MARNM ??

Unknown info (line 570)
    1 RFN geni:6000000010702344122

Unknown info (line 571)
    1 SUBM @S6000000010699810345@

Unknown info (line 578)
    2 _MARNM ??

Unknown info (line 592)
    1 RFN geni:6000000012052214898

Unknown info (line 593)
    1 SUBM @S6000000001748382692@

Unknown info (line 600)
    2 _MARNM ??

Unknown info (line 609)
    1 RFN geni:6000000002816940755

Unknown info (line 610)
    1 SUBM @S6000000001748382692@

Unknown info (line 617)
    2 _MARNM Tenno

Unknown info (line 622)
    1 RFN geni:6000000179131702824

Unknown info (line 629)
    2 _MARNM Sakanoue

Unknown info (line 637)
    1 RFN geni:6000000210409014823

Unknown info (line 651)
    1 RFN geni:6000000133686493164

Unknown info (line 652)
    1 SUBM @S6000000133655274821@

Unknown info (line 659)
    2 _MARNM ??

Unknown info (line 669)
    1 RFN geni:6000000010702048905

Unknown info (line 670)
    1 SUBM @S6000000010699810345@

Unknown info (line 677)
    2 _MARNM ??

Unknown info (line 683)
    1 RFN geni:6000000010702392716

Unknown info (line 684)
    1 SUBM @S6000000010699810345@

Unknown info (line 697)
    1 RFN geni:6000000133684806188

Unknown info (line 698)
    1 SUBM @S6000000133655274821@

Unknown info (line 705)
    2 _MARNM ??

Unknown info (line 714)
    1 RFN geni:6000000001902965288

Unknown info (line 715)
    1 SUBM @S6000000001748382692@

Unknown info (line 722)
    2 _MARNM ??

Unknown info (line 732)
    1 RFN geni:6000000002817288335

Unknown info (line 733)
    1 SUBM @S6000000001748382692@

Unknown info (line 744)
    1 RFN geni:6000000179131144859

Unknown info (line 751)
    2 _MARNM Sakanoue

Unknown info (line 759)
    1 RFN geni:6000000210409069821

Unknown info (line 773)
    1 RFN geni:6000000133685573546

Unknown info (line 774)
    1 SUBM @S6000000133655274821@

Unknown info (line 781)
    2 _MARNM ??

Unknown info (line 788)
    1 RFN geni:6000000010702547489

Unknown info (line 789)
    1 SUBM @S6000000010699810345@

Unknown info (line 802)
    1 RFN geni:6000000133686410884

Unknown info (line 803)
    1 SUBM @S6000000133655274821@

Unknown info (line 810)
    2 _MARNM ??

Unknown info (line 814)
    1 RFN geni:6000000010702330086

Unknown info (line 815)
    1 SUBM @S6000000010699810345@

Unknown info (line 822)
    2 _MARNM ??

Unknown info (line 832)
    1 RFN geni:6000000001902786893

Unknown info (line 833)
    1 SUBM @S6000000001748382692@

Unknown info (line 840)
    2 _MARNM ??

Unknown info (line 861)
    1 RFN geni:6000000001902996211

Unknown info (line 862)
    1 SUBM @S6000000001748382692@

Unknown info (line 869)
    2 _MARNM ??

Unknown info (line 878)
    1 RFN geni:6000000002817139438

Unknown info (line 879)
    1 SUBM @S6000000001748382692@

Unknown info (line 886)
    2 _MARNM Tenno

Unknown info (line 891)
    1 RFN geni:6000000179131524840

Unknown info (line 898)
    2 _MARNM Yamatonoaya

Unknown info (line 908)
    1 RFN geni:6000000210408647882

Unknown info (line 922)
    1 RFN geni:6000000133687618865

Unknown info (line 923)
    1 SUBM @S6000000133655274821@

Unknown info (line 930)
    2 _MARNM ???

Unknown info (line 939)
    1 RFN geni:6000000002039571508

Unknown info (line 940)
    1 SUBM @S6000000001748382692@

Unknown info (line 947)
    2 _MARNM Mononobe

Unknown info (line 957)
    1 RFN geni:6000000002039745463

Unknown info (line 958)
    1 SUBM @S6000000001748382692@

Unknown info (line 965)
    2 _MARNM ??

Unknown info (line 978)
    1 RFN geni:6000000001902870158

Unknown info (line 979)
    1 SUBM @S6000000001748382692@

Unknown info (line 986)
    2 _MARNM Tenno

Unknown info (line 991)
    1 RFN geni:6000000179130981852

Unknown info (line 998)
    2 _MARNM ??

Unknown info (line 1006)
    1 RFN geni:6000000210409119826

Unknown info (line 1020)
    1 RFN geni:6000000133686177329

Unknown info (line 1021)
    1 SUBM @S6000000133655274821@

Unknown info (line 1028)
    2 _MARNM ??

Unknown info (line 1037)
    1 RFN geni:6000000007332340304

Unknown info (line 1038)
    1 SUBM @S6000000001748382692@

Unknown info (line 1045)
    2 _MARNM Mononobe

Unknown info (line 1054)
    1 RFN geni:6000000002039711104

Unknown info (line 1055)
    1 SUBM @S6000000001748382692@

Unknown info (line 1062)
    2 _MARNM ??

Unknown info (line 1071)
    1 RFN geni:6000000001902987129

Unknown info (line 1072)
    1 SUBM @S6000000001748382692@

Unknown info (line 1079)
    2 _MARNM Tenno

Unknown info (line 1084)
    1 RFN geni:6000000179131428836

Unknown info (line 1091)
    2 _MARNM ??

Unknown info (line 1099)
    1 RFN geni:6000000210409049890

Unknown info (line 1113)
    1 RFN geni:6000000133687585932

Unknown info (line 1114)
    1 SUBM @S6000000133655274821@

Unknown info (line 1121)
    2 _MARNM Mononobe

Unknown info (line 1131)
    1 RFN geni:6000000002039711241

Unknown info (line 1132)
    1 SUBM @S6000000001748382692@

Unknown info (line 1139)
    2 _MARNM ??

Unknown info (line 1148)
    1 RFN geni:6000000001902977129

Unknown info (line 1149)
    1 SUBM @S6000000001748382692@

Unknown info (line 1156)
    2 _MARNM no Okimi

Unknown info (line 1161)
    1 RFN geni:6000000179131532839

Unknown info (line 1168)
    2 _MARNM ??

Unknown info (line 1176)
    1 RFN geni:6000000210409234825

Unknown info (line 1190)
    1 RFN geni:6000000133687927872

Unknown info (line 1191)
    1 SUBM @S6000000133655274821@

Unknown info (line 1198)
    2 _MARNM Mononobe??

Unknown info (line 1207)
    1 RFN geni:6000000002039751362

Unknown info (line 1208)
    1 SUBM @S6000000001748382692@

Unknown info (line 1215)
    2 _MARNM ??

Unknown info (line 1224)
    1 RFN geni:6000000001902895524

Unknown info (line 1225)
    1 SUBM @S6000000001748382692@

Unknown info (line 1232)
    2 _MARNM no Okimi

Unknown info (line 1237)
    1 RFN geni:6000000179131693822

Unknown info (line 1244)
    2 _MARNM ??

Unknown info (line 1252)
    1 RFN geni:6000000210409239836

Unknown info (line 1266)
    1 RFN geni:6000000133688130825

Unknown info (line 1267)
    1 SUBM @S6000000133655274821@

Unknown info (line 1278)
    2 _MARNM Mononobe

Unknown info (line 1287)
    1 RFN geni:6000000002039880063

Unknown info (line 1288)
    1 SUBM @S6000000001748382692@

Unknown info (line 1295)
    2 _MARNM ??

Unknown info (line 1305)
    1 RFN geni:6000000001850799148

Unknown info (line 1306)
    1 SUBM @S6000000001748382692@

Unknown info (line 1313)
    2 _MARNM no Okimi

Unknown info (line 1318)
    1 RFN geni:6000000179131695830

Unknown info (line 1325)
    2 _MARNM of Emperor Ling

Unknown info (line 1333)
    1 RFN geni:6000000210409014987

Unknown info (line 1347)
    1 RFN geni:6000000133686217281

Unknown info (line 1348)
    1 SUBM @S6000000133655274821@

Unknown info (line 1361)
    1 RFN geni:6000000133687873879

Unknown info (line 1362)
    1 SUBM @S6000000133655274821@

Unknown info (line 1369)
    2 _MARNM Mononobe

Unknown info (line 1378)
    1 RFN geni:6000000001846260088

Unknown info (line 1379)
    1 SUBM @S6000000001748382692@

Unknown info (line 1386)
    2 _MARNM ??

Unknown info (line 1399)
    1 RFN geni:6000000001835585898

Unknown info (line 1400)
    1 SUBM @S6000000001748382692@

Unknown info (line 1407)
    2 _MARNM ????

Unknown info (line 1416)
    1 RFN geni:6000000001850740186

Unknown info (line 1417)
    1 SUBM @S6000000001748382692@

Unknown info (line 1424)
    2 _MARNM no Futamata

Unknown info (line 1429)
    1 RFN geni:6000000179131571831

Unknown info (line 1436)
    2 _MARNM of Emperor Ling

Unknown info (line 1444)
    1 RFN geni:6000000210409246860

Unknown info (line 1458)
    1 RFN geni:6000000133686179317

Unknown info (line 1459)
    1 SUBM @S6000000133655274821@

Unknown info (line 1472)
    1 RFN geni:6000000133687652944

Unknown info (line 1473)
    1 SUBM @S6000000133655274821@

Unknown info (line 1480)
    2 _MARNM Mononobe

Unknown info (line 1489)
    1 RFN geni:6000000002039755863

Unknown info (line 1490)
    1 SUBM @S6000000001748382692@

Unknown info (line 1505)
    1 RFN geni:6000000001835657504

Unknown info (line 1506)
    1 SUBM @S6000000001748382692@

Unknown info (line 1513)
    2 _MARNM ?

Unknown info (line 1524)
    1 RFN geni:6000000001850616790

Unknown info (line 1525)
    1 SUBM @S6000000001748382692@

Unknown info (line 1532)
    2 _MARNM ????

Unknown info (line 1540)
    1 RFN geni:6000000002801743082

Unknown info (line 1541)
    1 SUBM @S6000000001748382692@

Unknown info (line 1548)
    2 _MARNM Tenno

Unknown info (line 1555)
    1 RFN geni:6000000179131744821

Unknown info (line 1562)
    2 _MARNM ?

    3 ADOP BOTH
Unknown info (line 1585)
    1 RFN geni:6000000075326768888

Unknown info (line 1586)
    1 SUBM @S6000000009765734452@

Unknown info (line 1601)
    1 RFN geni:6000000133687969943

Unknown info (line 1602)
    1 SUBM @S6000000133655274821@

Unknown info (line 1622)
    1 RFN geni:6000000002039544553

Unknown info (line 1623)
    1 SUBM @S6000000001748382692@

Unknown info (line 1636)
    1 RFN geni:6000000001835656042

Unknown info (line 1637)
    1 SUBM @S6000000001748382692@

Unknown info (line 1649)
    1 RFN geni:6000000001974094027

Unknown info (line 1650)
    1 SUBM @S6000000001748382692@

Unknown info (line 1657)
    2 _MARNM ????

Unknown info (line 1670)
    1 RFN geni:6000000001846508982

Unknown info (line 1671)
    1 SUBM @S6000000001748382692@

Unknown info (line 1682)
    2 _MARNM ????

Unknown info (line 1692)
    1 RFN geni:6000000001829393837

Unknown info (line 1693)
    1 SUBM @S6000000001748382692@

Unknown info (line 1704)
    2 _MARNM ?

Unknown info (line 1711)
    1 RFN geni:6000000012580185185

Unknown info (line 1712)
    1 SUBM @S6000000009765734452@

Unknown info (line 1719)
    2 _MARNM ?

Unknown info (line 1725)
    1 RFN geni:6000000012580385251

Unknown info (line 1726)
    1 SUBM @S6000000009765734452@

Unknown info (line 1733)
    2 _MARNM ?

    3 ADOP BOTH
Unknown info (line 1755)
    1 RFN geni:6000000012577666190

Unknown info (line 1756)
    1 SUBM @S6000000009765734452@

Unknown info (line 1764)
    2 _MARNM ?

Unknown info (line 1768)
    2 _MARNM ?

Unknown info (line 1773)
    1 RFN geni:6000000037220431992

Unknown info (line 1774)
    1 SUBM @S6000000009765734452@

Unknown info (line 1781)
    2 _MARNM ??

Unknown info (line 1790)
    1 RFN geni:6000000002039929138

Unknown info (line 1791)
    1 SUBM @S6000000001748382692@

Unknown info (line 1809)
    1 RFN geni:6000000001835423999

Unknown info (line 1810)
    1 SUBM @S6000000001748382692@

Unknown info (line 1822)
    1 RFN geni:6000000014665722335

Unknown info (line 1823)
    1 SUBM @S6000000012528231826@

Unknown info (line 1835)
    1 RFN geni:6000000001974040282

Unknown info (line 1836)
    1 SUBM @S6000000001748382692@

Unknown info (line 1849)
    1 RFN geni:6000000001846463714

Unknown info (line 1850)
    1 SUBM @S6000000001748382692@

Unknown info (line 1863)
    1 RFN geni:6000000001847142054

Unknown info (line 1864)
    1 SUBM @S6000000001748382692@

Unknown info (line 1877)
    1 RFN geni:6000000001843237815

Unknown info (line 1878)
    1 SUBM @S6000000001748382692@

Unknown info (line 1885)
    2 _MARNM ????

Unknown info (line 1906)
    1 RFN geni:6000000001829648345

Unknown info (line 1907)
    1 SUBM @S6000000001748382692@

Unknown info (line 1918)
    2 _MARNM ? Liu

Unknown info (line 1925)
    1 RFN geni:6000000012580137114

Unknown info (line 1926)
    1 SUBM @S6000000009765734452@

Unknown info (line 1933)
    2 _MARNM ?

Unknown info (line 1940)
    1 RFN geni:6000000012578347780

Unknown info (line 1941)
    1 SUBM @S6000000009765734452@

Unknown info (line 1948)
    2 _MARNM ?

Unknown info (line 1962)
    1 RFN geni:6000000012578071412

Unknown info (line 1963)
    1 SUBM @S6000000009765734452@

Unknown info (line 1971)
    2 _MARNM ?

Unknown info (line 1975)
    2 _MARNM ?

Unknown info (line 1980)
    1 RFN geni:6000000067006550907

Unknown info (line 1981)
    1 SUBM @S6000000009765734452@

Unknown info (line 1989)
    2 _MARNM ?

Unknown info (line 1993)
    2 _MARNM ?

Unknown info (line 1998)
    1 RFN geni:6000000037220203285

Unknown info (line 1999)
    1 SUBM @S6000000009765734452@

Unknown info (line 2012)
    1 RFN geni:6000000002039904687

Unknown info (line 2013)
    1 SUBM @S6000000001748382692@

Unknown info (line 2028)
    1 RFN geni:6000000001848421960

Unknown info (line 2029)
    1 SUBM @S6000000001748382692@

Unknown info (line 2036)
    2 _MARNM Takaya

Unknown info (line 2039)
    1 RFN geni:6000000014665226736

Unknown info (line 2040)
    1 SUBM @S6000000012528231826@

Unknown info (line 2052)
    1 RFN geni:6000000001974031240

Unknown info (line 2053)
    1 SUBM @S6000000001748382692@

Unknown info (line 2066)
    1 RFN geni:6000000001846936883

Unknown info (line 2067)
    1 SUBM @S6000000001748382692@

Unknown info (line 2076)
    1 RFN geni:6000000012814788554

Unknown info (line 2077)
    1 SUBM @S6000000012528231826@

Unknown info (line 2090)
    1 RFN geni:6000000006993790608

Unknown info (line 2091)
    1 SUBM @S6000000001748382692@

Unknown info (line 2101)
    1 RFN geni:6000000012814782808

Unknown info (line 2102)
    1 SUBM @S6000000012528231826@

Unknown info (line 2115)
    1 RFN geni:6000000001843437242

Unknown info (line 2116)
    1 SUBM @S6000000001748382692@

Unknown info (line 2123)
    2 _MARNM ????

Unknown info (line 2154)
    1 RFN geni:6000000001829687293

Unknown info (line 2155)
    1 SUBM @S6000000001748382692@

Unknown info (line 2169)
    1 RFN geni:6000000001844033355

Unknown info (line 2170)
    1 SUBM @S6000000001748382692@

Unknown info (line 2177)
    2 _MARNM ????

Unknown info (line 2218)
    1 RFN geni:6000000001829649385

Unknown info (line 2219)
    1 SUBM @S6000000001748382692@

Unknown info (line 2230)
    2 _MARNM ?

Unknown info (line 2238)
    1 RFN geni:6000000012578248646

Unknown info (line 2239)
    1 SUBM @S6000000009765734452@

Unknown info (line 2246)
    2 _MARNM ?

    3 ADOP BOTH
Unknown info (line 2264)
    1 RFN geni:6000000012578291250

Unknown info (line 2265)
    1 SUBM @S6000000009765734452@

Unknown info (line 2272)
    2 _MARNM ?

Unknown info (line 2279)
    1 RFN geni:6000000067006395851

Unknown info (line 2280)
    1 SUBM @S6000000009765734452@

Unknown info (line 2288)
    2 _MARNM ?

Unknown info (line 2292)
    2 _MARNM ?

Unknown info (line 2316)
    1 RFN geni:6000000067006500945

Unknown info (line 2317)
    1 SUBM @S6000000009765734452@

Unknown info (line 2325)
    2 _MARNM ?

Unknown info (line 2329)
    2 _MARNM ?

Unknown info (line 2334)
    1 RFN geni:6000000037220225250

Unknown info (line 2335)
    1 SUBM @S6000000009765734452@

Unknown info (line 2342)
    2 _MARNM no Mikoto

Unknown info (line 2349)
    1 RFN geni:6000000002039915289

Unknown info (line 2350)
    1 SUBM @S6000000001748382692@

Unknown info (line 2357)
    2 _MARNM Sakato

Unknown info (line 2360)
    1 RFN geni:6000000014665526679

Unknown info (line 2361)
    1 SUBM @S6000000012528231826@

Unknown info (line 2371)
    1 RFN geni:6000000014665628049

Unknown info (line 2372)
    1 SUBM @S6000000012528231826@

Unknown info (line 2382)
    1 RFN geni:6000000001974091104

Unknown info (line 2383)
    1 SUBM @S6000000001748382692@

Unknown info (line 2390)
    2 _MARNM Yamashiro

Unknown info (line 2397)
    1 RFN geni:6000000001846941485

Unknown info (line 2398)
    1 SUBM @S6000000001748382692@

Unknown info (line 2407)
    1 RFN geni:6000000012814729642

Unknown info (line 2408)
    1 SUBM @S6000000012528231826@

Unknown info (line 2421)
    1 RFN geni:6000000006993847522

Unknown info (line 2422)
    1 SUBM @S6000000001748382692@

Unknown info (line 2432)
    1 RFN geni:6000000012814878060

Unknown info (line 2433)
    1 SUBM @S6000000012528231826@

Unknown info (line 2442)
    1 RFN geni:6000000012815128309

Unknown info (line 2443)
    1 SUBM @S6000000012528231826@

Unknown info (line 2455)
    1 RFN geni:6000000001843561053

Unknown info (line 2456)
    1 SUBM @S6000000001748382692@

Unknown info (line 2463)
    2 _MARNM ????

Unknown info (line 2499)
    1 RFN geni:6000000001829731244

Unknown info (line 2500)
    1 SUBM @S6000000001748382692@

Unknown info (line 2517)
    1 RFN geni:6000000001835725628

Unknown info (line 2518)
    1 SUBM @S6000000001748382692@

Unknown info (line 2529)
    1 RFN geni:6000000001835522164

Unknown info (line 2530)
    1 SUBM @S6000000001748382692@

Unknown info (line 2547)
    1 RFN geni:6000000001842997421

Unknown info (line 2548)
    1 SUBM @S6000000001748382692@

Unknown info (line 2555)
    2 _MARNM ?

Unknown info (line 2570)
    1 RFN geni:6000000012578097792

Unknown info (line 2571)
    1 SUBM @S6000000009765734452@

Unknown info (line 2584)
    1 RFN geni:6000000037220788207

Unknown info (line 2585)
    1 SUBM @S6000000009765734452@

Unknown info (line 2592)
    2 _MARNM ?

Unknown info (line 2604)
    1 RFN geni:6000000012578196668

Unknown info (line 2605)
    1 SUBM @S6000000009765734452@

Unknown info (line 2612)
    2 _MARNM ?

Unknown info (line 2625)
    1 RFN geni:6000000012578045986

Unknown info (line 2626)
    1 SUBM @S6000000009765734452@

Unknown info (line 2634)
    2 _MARNM ?

Unknown info (line 2638)
    2 _MARNM ?

Unknown info (line 2643)
    1 RFN geni:6000000067006705841

Unknown info (line 2644)
    1 SUBM @S6000000009765734452@

Unknown info (line 2652)
    2 _MARNM ?

Unknown info (line 2656)
    2 _MARNM ?

Unknown info (line 2661)
    1 RFN geni:6000000037221008001

Unknown info (line 2662)
    1 SUBM @S6000000009765734452@

Unknown info (line 2675)
    1 RFN geni:6000000002039950067

Unknown info (line 2676)
    1 SUBM @S6000000001748382692@

Unknown info (line 2683)
    2 _MARNM niikawa

Unknown info (line 2686)
    1 RFN geni:6000000014665663451

Unknown info (line 2687)
    1 SUBM @S6000000012528231826@

Unknown info (line 2697)
    1 RFN geni:6000000014665773244

Unknown info (line 2698)
    1 SUBM @S6000000012528231826@

Unknown info (line 2708)
    1 RFN geni:6000000001974090081

Unknown info (line 2709)
    1 SUBM @S6000000001748382692@

Unknown info (line 2722)
    1 RFN geni:6000000001847404549

Unknown info (line 2723)
    1 SUBM @S6000000001748382692@

Unknown info (line 2737)
    1 RFN geni:6000000001835664542

Unknown info (line 2738)
    1 SUBM @S6000000001748382692@

Unknown info (line 2751)
    1 RFN geni:6000000006994315311

Unknown info (line 2752)
    1 SUBM @S6000000001748382692@

Unknown info (line 2759)
    2 _MARNM ????

Unknown info (line 2798)
    1 RFN geni:6000000011628234785

Unknown info (line 2799)
    1 SUBM @S6000000001748382692@

Unknown info (line 2819)
    1 RFN geni:6000000001835510622

Unknown info (line 2820)
    1 SUBM @S6000000001748382692@

Unknown info (line 2827)
    2 _MARNM ????

Unknown info (line 2862)
    1 RFN geni:6000000001829634518

Unknown info (line 2863)
    1 SUBM @S6000000001748382692@

Unknown info (line 2880)
    1 RFN geni:6000000001843033671

Unknown info (line 2881)
    1 SUBM @S6000000001748382692@

Unknown info (line 2893)
    1 RFN geni:6000000001847540063

Unknown info (line 2894)
    1 SUBM @S6000000001748382692@

Unknown info (line 2901)
    2 _MARNM ?

Unknown info (line 2934)
    1 RFN geni:6000000012578167311

Unknown info (line 2935)
    1 SUBM @S6000000009765734452@

Unknown info (line 3057)
    2 _MARNM ?

Unknown info (line 3065)
    1 RFN geni:6000000060782163196

Unknown info (line 3066)
    1 SUBM @S6000000009765734452@

Unknown info (line 3073)
    2 _MARNM ?

Unknown info (line 3080)
    1 RFN geni:6000000037220407267

Unknown info (line 3081)
    1 SUBM @S6000000009765734452@

Unknown info (line 3089)
    2 _MARNM ?

Unknown info (line 3093)
    2 _MARNM ?

Unknown info (line 3102)
    1 RFN geni:6000000067006728917

Unknown info (line 3103)
    1 SUBM @S6000000009765734452@

Unknown info (line 3111)
    2 _MARNM ?

Unknown info (line 3115)
    2 _MARNM ?

Unknown info (line 3147)
    1 RFN geni:6000000067006704875

Unknown info (line 3148)
    1 SUBM @S6000000009765734452@

Unknown info (line 3155)
    2 _MARNM ?

Unknown info (line 3163)
    1 RFN geni:6000000037221152830

Unknown info (line 3164)
    1 SUBM @S6000000009765734452@

Unknown info (line 3171)
    2 _MARNM ?

Unknown info (line 3178)
    1 RFN geni:6000000067005943841

Unknown info (line 3179)
    1 SUBM @S6000000009765734452@

Unknown info (line 3186)
    2 _MARNM no Mikoto

Unknown info (line 3193)
    1 RFN geni:6000000002039974016

Unknown info (line 3194)
    1 SUBM @S6000000001748382692@

Unknown info (line 3204)
    1 RFN geni:6000000014665687799

Unknown info (line 3205)
    1 SUBM @S6000000012528231826@

Unknown info (line 3215)
    1 RFN geni:6000000001973897926

Unknown info (line 3216)
    1 SUBM @S6000000001748382692@

Unknown info (line 3229)
    1 RFN geni:6000000001835693338

Unknown info (line 3230)
    1 SUBM @S6000000001748382692@

Unknown info (line 3243)
    1 RFN geni:6000000006994287316

Unknown info (line 3244)
    1 SUBM @S6000000001748382692@

Unknown info (line 3257)
    1 RFN geni:6000000001835570768

Unknown info (line 3258)
    1 SUBM @S6000000001748382692@

Unknown info (line 3265)
    2 _MARNM ????

Unknown info (line 3298)
    1 RFN geni:6000000001829621635

Unknown info (line 3299)
    1 SUBM @S6000000001748382692@

Unknown info (line 3310)
    2 _MARNM ????

Unknown info (line 3345)
    1 RFN geni:6000000001829735102

Unknown info (line 3346)
    1 SUBM @S6000000001748382692@

Unknown info (line 3365)
    1 RFN geni:6000000001835290435

Unknown info (line 3366)
    1 SUBM @S6000000001748382692@

Unknown info (line 3379)
    1 RFN geni:6000000001847890283

Unknown info (line 3380)
    1 SUBM @S6000000001748382692@

Unknown info (line 3387)
    2 _MARNM ?

    3 ADOP BOTH
Unknown info (line 3429)
    1 RFN geni:6000000012577949508

Unknown info (line 3430)
    1 SUBM @S6000000009765734452@

Unknown info (line 3548)
    2 _MARNM ?

Unknown info (line 3552)
    2 _MARNM ?

Unknown info (line 3557)
    1 RFN geni:6000000052802265888

Unknown info (line 3558)
    1 SUBM @S6000000009765734452@

Unknown info (line 3566)
    2 _MARNM ?

Unknown info (line 3570)
    2 _MARNM ?

Unknown info (line 3579)
    1 RFN geni:6000000060782717866

Unknown info (line 3580)
    1 SUBM @S6000000009765734452@

Unknown info (line 3587)
    2 _MARNM ?

Unknown info (line 3596)
    1 RFN geni:6000000060784350851

Unknown info (line 3597)
    1 SUBM @S6000000009765734452@

Unknown info (line 3605)
    2 _MARNM ?

Unknown info (line 3609)
    2 _MARNM ?

Unknown info (line 3641)
    1 RFN geni:6000000067006693934

Unknown info (line 3642)
    1 SUBM @S6000000009765734452@

Unknown info (line 3650)
    2 _MARNM ?

Unknown info (line 3654)
    2 _MARNM ?

Unknown info (line 3663)
    1 RFN geni:6000000037221172835

Unknown info (line 3664)
    1 SUBM @S6000000009765734452@

Unknown info (line 3680)
    1 RFN geni:6000000001831488449

Unknown info (line 3681)
    1 SUBM @S6000000001748382692@

Unknown info (line 3694)
    1 RFN geni:6000000002039963109

Unknown info (line 3695)
    1 SUBM @S6000000001748382692@

Unknown info (line 3705)
    1 RFN geni:6000000014665690879

Unknown info (line 3706)
    1 SUBM @S6000000012528231826@

Unknown info (line 3717)
    1 RFN geni:6000000001974090154

Unknown info (line 3718)
    1 SUBM @S6000000001748382692@

Unknown info (line 3732)
    1 RFN geni:6000000007172882671

Unknown info (line 3733)
    1 SUBM @S6000000001748382692@

Unknown info (line 3746)
    1 RFN geni:6000000006994281451

Unknown info (line 3747)
    1 SUBM @S6000000001748382692@

Unknown info (line 3757)
    1 RFN geni:6000000012815137247

Unknown info (line 3758)
    1 SUBM @S6000000012528231826@

Unknown info (line 3765)
    2 _MARNM ????

Unknown info (line 3770)
    1 RFN geni:6000000209934220824

Unknown info (line 3777)
    2 _MARNM ????

Unknown info (line 3811)
    1 RFN geni:6000000001829628406

Unknown info (line 3812)
    1 SUBM @S6000000001748382692@

Unknown info (line 3829)
    1 RFN geni:6000000001835345068

Unknown info (line 3830)
    1 SUBM @S6000000001748382692@

Unknown info (line 3841)
    1 RFN geni:6000000209934275825

Unknown info (line 3853)
    1 RFN geni:6000000001848229177

Unknown info (line 3854)
    1 SUBM @S6000000001748382692@

Unknown info (line 3861)
    2 _MARNM ?

Unknown info (line 3876)
    1 RFN geni:6000000012577843737

Unknown info (line 3877)
    1 SUBM @S6000000009765734452@

Unknown info (line 3884)
    2 _MARNM ?

Unknown info (line 3898)
    1 RFN geni:6000000012560863216

Unknown info (line 3899)
    1 SUBM @S6000000008177154488@

Unknown info (line 3909)
    2 _MARNM ?

Unknown info (line 3913)
    2 _MARNM ?

Unknown info (line 3917)
    1 RFN geni:6000000052802246920

Unknown info (line 3918)
    1 SUBM @S6000000009765734452@

Unknown info (line 3926)
    2 _MARNM ?

Unknown info (line 3933)
    2 _MARNM ?

Unknown info (line 3946)
    1 RFN geni:6000000023552336317

Unknown info (line 3947)
    1 SUBM @S6000000018003679657@

Unknown info (line 3955)
    2 _MARNM ?

Unknown info (line 3959)
    2 _MARNM ?

Unknown info (line 3967)
    1 RFN geni:6000000060784361853

Unknown info (line 3968)
    1 SUBM @S6000000009765734452@

Unknown info (line 3975)
    2 _MARNM ?

Unknown info (line 3983)
    1 RFN geni:6000000037220249162

Unknown info (line 3984)
    1 SUBM @S6000000009765734452@

Unknown info (line 3994)
    1 RFN geni:6000000001831504540

Unknown info (line 3995)
    1 SUBM @S6000000001748382692@

Unknown info (line 4005)
    1 RFN geni:6000000011630077286

Unknown info (line 4006)
    1 SUBM @S6000000001748382692@

Unknown info (line 4016)
    1 RFN geni:6000000014665724482

Unknown info (line 4017)
    1 SUBM @S6000000012528231826@

Unknown info (line 4026)
    1 RFN geni:6000000014665769851

Unknown info (line 4027)
    1 SUBM @S6000000012528231826@

Unknown info (line 4036)
    1 RFN geni:6000000012862903908

Unknown info (line 4037)
    1 SUBM @S6000000012528231826@

Unknown info (line 4044)
    2 _MARNM lord of Isogi Prefecture

Unknown info (line 4048)
    1 RFN geni:6000000209934290821

Unknown info (line 4055)
    2 _MARNM ????

Unknown info (line 4089)
    1 RFN geni:6000000001829616346

Unknown info (line 4090)
    1 SUBM @S6000000001748382692@

Unknown info (line 4107)
    1 RFN geni:6000000001832628034

Unknown info (line 4108)
    1 SUBM @S6000000001748382692@

Unknown info (line 4121)
    1 RFN geni:6000000001835354112

Unknown info (line 4122)
    1 SUBM @S6000000001748382692@

Unknown info (line 4129)
    2 _MARNM ?

Unknown info (line 4143)
    1 RFN geni:6000000012578008285

Unknown info (line 4144)
    1 SUBM @S6000000009765734452@

Unknown info (line 4152)
    2 _MARNM ?

Unknown info (line 4156)
    2 _MARNM ?

Unknown info (line 4164)
    1 RFN geni:6000000012560205909

Unknown info (line 4165)
    1 SUBM @S6000000009765734452@

Unknown info (line 4172)
    2 _MARNM ?

    3 ADOP BOTH
Unknown info (line 4356)
    1 RFN geni:6000000012560517179

Unknown info (line 4357)
    1 SUBM @S6000000008177154488@

Unknown info (line 4371)
    2 _MARNM ?

Unknown info (line 4376)
    2 _MARNM ?

Unknown info (line 4382)
    1 RFN geni:6000000029492056057

Unknown info (line 4383)
    1 SUBM @S6000000018003679657@

Unknown info (line 4390)
    2 _MARNM ?

Unknown info (line 4398)
    1 RFN geni:6000000037220238126

Unknown info (line 4399)
    1 SUBM @S6000000009765734452@

Unknown info (line 4418)
    1 RFN geni:6000000001829754397

Unknown info (line 4419)
    1 SUBM @S6000000001748382692@

Unknown info (line 4433)
    1 RFN geni:6000000198883523829

Unknown info (line 4434)
    1 SUBM @S6000000194434418890@

Unknown info (line 4444)
    2 _MARNM ????

Unknown info (line 4479)
    1 RFN geni:6000000001829763097

Unknown info (line 4480)
    1 SUBM @S6000000001748382692@

Unknown info (line 4500)
    1 RFN geni:6000000001832571130

Unknown info (line 4501)
    1 SUBM @S6000000001748382692@

Unknown info (line 4514)
    1 RFN geni:6000000001832591340

Unknown info (line 4515)
    1 SUBM @S6000000001748382692@

Unknown info (line 4528)
    1 RFN geni:6000000003268231062

Unknown info (line 4529)
    1 SUBM @S6000000001748382692@

Unknown info (line 4536)
    2 _MARNM ?

Unknown info (line 4550)
    1 RFN geni:6000000012578050300

Unknown info (line 4551)
    1 SUBM @S6000000009765734452@

Unknown info (line 4559)
    2 _MARNM ?

Unknown info (line 4563)
    2 _MARNM ?

Unknown info (line 4566)
    1 RFN geni:6000000020153847305

Unknown info (line 4567)
    1 SUBM @S6000000009765734452@

Unknown info (line 4574)
    2 _MARNM ?

Unknown info (line 4586)
    1 RFN geni:6000000012560517125

Unknown info (line 4587)
    1 SUBM @S6000000008177154488@

Unknown info (line 4601)
    1 RFN geni:6000000020520032506

Unknown info (line 4602)
    1 SUBM @S6000000004159887607@

Unknown info (line 4609)
    2 _MARNM ?

Unknown info (line 4631)
    1 RFN geni:6000000002188144198

Unknown info (line 4632)
    1 SUBM @S6000000003783574804@

Unknown info (line 4645)
    2 _MARNM ??

Unknown info (line 4652)
    2 _MARNM ??

Unknown info (line 4660)
    1 RFN geni:6000000012560289197

Unknown info (line 4661)
    1 SUBM @S6000000009765734452@

Unknown info (line 4669)
    2 _MARNM ?

Unknown info (line 4674)
    2 _MARNM ?

Unknown info (line 4679)
    1 RFN geni:6000000074715201887

Unknown info (line 4680)
    1 SUBM @S6000000018003679657@

Unknown info (line 4687)
    2 _MARNM ?

Unknown info (line 4695)
    1 RFN geni:6000000037220749074

Unknown info (line 4696)
    1 SUBM @S6000000009765734452@

Unknown info (line 4713)
    1 RFN geni:6000000001829482628

Unknown info (line 4714)
    1 SUBM @S6000000001748382692@

Unknown info (line 4725)
    2 _MARNM ????

Unknown info (line 4761)
    1 RFN geni:6000000001829632570

Unknown info (line 4762)
    1 SUBM @S6000000001748382692@

Unknown info (line 4776)
    2 _MARNM no Mikoto

Unknown info (line 4783)
    1 RFN geni:6000000001832385327

Unknown info (line 4784)
    1 SUBM @S6000000001748382692@

Unknown info (line 4799)
    1 RFN geni:6000000001832595216

Unknown info (line 4800)
    1 SUBM @S6000000001748382692@

Unknown info (line 4810)
    1 RFN geni:6000000209934428831

Unknown info (line 4817)
    2 _MARNM no Mikoto

Unknown info (line 4825)
    1 RFN geni:6000000001834696127

Unknown info (line 4826)
    1 SUBM @S6000000001748382692@

Unknown info (line 4833)
    2 _MARNM ?

Unknown info (line 4847)
    1 RFN geni:6000000012577868584

Unknown info (line 4848)
    1 SUBM @S6000000009765734452@

Unknown info (line 4855)
    2 _MARNM ?

Unknown info (line 4894)
    1 RFN geni:6000000008177465957

Unknown info (line 4895)
    1 SUBM @S6000000003783574804@

Unknown info (line 4906)
    2 _MARNM ? (Shi)

Unknown info (line 4913)
    1 RFN geni:6000000012622337555

Unknown info (line 4914)
    1 SUBM @S6000000004159887607@

Unknown info (line 4921)
    2 _MARNM Wang

Unknown info (line 4928)
    1 RFN geni:6000000054039463857

Unknown info (line 4929)
    1 SUBM @S6000000023928208485@

Unknown info (line 4936)
    2 _MARNM ?

Unknown info (line 4950)
    1 RFN geni:6000000002188144190

Unknown info (line 4951)
    1 SUBM @S6000000003783574804@

Unknown info (line 4958)
    2 _MARNM Liu

Unknown info (line 5064)
    1 RFN geni:6000000002714891907

Unknown info (line 5065)
    1 SUBM @S6000000003783574804@

Unknown info (line 5161)
    2 _MARNM ?

Unknown info (line 5166)
    1 RFN geni:6000000012560470851

Unknown info (line 5167)
    1 SUBM @S6000000009765734452@

Unknown info (line 5175)
    2 _MARNM ??

Unknown info (line 5180)
    2 _MARNM ??

Unknown info (line 5184)
    1 RFN geni:6000000012560503801

Unknown info (line 5185)
    1 SUBM @S6000000009765734452@

Unknown info (line 5193)
    2 _MARNM ?

Unknown info (line 5200)
    2 _MARNM ?

Unknown info (line 5206)
    1 RFN geni:6000000074770998968

Unknown info (line 5207)
    1 SUBM @S6000000018003679657@

Unknown info (line 5214)
    2 _MARNM ?

Unknown info (line 5222)
    1 RFN geni:6000000037220286096

Unknown info (line 5223)
    1 SUBM @S6000000009765734452@

Unknown info (line 5232)
    1 RFN geni:6000000012788488242

Unknown info (line 5233)
    1 SUBM @S6000000012528231826@

Unknown info (line 5245)
    1 RFN geni:6000000012789059947

Unknown info (line 5246)
    1 SUBM @S6000000012528231826@

Unknown info (line 5257)
    2 _MARNM no Mikoto

Unknown info (line 5299)
    1 RFN geni:6000000001829589817

Unknown info (line 5300)
    1 SUBM @S6000000001748382692@

Unknown info (line 5317)
    2 _MARNM no Mikoto

Unknown info (line 5332)
    1 RFN geni:6000000001831902232

Unknown info (line 5333)
    1 SUBM @S6000000001748382692@

Unknown info (line 5346)
    1 RFN geni:6000000001831904319

Unknown info (line 5347)
    1 SUBM @S6000000001748382692@

Unknown info (line 5362)
    1 RFN geni:6000000160122007821

Unknown info (line 5363)
    1 SUBM @S6000000152739047901@

Unknown info (line 5370)
    2 _MARNM ?

Unknown info (line 5387)
    1 RFN geni:6000000012577796539

Unknown info (line 5388)
    1 SUBM @S6000000009765734452@

Unknown info (line 5444)
    2 _MARNM ?

Unknown info (line 5463)
    1 RFN geni:6000000002188144141

Unknown info (line 5464)
    1 SUBM @S6000000003783574804@

Unknown info (line 5476)
    2 _MARNM ?

Unknown info (line 5483)
    1 RFN geni:6000000142818643111

Unknown info (line 5484)
    1 SUBM @S6000000129265185918@

Unknown info (line 5491)
    2 _MARNM ? (Shi)

Unknown info (line 5498)
    1 RFN geni:6000000142836263827

Unknown info (line 5499)
    1 SUBM @S6000000129265185918@

Unknown info (line 5506)
    2 _MARNM ?

Unknown info (line 5528)
    1 RFN geni:6000000002715036670

Unknown info (line 5529)
    1 SUBM @S6000000003783574804@

Unknown info (line 5549)
    2 _MARNM ?

Unknown info (line 5554)
    2 _MARNM ?

Unknown info (line 5617)
    1 RFN geni:6000000002715082777

Unknown info (line 5618)
    1 SUBM @S6000000003783574804@

Unknown info (line 5631)
    2 _MARNM ?

Unknown info (line 5636)
    2 _MARNM ?

Unknown info (line 5727)
    1 RFN geni:6000000012560595425

Unknown info (line 5728)
    1 SUBM @S6000000009765734452@

Unknown info (line 5737)
    1 RFN geni:6000000020153793188

Unknown info (line 5738)
    1 SUBM @S6000000009765734452@

Unknown info (line 5745)
    2 _MARNM ??

Unknown info (line 5754)
    1 RFN geni:6000000012560517745

Unknown info (line 5755)
    1 SUBM @S6000000009765734452@

Unknown info (line 5763)
    2 _MARNM ?

Unknown info (line 5768)
    2 _MARNM ?

Unknown info (line 5772)
    1 RFN geni:6000000074715404827

Unknown info (line 5773)
    1 SUBM @S6000000072442334055@

Unknown info (line 5780)
    2 _MARNM ?

Unknown info (line 5788)
    1 RFN geni:6000000037220945954

Unknown info (line 5789)
    1 SUBM @S6000000009765734452@

Unknown info (line 5798)
    1 RFN geni:6000000012788373259

Unknown info (line 5799)
    1 SUBM @S6000000012528231826@

Unknown info (line 5811)
    1 RFN geni:6000000012789274221

Unknown info (line 5812)
    1 SUBM @S6000000012528231826@

Unknown info (line 5823)
    2 _MARNM no Mikoto

Unknown info (line 5836)
    1 RFN geni:6000000001829628888

Unknown info (line 5837)
    1 SUBM @S6000000001748382692@

Unknown info (line 5854)
    1 RFN geni:6000000011630935213

Unknown info (line 5855)
    1 SUBM @S6000000001748382692@

Unknown info (line 5868)
    1 RFN geni:6000000001831778691

Unknown info (line 5869)
    1 SUBM @S6000000001748382692@

Unknown info (line 5879)
    1 RFN geni:6000000209934433844

Unknown info (line 5890)
    1 RFN geni:6000000209934538824

Unknown info (line 5897)
    2 _MARNM ?

Unknown info (line 5905)
    1 RFN geni:6000000012577674096

Unknown info (line 5906)
    1 SUBM @S6000000009765734452@

Unknown info (line 5913)
    2 _MARNM ?

Unknown info (line 5919)
    1 RFN geni:6000000012560578232

Unknown info (line 5920)
    1 SUBM @S6000000009765734452@

Unknown info (line 5927)
    2 _MARNM ?

Unknown info (line 5933)
    1 RFN geni:6000000012561023558

Unknown info (line 5934)
    1 SUBM @S6000000009765734452@

Unknown info (line 5941)
    2 _MARNM ?

Unknown info (line 5954)
    1 RFN geni:6000000002188144504

Unknown info (line 5955)
    1 SUBM @S6000000003783574804@

Unknown info (line 5962)
    2 _MARNM ?

Unknown info (line 5986)
    1 RFN geni:6000000002715192907

Unknown info (line 5987)
    1 SUBM @S6000000003783574804@

Unknown info (line 6032)
    2 _MARNM ? (Zang)

Unknown info (line 6043)
    1 RFN geni:6000000002715001561

Unknown info (line 6044)
    1 SUBM @S6000000003783574804@

Unknown info (line 6052)
    2 _MARNM ?

Unknown info (line 6057)
    2 _MARNM ?

Unknown info (line 6060)
    1 RFN geni:6000000002715094693

Unknown info (line 6061)
    1 SUBM @S6000000003783574804@

Unknown info (line 6070)
    1 RFN geni:6000000012560539493

Unknown info (line 6071)
    1 SUBM @S6000000009765734452@

Unknown info (line 6079)
    2 _MARNM ?

Unknown info (line 6084)
    2 _MARNM ?

Unknown info (line 6087)
    1 RFN geni:6000000012560568222

Unknown info (line 6088)
    1 SUBM @S6000000009765734452@

Unknown info (line 6095)
    2 _MARNM ?

Unknown info (line 6105)
    1 RFN geni:6000000002188144533

Unknown info (line 6106)
    1 SUBM @S6000000003783574804@

Unknown info (line 6115)
    1 RFN geni:6000000012788251792

Unknown info (line 6116)
    1 SUBM @S6000000012528231826@

Unknown info (line 6128)
    1 RFN geni:6000000012789309257

Unknown info (line 6129)
    1 SUBM @S6000000012528231826@

Unknown info (line 6157)
    1 RFN geni:6000000001829585742

Unknown info (line 6158)
    1 SUBM @S6000000001748382692@

Unknown info (line 6172)
    1 RFN geni:6000000001831811111

Unknown info (line 6173)
    1 SUBM @S6000000001748382692@

Unknown info (line 6188)
    1 RFN geni:6000000187019279823

Unknown info (line 6189)
    1 SUBM @S6000000186816162878@

Unknown info (line 6200)
    1 RFN geni:6000000209934764825

Unknown info (line 6211)
    1 RFN geni:6000000209934848821

Unknown info (line 6221)
    1 RFN geni:6000000209934474825

Unknown info (line 6228)
    2 _MARNM ? (Dòu)

Unknown info (line 6235)
    1 RFN geni:6000000002188144512

Unknown info (line 6236)
    1 SUBM @S6000000003783574804@

Unknown info (line 6243)
    2 _MARNM ?

Unknown info (line 6302)
    1 RFN geni:6000000002188144604

Unknown info (line 6303)
    1 SUBM @S6000000003783574804@

Unknown info (line 6311)
    2 _MARNM dynasty

Unknown info (line 6482)
    1 RFN geni:6000000002188144615

Unknown info (line 6483)
    1 SUBM @S6000000003783574804@

Unknown info (line 6515)
    2 _MARNM ? (Zang)

Unknown info (line 6528)
    1 RFN geni:6000000002188144320

Unknown info (line 6529)
    1 SUBM @S6000000003783574804@

Unknown info (line 6542)
    1 RFN geni:6000000002188144328

Unknown info (line 6543)
    1 SUBM @S6000000003783574804@

Unknown info (line 6552)
    1 RFN geni:6000000012788364479

Unknown info (line 6553)
    1 SUBM @S6000000012528231826@

Unknown info (line 6583)
    1 RFN geni:6000000001829776153

Unknown info (line 6584)
    1 SUBM @S6000000001748382692@

Unknown info (line 6610)
    1 RFN geni:6000000001831398747

Unknown info (line 6611)
    1 SUBM @S6000000001748382692@

Unknown info (line 6625)
    1 RFN geni:6000000210406507821

Unknown info (line 6635)
    1 RFN geni:6000000209934740823

Unknown info (line 6646)
    1 RFN geni:6000000209934819832

Unknown info (line 6657)
    1 RFN geni:6000000209934822822

Unknown info (line 6664)
    2 _MARNM ? (Dòu)

Unknown info (line 6672)
    1 RFN geni:6000000037220350172

Unknown info (line 6673)
    1 SUBM @S6000000009765734452@

Unknown info (line 6680)
    2 _MARNM Bo

Unknown info (line 6690)
    1 RFN geni:6000000094315245234

Unknown info (line 6691)
    1 SUBM @S6000000089919459940@

Unknown info (line 6704)
    1 RFN geni:6000000094315638194

Unknown info (line 6705)
    1 SUBM @S6000000089919459940@

Unknown info (line 6712)
    2 _MARNM ?

Unknown info (line 6739)
    1 RFN geni:6000000002188144705

Unknown info (line 6740)
    1 SUBM @S6000000003783574804@

Unknown info (line 6886)
    2 _MARNM ?

Unknown info (line 6907)
    1 RFN geni:6000000002188144713

Unknown info (line 6908)
    1 SUBM @S6000000003783574804@

Unknown info (line 6964)
    2 _MARNM ? (Zang)

Unknown info (line 6979)
    1 RFN geni:6000000002188144335

Unknown info (line 6980)
    1 SUBM @S6000000003783574804@

Unknown info (line 6993)
    1 RFN geni:6000000002188144343

Unknown info (line 6994)
    1 SUBM @S6000000003783574804@

Unknown info (line 7003)
    1 RFN geni:6000000012788442459

Unknown info (line 7004)
    1 SUBM @S6000000012528231826@

Unknown info (line 7018)
    1 RFN geni:6000000187014527853

Unknown info (line 7019)
    1 SUBM @S6000000186816162878@

Unknown info (line 7030)
    1 RFN geni:6000000209934755835

Unknown info (line 7040)
    1 RFN geni:6000000209934847823

Unknown info (line 7050)
    1 RFN geni:6000000209934751849

Unknown info (line 7057)
    2 _MARNM ? (Dòu)

Unknown info (line 7065)
    1 RFN geni:6000000037220751011

Unknown info (line 7066)
    1 SUBM @S6000000009765734452@

Unknown info (line 7073)
    2 _MARNM ?

Unknown info (line 7084)
    1 RFN geni:6000000074746875003

Unknown info (line 7085)
    1 SUBM @S6000000072442334055@

Unknown info (line 7093)
    1 RFN geni:6000000012788046985

Unknown info (line 7094)
    1 SUBM @S6000000012528231826@

Unknown info (line 7109)
    1 RFN geni:6000000209934694874

Unknown info (line 7120)
    1 RFN geni:6000000209934919836

Unknown info (line 7127)
    2 _MARNM ? (Dòu)

Unknown info (line 7135)
    1 RFN geni:6000000037220216008

Unknown info (line 7136)
    1 SUBM @S6000000009765734452@

Unknown info (line 7143)
    2 _MARNM ?

Unknown info (line 7150)
    1 RFN geni:6000000142832767824

Unknown info (line 7151)
    1 SUBM @S6000000129265185918@

Unknown info (line 7162)
    1 RFN geni:6000000209934963821

Unknown info (line 7172)
    1 RFN geni:6000000209934887836

Unknown info (line 7183)
    1 RFN geni:6000000209934912851

Unknown info (line 7190)
    2 _MARNM ? (Dòu)

Unknown info (line 7198)
    1 RFN geni:6000000037220459018

Unknown info (line 7199)
    1 SUBM @S6000000009765734452@

Unknown info (line 7209)
    1 RFN geni:6000000209934856841

Unknown info (line 7219)
    1 RFN geni:6000000209934865861

Unknown info (line 7229)
    1 RFN geni:6000000209934958825

Unknown info (line 7236)
    2 _MARNM ? (Dòu)

Unknown info (line 7244)
    1 RFN geni:6000000037220553094

Unknown info (line 7245)
    1 SUBM @S6000000009765734452@

Unknown info (line 7252)
    2 _MARNM ? (Dòu)

Unknown info (line 7260)
    1 RFN geni:6000000037220800964

Unknown info (line 7261)
    1 SUBM @S6000000009765734452@

Unknown info (line 7268)
    2 _MARNM ? (Dòu)

Unknown info (line 7275)
    1 RFN geni:6000000037220385053

Unknown info (line 7276)
    1 SUBM @S6000000009765734452@

    1 NAME Eric Borsheim
    1 NAME ???????
    1 NAME ???????
    1 NAME Mako
    1 NAME Liu Yao ?? (???? Geni Curator)
    1 NAME Japanese
    1 NAME Ruth Elizabeth Dixon
    1 NAME ????
    1 NAME Ludvig John Folkesson
    1 NAME Ann Ramsey ©
    1 NAME Bradley Thomas Kassian
    1 NAME Jeremy Lee Zacek
    1 NAME Johanna Night
    1 NAME abandoned account
    1 NAME CBDB (China Biographical Database)
    1 NAME Ryder Wayne Pritchett
    1 NAME Debbie Gambrell
    1 ADDR
    2 CTRY United States
