GEDCOM Import Log - 
File: Gutier my family tree.ged
    2 VERS 5.5.1
    2 FORM LINEAGE-LINKED
    Character set: UTF-8
    Destination: MyFamilyTree
    Source program: MyFamilyTree
    Program version: 14.1.1.0
    Date of file: 4 DEC 2024
    2 TIME 15:46:29.106
    1 _UID 826125EB43F647D686AB8DFF0AC133393DF6
    1 RIN MH:U1
    1 NAME Unknown
    1 _UID E7979B307B8A4FC8B70C8C2327DB3CE8FD93
    1 RIN MH:U2
    1 NAME Unknown
    1 _UID 682A4642E29D49EFA8A74D0B62BB83324A83
    1 RIN MH:U3
    1 NAME Unknown
    1 _UID 2B4DACAF248A4915B842A44491A981ED699B
    1 RIN MH:U4
    1 NAME Unknown
    1 _UID 5314436F35F046CFA5A24325C19BA7F9FE75
    1 RIN MH:U5
    1 NAME Unknown
    1 _UID A66D012D343D43D1A725D8F31625458D6A08
    1 RIN MH:U6
    1 NAME Unknown
    1 _UID B9C09F7D084F4AF3A7024BE5BE654354BC91
    1 RIN MH:U7
    1 NAME Unknown
    1 _UID 7FC4A42A9E1347CAA489C8AC098C73B32FEB
    1 RIN MH:U8
    1 NAME Unknown
    1 _UID 71C729D6E04F41C7BE31B28B28B6AACCEE4F
    1 RIN MH:U9
    1 NAME Unknown
    1 ADDR Sankt Klemens
    2 CONT Syddanmark
    2 CONT Denmark
    1 _UID BCCC3C608DDC440BB75CF34450DC86DBB3F4
    1 RIN MH:U10
    1 NAME Unknown
    1 ADDR Hà N?i
    2 CONT Vi?t Nam
    1 _UID 2FC5C2EA04F64835B9C9C462BDD7A6FEF7F4
    1 RIN MH:U11
    1 NAME Unknown
    1 _UID 3D981996E78F4862ACA6506BA0E7473FBED2
    1 RIN MH:U12
    1 NAME Unknown
    1 _UID 34F056E6FDF948E2927C39C4D0B5824BDDCF
    1 RIN MH:U13
    1 NAME Unknown
    1 ADDR Frederikssund
    2 CONT Capital Region of Denmark
    2 CONT Denmark
    1 _UID C781FA5A86FC4F958455B46ECE3D2CFD31C1
    1 RIN MH:U14
    1 NAME Unknown
    1 ADDR Gothenburg
    2 CONT Västra Götaland County
    2 CONT Sweden
    1 _UID 49E9518F50D1413F823E780D3A102D4AB9F3
    1 RIN MH:U15
    1 NAME Unknown
    1 ADDR Fredericia
    2 CONT Syddanmark
    2 CONT Danmark
    1 _UID 0573F52F4CFD41FBAD8F528DEF5788343EA5
    1 RIN MH:U16
    1 NAME Unknown
    1 _UID F9CB358F2CDA40758083B96EAA2DC29DA30A
    1 RIN MH:U17
    1 NAME Unknown
    1 _UID 4B24494532B84A73BD7CB44E93374DF1E700
    1 RIN MH:U18
    1 NAME Unknown
    1 _UID DC96C61D31A640BD9BFDEFAECE099F623620
    1 RIN MH:U19
    1 NAME Unknown
    1 _UID 3CA53357E240433BADC2CD10D35ACD3081A1
    1 RIN MH:U20
    1 NAME Unknown
    1 _UID ABA2A7A10CC340EC966AA43B1A2F0DF2B7D0
    1 RIN MH:U21
    1 NAME Unknown
    1 _UID B432900B4C5542D7A602759FB56484B84CCE
    1 RIN MH:U22
    1 NAME Unknown
    1 _UID F5631261B42247BDA13886553E3713A08117
    1 RIN MH:U23
    1 NAME Unknown
    1 _UID 490D381D1BD44727A6A3AC50D70EA06D3FD1
    1 RIN MH:U24
    1 NAME Unknown
    1 _UID 4C1EE72D52A14E4BAECEB451EC453774671F
    1 RIN MH:U25
    1 NAME Unknown
    1 _UID C58E5C31A786452FA72F33E161EF37A39590
    1 RIN MH:U26
    1 NAME Unknown
    1 _UID C2A9F39853C64A8AB7BD15CC2B2372746CF7
    1 RIN MH:U27
    1 NAME Unknown
    1 _UID DFB67C4B74124157B01CF6607041BBEAF2CB
    1 RIN MH:U28
    1 NAME Unknown
    1 ADDR Kecskemét
    2 CONT Bacs-Kiskun
    2 CONT Hungary
    1 _UID 0EC9E1568B1345BEB09BC80E34C27EE529B2
    1 RIN MH:U29
    1 NAME Unknown
    1 _UID 28C40DB260DE4C908D1D9DBAFD887FF6C0D1
    1 RIN MH:U30
    1 NAME Unknown
    1 _UID 862359AEADEB4EE284CAE8734D08F53AA519
    1 RIN MH:U31
    1 NAME Unknown
    1 ADDR 457 45  Hamburgsund
    2 CONT Sweden
    1 _UID 7F4B27E3C2C149D792E6A5FE645A7FCF9EE3
    1 RIN MH:U32
    1 NAME Unknown
    1 _UID F7CC67D77AB34BD4AA981C6CAE410DBACD47
    1 RIN MH:U33
    1 NAME Unknown
    1 _UID C47ADE70EC6343DDA892729584BE7CABA5AE
    1 RIN MH:U34
    1 NAME Unknown
    1 ADDR Denver
    2 CONT Colorado
    2 CONT 80202
    2 CONT United States
    1 _UID 64C2B63785D14CA681B276FE6BDE3EEE77B2
    1 RIN MH:U35
    1 NAME Unknown
    1 _UID 4210E8FDEDEE4DD7966993DBFCDE3014C1C6
    1 RIN MH:U36
    1 NAME Unknown
    1 _UID 202A30829E6F439BBD3B53080B10ABEBEB2A
    1 RIN MH:U37
    1 NAME Unknown
    1 _UID 1B816FBAFA1549C794AF162D812EF1515BCA
    1 RIN MH:U38
    1 NAME Unknown
    1 ADDR Grand Rapids
    2 CONT MI
    2 CONT 49525
    2 CONT United States
    1 _UID F260A581B87A4E5C948AE5D977681464871A
    1 RIN MH:U39
    1 NAME Unknown
    1 _UID 7DC239889C544160AD819AB4BFEAEDB2555F
    1 RIN MH:U40
    1 NAME Unknown
    1 _UID EF5BEEE14ADA44AAADB6B93FF37C9DDB6D76
    1 RIN MH:U41
    1 NAME Unknown
    1 _UID E32583359BEA4BB9B65C5EC274482C54B77D
    1 RIN MH:U42
    1 NAME Unknown
    1 _UID 6B9E839CE88D45EF99251F7195B216078367
    1 RIN MH:U43
    1 NAME Unknown
    1 _UID AB90007D895744E2B36C2EFFEFF5438BBC83
    1 RIN MH:U44
    1 NAME Unknown
    1 ADDR Kongsberg
    2 CONT Buskerud
    2 CONT Norway
    1 _UID 624849DB66EF494FA55B968FCA5738023BB6
    1 RIN MH:U45
    1 NAME Unknown
    1 _UID EB008AF0C51145E19A92B28D587CC870D88D
    1 RIN MH:U46
    1 NAME Unknown
    1 _UID E1BFD5BC44DF4A608F80C2832BEE77896B7C
    1 RIN MH:U47
    1 NAME Unknown
    1 _UID F12A57DDA0D34C6FA60169253BF8C4903943
    1 RIN MH:U48
    1 NAME Unknown
    1 _UID A5A86564B8BB4DDFBEF101C9C225B4612AFE
    1 RIN MH:U49
    1 NAME Unknown
    1 _UID 61E66F0FB2C241C298B3FF66154222066B6A
    1 RIN MH:U50
    1 NAME Unknown
    1 _UID 7B30316C3CDC4CB6AB6EEEC9B50E8CB839F5
    1 RIN MH:U51
    1 NAME Unknown
    1 _UID 9F2C63B8FD2E4B99A25464ABD52E826FEEC7
    1 RIN MH:U52
    1 NAME Unknown
    1 _UID 4101EC299F9C49F2B273F18924FD42855438
    1 RIN MH:U53
    1 NAME Unknown
    1 _UID 9D25EA2E14FB497F95A2E8095DF8AC03DD91
    1 RIN MH:U54
    1 NAME Unknown
    1 _UID 25C34230740B4DAA8BD9C45898CEBBE95A6E
    1 RIN MH:U55
    1 NAME Unknown
    1 _UID 7AF10D32F69D410B904BD5EA40E68B83579B
    1 RIN MH:U56
    1 NAME Unknown
    1 _UID F436659DD6634E019A52762C01ED8A48021C
    1 RIN MH:U57
    1 NAME Unknown
    1 _UID 908D2E8C2E4D410EACF59AE510D07A88A3B6
    1 RIN MH:U58
    1 NAME Unknown
    1 _UID 467455CB60A543848CB0760C8CE7E319D3EE
    1 RIN MH:U59
    1 NAME Unknown
    1 _UID 6165E0D3EC044B9F9478AA55B880CB14754A
    1 RIN MH:U60
    1 NAME Unknown
    1 _UID 9781EBD4DE114AEDB4FADF937F24EDD683A0
    1 RIN MH:U61
    1 NAME Unknown
    1 _UID C5A1A760826D4C2686191B334667BFB3DAD4
    1 RIN MH:U62
    1 NAME Unknown
    1 _UID AD834C438FEA4A9D933D02CADBC5E3306E29
    1 RIN MH:U63
    1 NAME Unknown
    1 _UID DD1AF1E6A37A41BA8B3EF91574491240CC80
    1 RIN MH:U64
    1 NAME Unknown
    1 _UID F84898DFC15C44418FBC489D8BDA9C6BF506
    1 RIN MH:U65
    1 NAME Unknown
    1 _UID FDD336478D8C4E109DB60209F87243BE8D8D
    1 RIN MH:U66
    1 NAME Unknown
    1 _UID 6E4D687032DC4AFB990DFEAD8C9026910A7B
    1 RIN MH:U67
    1 NAME Unknown
    1 _UID CC8DC9ED5BFE4BB994BA84295A941E67DA09
    1 RIN MH:U68
    1 NAME Unknown
    1 ADDR Sverige
    1 _UID 090B801ACB984B90863A0A33DCEDBB34A173
    1 RIN MH:U69
    1 NAME Unknown
    1 _UID E0966F40051E4A7ABFE16E80F89108E30E89
    1 RIN MH:U70
    1 NAME Unknown
    1 _UID 8738D798A59E482782A3AD3CCED7C786E077
    1 RIN MH:U71
    1 NAME Unknown
    1 ADDR Göteborg
    2 CONT Västra Götaland
    2 CONT Sweden
    1 _UID C212FF501B9E42F0A136ED00EEDE58C8BE1C
    1 RIN MH:U72
    1 NAME Unknown
    1 _UID 80F0DC439E7F4C07990992EEA701C3EE7ABF
    1 RIN MH:U73
    1 NAME Unknown
    1 _UID 66BB97891EFE424BAA6CAF85F3A45CADD429
    1 RIN MH:U74
    1 NAME Unknown
    1 ADDR Fontaniva
    2 CONT Veneto
    2 CONT Italy
    1 _UID 62029594EF5542B7B774A5361D4FFC2F671E
    1 RIN MH:U75
    1 NAME Unknown
    1 _UID A43E23C9F8E24DEEA4F7D6DF32C3A4F5C145
    1 RIN MH:U76
    1 NAME Unknown
    1 _UID 4ADB579CA8D848DAAAA3E0398C467B6BD84A
    1 RIN MH:U77
    1 NAME Unknown
    1 _UID FC154EA828044AE0A9A16B0E461EC40E5616
    1 RIN MH:U78
    1 NAME Unknown
    1 _UID CC6D62CB51D34A6AB87B514B06D6A123ADC2
    1 RIN MH:U79
    1 NAME Unknown
    1 _UID 3A656579DCB441F6BE0B0CEEC546A0CB7D8E
    1 RIN MH:U80
    1 NAME Unknown
    1 _UID 8067114228EF44409AE0F6A48DC8D79EB31E
    1 RIN MH:U81
    1 NAME Unknown
    1 _UID 6EABAF6F50114FE583563D4793F646F1E9A6
    1 RIN MH:U82
    1 NAME Unknown
    1 _UID 5C0798FE633543348FE461F264D6AA94466A
    1 RIN MH:U83
    1 NAME Unknown
    1 _UID A5787745E4DA47719C342B2C6E374F067053
    1 RIN MH:U84
    1 NAME Unknown
    1 _UID 2F5EBBF11ED745B8B46D05EADC6B0132B5E8
    1 RIN MH:U85
    1 NAME Unknown
    1 _UID 7FD8D61B3D494BAAAB5EBC2B9671DB2CC148
    1 RIN MH:U86
    1 NAME Unknown
    1 _UID 29450AC4A2C1449183834EDB19687A9D3BB4
    1 RIN MH:U87
    1 NAME Unknown
    1 _UID 764F77CEFE6B47B1B61B2EBAE61BEB3F4F9A
    1 RIN MH:U88
    1 NAME Unknown
    1 _UID 4B408ED24F4342A08F8A8DCBB2F497E1EEDD
    1 RIN MH:U89
    1 NAME Unknown
    1 _UID F66398C00F3044869B04F95378CBA37500C4
    1 RIN MH:U90
    1 NAME Unknown
    1 _UID BC5AD720D82E416C9B86534D96F374B33199
    1 RIN MH:U91
    1 NAME Unknown
    1 _UID 192276A6EEE64B14AD155810621AF6B5DBEE
    1 RIN MH:U92
    1 NAME Unknown
    1 _UID 089D560807CE4EA49D91211D6667FF939561
    1 RIN MH:U93
    1 NAME Unknown
    1 _UID 158B2A76ACA2497DBD52263B6BA2BFE47429
    1 RIN MH:U94
    1 NAME Unknown
    1 _UID 35BD64485B4B4109995E66D0D7C27CFCCC3F
    1 RIN MH:U95
    1 NAME Unknown
    1 ADDR Århus
    2 CONT Danmark
    1 _UID 56A7908DFDD34B88815C4EF96D20CAD60E90
    1 RIN MH:U96
    1 NAME Unknown
    1 _UID F57B61D181B645F7B299A4722A8982D37E9A
    1 RIN MH:U97
    1 NAME Unknown
    1 _UID 90B8247620BA4144993E232AC2841934F842
    1 RIN MH:U98
    1 NAME Unknown
    1 _UID E36576329C574BE98DA4BD7AB7AEBE8325DE
    1 RIN MH:U99
    1 NAME Unknown
    1 _UID FE086422FF1848FAAB4B29BFBA260A06B3AA
    1 RIN MH:U100
    1 NAME Unknown
    1 _UID 92E6D75F31884D769E4247169327D5EEE4AA
    1 RIN MH:U101
    1 NAME Unknown
    1 _UID 0B9CA3174FAF4EDE885083A4EF12FC1BA2B7
    1 RIN MH:U102
    1 NAME Unknown
    1 _UID 61F5D1009B8049EFB4D970D1ECA87268B616
    1 RIN MH:U103
    1 NAME Unknown
    1 _UID ED27563469C545D6B8FB00CAD96FDD51DA57
    1 RIN MH:U104
    1 NAME Unknown
    1 _UID D1E47243F31740AEBC9C576A1CE1932B36B2
    1 RIN MH:U105
    1 NAME Unknown
    1 _UID 12E39405D34045F5B751621F7D03CE0EC036
    1 RIN MH:U106
    1 NAME Unknown
    1 _UID 891B181BAEB347518EAD3F329BF003667093
    1 RIN MH:U107
    1 NAME Unknown
    1 _UID 6E9A6B09F629402395596722375D5812731B
    1 RIN MH:U108
    1 NAME Unknown
    1 _UID 1ADF9A4694CB436AB8E5616209FA190B6C2E
    1 RIN MH:U109
    1 NAME Unknown
    1 _UID 424342BE7ACF4863B24DEB0788FC3CACD6BF
    1 RIN MH:U110
    1 NAME Unknown
    1 _UID 48577D8580814D5EA92ABE8A9E72805149BE
    1 RIN MH:U111
    1 NAME Unknown
    1 _UID ECAC0C849F8D423D8DCBE4B3805F5FAFAFC2
    1 RIN MH:U112
    1 NAME Unknown
    1 _UID 6CD8953DF8E64D849B38801391EEB6E444EC
    1 RIN MH:U113
    1 NAME Unknown
    1 _UID 0E8942C48CAE4F9CA3F307D6A2CEC464CD06
    1 RIN MH:U114
    1 NAME Unknown
    1 _UID C3EEE28754BC48F78E58C450F79F9C4FE41C
    1 RIN MH:U115
    1 NAME Unknown
    1 _UID 699F2FA12E5943DCB457CA86FC1A9A47D009
    1 RIN MH:U116
    1 NAME Unknown
    1 _UID BD73EBEE1FCB4BA5AF0ACA13F447B4A810F3
    1 RIN MH:U117
    1 NAME Unknown
    1 _UID 65372E0437F9476983E634201408188C2B5D
    1 RIN MH:U118
    1 NAME Unknown
    1 _UID 584C27FFF5C144F485AADE36F0D42EA9965D
    1 RIN MH:U119
    1 NAME Unknown
    1 _UID 0CBA4AB9A52D454D9DBFB078F93139B7CB62
    1 RIN MH:U120
    1 NAME Unknown
    1 _UID 557C6565038C467384DC32A82472B2C72CD3
    1 RIN MH:U121
    1 NAME Unknown
    1 _UID B057528F07EA49CFAF2E31019FF50257EDF6
    1 RIN MH:U122
    1 NAME Unknown
    1 _UID BA581ACEA82D4A2EA6F4A79117D2A79E4754
    1 RIN MH:U123
    1 NAME Unknown
    1 ADDR 1 lieu dit Magrens
    1 _UID 53664BF16C884F9B865A5139890F0DE0C2E6
    1 RIN MH:U124
    1 NAME Unknown
    1 _UID FB3BE1E592D242B881FC38879649C6F32E8F
    1 RIN MH:U125
    1 NAME Unknown
    1 _UID 38C9A8EB77994EA19CE4BB43CD58D4717B64
    1 RIN MH:U126
    1 NAME Unknown
    1 _UID CDE12F2ADA6949C08D1C33BDED4F3DCD32FF
    1 RIN MH:U127
    1 NAME Unknown
    1 _UID 57D64A401401412195652308B97135FCAEF6
    1 RIN MH:U128
    1 NAME Unknown
    1 _UID 82E51F671F124B23993B0ED11B0CDAA2E28F
    1 RIN MH:U129
    1 NAME Unknown
    1 ADDR Katy
    2 CONT Texas
    2 CONT 77493
    2 CONT United States
    1 _UID 6F550F33EED44DD68D1087B436797B2F1C0E
    1 RIN MH:U130
    1 NAME Unknown
    1 _UID ABD6ADF3E6954B6BBA25FD2FDFF87320C7FD
    1 RIN MH:U131
    1 NAME Unknown
    1 _UID 38783164FAC8481593FD6CC238D76EFF9E3C
    1 RIN MH:U132
    1 NAME Unknown
    1 _UID 581E937050434CC5BEA5317A08509EF112BA
    1 RIN MH:U133
    1 NAME Unknown
    1 _UID 3F606EF975134FE78C635608356E18B480FE
    1 RIN MH:U134
    1 NAME Unknown
    1 _UID 680A04B103D64D80B3B3CD7EE72A7DECF8E4
    1 RIN MH:U135
    1 NAME Unknown
    1 _UID AB7136B76DFD476D8FE3F796166515863CC0
    1 RIN MH:U136
    1 NAME Unknown
    1 _UID F4C96514FD9042ADADEA3FD01967E006BEFD
    1 RIN MH:U137
    1 NAME Unknown
    1 _UID 40FB717A90E44B5CA86A98691BB504A7CFC8
    1 RIN MH:U138
    1 NAME Unknown
    1 _UID 3B1B6A9BA02D461EB4955CAA29C08EE13337
    1 RIN MH:U139
    1 NAME Unknown
    1 _UID B4BCBCEFEF304BDD9DCAE47AF260A99BBDA3
    1 RIN MH:U140
    1 NAME Unknown
    1 _UID 75180E7948AA4722AC0EEB442C905B59C84E
    1 RIN MH:U141
    1 NAME Unknown
    1 _UID 9F1E3D54DF5D4F7CA6B4377382A378271DDE
    1 RIN MH:U142
    1 NAME Unknown
    1 _UID C8E37FB57DBB4B58AA9FA1D75D8BDC003F4A
    1 RIN MH:U143
    1 NAME Unknown
    1 _UID 5BB84DBD8D6E4B3F8FFCA226C81B1E201675
    1 RIN MH:U144
    1 NAME Unknown
    1 _UID F963BEEF0298425E95749A146EE0A004ECD6
    1 RIN MH:U145
    1 NAME Unknown
    1 _UID 6C5F4BBB87A64609B2FEA0468197AC27CE55
    1 RIN MH:U146
    1 NAME Unknown
    1 _UID 31A6B0C781DA411D9FCF6666608FD801095F
    1 RIN MH:U147
    1 NAME Unknown
    1 _UID 78130DA99EFE4DB8B60BE2E5E3AE22A6C3F6
    1 RIN MH:U148
    1 NAME Unknown
    1 _UID 9D121CA5528F43458176A150A06F23A1941B
    1 RIN MH:U149
    1 NAME Unknown
    1 _UID B875035425BA47819321212EA7806F1EE215
    1 RIN MH:U150
    1 NAME Unknown
    1 _UID D6B7BB83A06A4E229535C9B26F4B66B862B2
    1 RIN MH:U151
    1 NAME Unknown
    1 _UID D43B80D354454B6584F1BA1B7D5B7724687F
    1 RIN MH:U152
    1 NAME Unknown
    1 _UID 2F1C6D16C9DD46DB8CCB4FAA277F450DDDCB
    1 RIN MH:U153
    1 NAME Unknown
    1 _UID 0FF64323997D42A0896C3D7F73B3EB6A8FD4
    1 RIN MH:U154
    1 NAME Unknown
    1 _UID CA75F8B529F5420285237A66D2192E8271BD
    1 RIN MH:U155
    1 NAME Unknown
    1 _UID 5A505EB37C2645BDA219BD5DAF5581E099EF
    1 RIN MH:U156
    1 NAME Unknown
    1 _UID C3B2CE8951D840CF9099C24342F0F4F54DF1
    1 RIN MH:U157
    1 NAME Unknown
    1 _UID 4836334255C048D5893A7DE89E34321F7042
    1 RIN MH:U158
    1 NAME Unknown
    1 _UID 5869156EE3194829A83EFD3504AE544C1B52
    1 RIN MH:U159
    1 NAME Unknown
    1 _UID 95B9B41A8CD340CEADBF52182A7F3E5399A9
    1 RIN MH:U160
    1 NAME Unknown
    1 _UID D85FB702DB054757A62ED329ADE345F00385
    1 RIN MH:U161
    1 NAME Unknown
    1 _UID 0F7E45F74C3846BF809654B7752B6B9C1A7A
    1 RIN MH:U162
    1 NAME Unknown
    1 _UID F74B1C0C50184D8DACAC9A85F31F0DDC1E20
    1 RIN MH:U163
    1 NAME Unknown
    1 _UID 9ACDE768A3E54FEF834F5B4FEAA88CC4DAEF
    1 RIN MH:U164
    1 NAME Unknown
    1 ADDR Veszprém
    2 CONT 8200
    2 CONT Hungary
    1 _UID B40C52E780AD4EBBA5287821BF3A7B919A1F
    1 RIN MH:U165
    1 NAME Unknown
    1 _UID 83B916AFBEB94B07AF87978EDC9AEA860B37
    1 RIN MH:U166
    1 NAME Unknown
    1 _UID 36D89D0C9F3E45E6AA89879D43E1C4FDFB9E
    1 RIN MH:U167
    1 NAME Unknown
    1 _UID F872ECDC66884CB7BBFE70BFF5DA9BF166F7
    1 RIN MH:U168
    1 NAME Unknown
    1 ADDR Warns
    2 CONT Friesland
    2 CONT 8721
    2 CONT Netherlands
    1 _UID 4A97D51B449B4059B911C7AFF21621A15339
    1 RIN MH:U169
    1 NAME Unknown
    1 _UID 94EF3EB0EDFE4F658DAD2F35780A2867BF39
    1 RIN MH:U170
    1 NAME Unknown
    1 _UID CC05214B34B949D49A4AAEF91E18CE2D03A9
    1 RIN MH:U171
    1 NAME Unknown
    1 _UID F51137186E8E4EAEAB85BB2940063BF8DA9F
    1 RIN MH:U172
    1 NAME Unknown
    1 _UID 5D38E100FE944B42B84A838DFE646EBF3642
    1 RIN MH:U173
    1 NAME Unknown
    1 _UID 0368FE30B6A545ED831029B513922B0C73AD
    1 RIN MH:U174
    1 NAME Unknown
    1 _UID A8130A789FC14CE8AE3E6E52561DF48A6E91
    1 RIN MH:U175
    1 NAME Unknown
    1 _UID B2BC95728E934A8DAC17D2CBAA533F6E7757
    1 RIN MH:U176
    1 NAME Unknown
    1 ADDR Napa
    2 CONT CA
    2 CONT United States
    1 _UID ED30DE11EF5444F9881CC17D075E14856CB8
    1 RIN MH:U177
    1 NAME Unknown
    1 _UID 815AC28B1FF14F37A473BFC91ED0AE0A03CF
    1 RIN MH:U178
    1 NAME Unknown
    1 _UID 9DFD48B855FF431AB458BE0918C645074850
    1 RIN MH:U179
    1 NAME Unknown
    1 _UID 73D12AC807E9472E9CEB2A6618BF99B7D96B
    1 RIN MH:U180
    1 NAME Unknown
    1 _UID 24749021C4D54BBA9695FBE884B58C813B5D
    1 RIN MH:U181
    1 NAME Unknown
    1 _UID BBBA02C642D2478297A64CC78BD3F1E29B8C
    1 RIN MH:U182
    1 NAME Unknown
    1 _UID B67E11DC0E4740D4953020E222F8C494C333
    1 RIN MH:U183
    1 NAME Unknown
    1 _UID EAC36B5B095C4668A34F3BEFFECC99050A2B
    1 RIN MH:U184
    1 NAME Unknown
    1 _UID 2735AD026879472EA73A9D5427729FB62198
    1 RIN MH:U185
    1 NAME Unknown
    1 _UID 4CFF35A8BF93468595D089FFF08DE6D86D61
    1 RIN MH:U186
    1 NAME Unknown
    1 _UID 905C1E5244844629AF8726BF8B1757D67DF8
    1 RIN MH:U187
    1 NAME Unknown
    1 _UID 09317C11942C4B08B0113EFDA2F688433937
    1 RIN MH:U188
    1 NAME Unknown
    1 _UID 9831543D8ECE4D658855ECF7DCA11B94542C
    1 RIN MH:U189
    1 NAME Unknown
    1 _UID F420EC5896F84F7498C917B460FA6FBB59AE
    1 RIN MH:U190
    1 NAME Unknown
    1 ADDR Waihi
    2 CONT Waikato
    2 CONT New Zealand
    1 _UID 806E3C15CF41462B91E581FDB77BF48B650B
    1 RIN MH:U191
    1 NAME Unknown
    1 _UID B3C225A53D4145C6B3ABC693EFA4EAC0BC48
    1 RIN MH:U192
    1 NAME Unknown
    1 _UID 8A1BB8C7E272470D83ECC8A7DD0BE8BA34B7
    1 RIN MH:U193
    1 NAME Unknown
    1 ADDR St. George
    2 CONT Utah
    2 CONT 84770
    2 CONT United States
    1 _UID 4E00704E41CD49CD8077B1612261C79215F7
    1 RIN MH:U194
    1 NAME Unknown
    1 _UID 2E530F5CB6B14977A9B8E846B2C8AA9D6396
    1 RIN MH:U195
    1 NAME Unknown
    1 _UID 5B62AE4833264B79ACE23E511464B4D0E91A
    1 RIN MH:U196
    1 NAME Unknown
    1 _UID C41B08BE142E41E1BB7295CB43CE7C446765
    1 RIN MH:U197
    1 NAME Unknown
    1 _UID B94C937BD1124AAD88404A22E85B91AFA4C0
    1 RIN MH:U198
    1 NAME Unknown
    1 _UID 8D13882CF0C44C1CB340989D3007ADD55136
    1 RIN MH:U199
    1 NAME Unknown
    1 _UID D910FB560B2D455C9CDB21A6BD6624F08838
    1 RIN MH:U200
    1 NAME Unknown
    1 _UID E7BAAED06F274268B37FBF82F6FABEFA7AD8
    1 RIN MH:U201
    1 NAME Unknown
    1 _UID 7210F6FF2A5B444ABF833774CBC01D6A89C5
    1 RIN MH:U202
    1 NAME Unknown
    1 ADDR Santiago
    2 CONT Región Metropolitana
    2 CONT Chile
    1 _UID F6646525DA984A4180AB355B74BC3F89944D
    1 RIN MH:U203
    1 NAME Unknown
    1 _UID 2AD50E8C2C2942EC8600EB198CB042B9DD5A
    1 RIN MH:U204
    1 NAME Unknown
    1 _UID B725410CFE084719A8AEDD2880EA67D18C01
    1 RIN MH:U205
    1 NAME Unknown
    1 _UID 22933530CF924354B1BA30CCF40C90727BDF
    1 RIN MH:U206
    1 NAME Unknown
    1 _UID 5DA17EF74F264CDBB490E51A74549F722B9B
    1 RIN MH:U207
    1 NAME Unknown
    1 ADDR Johannesburg
    2 CONT South Africa
    1 _UID CFD8B039F0964372A8D9C0E0463CD999E095
    1 RIN MH:U208
    1 NAME Unknown
    1 _UID C189EA40B1444E1F8512AB36C62B7ED28F9B
    1 RIN MH:U209
    1 NAME Unknown
    1 _UID 2A34B3A43EE74E48B085A3F1FFB652F63695
    1 RIN MH:U210
    1 NAME Unknown
    1 _UID AD2AEEDD71D94F3091D41D77781EF2E2CE3D
    1 RIN MH:U211
    1 NAME Unknown
    1 _UID 43E953C65045427AAE9B1292CCEF85D89BD6
    1 RIN MH:U212
    1 NAME Unknown
    1 _UID 49B19362B5124C52A2DE5853A0CE7945AB01
    1 RIN MH:U213
    1 NAME Unknown
    1 _UID A09F60A9FF6243978C74582E7410D984EAF5
    1 RIN MH:U214
    1 NAME Unknown
    1 _UID E03F08B3952045078528FC69854B1AAF8692
    1 RIN MH:U215
    1 NAME Unknown
    1 _UID 931D0FC4015B4B75893FCDF1A92DB92ADEF4
    1 RIN MH:U216
    1 NAME Unknown
    1 _UID 169EC42FCF004EED8C88BADF6D1B3964837C
    1 RIN MH:U217
    1 NAME Unknown
    1 _UID 55060BEF03784712920F5D516B4EDAEDF80E
    1 RIN MH:U218
    1 NAME Unknown
    1 _UID 2B7139716E014CF99FC3E362007E54AD206E
    1 RIN MH:U219
    1 NAME Unknown
    1 _UID 087BF82271A84ED598AB55D80F7C359BA464
    1 RIN MH:U220
    1 NAME Unknown
    1 _UID 74B20AF86F254B4A8A6D0C12D4E5D13121E4
    1 RIN MH:U221
    1 NAME Unknown
    1 _UID 4DBA9DCA249449C89B91D21D3A13538B7D1A
    1 RIN MH:U222
    1 NAME Unknown
    1 _UID AEFB321055484B928A8D159D0C8400D18F8C
    1 RIN MH:U223
    1 NAME Unknown
    1 _UID 52045FD8375F4C26888746E845A6C2C443E8
    1 RIN MH:U224
    1 NAME Unknown
    1 _UID 74EFDDB7B1E3478984061C494B9ED3F6FC47
    1 RIN MH:U225
    1 NAME Unknown
    1 ADDR Tucson
    2 CONT Arizona
    2 CONT 85716
    2 CONT United States
    1 _UID 1E094EC9F3D948B1AEA8D15608F614D7693D
    1 RIN MH:U226
    1 NAME Unknown
    1 _UID 74EFB8E01C164694967EBE4EE4175A55D1DD
    1 RIN MH:U227
    1 NAME Unknown
    1 _UID E8330C5111584A9F9364111F64434F9D843A
    1 RIN MH:U228
    1 NAME Unknown
    1 _UID 2CC81727EBE14013AEC215BC643195631F27
    1 RIN MH:U229
    1 NAME Unknown
    1 _UID E3F3FB3F42B84635844FE26C45BBBBD13230
    1 RIN MH:U230
    1 NAME Unknown
    1 _UID E1C68FA92E374EA28B4BF13505207B734345
    1 RIN MH:U231
    1 NAME Unknown
    1 _UID 881805F85E794AF7B4E52D236193C15AADAD
    1 RIN MH:U232
    1 NAME Unknown
    1 _UID 55C3353363284468A8B5FFF75E363FA58223
    1 RIN MH:U233
    1 NAME Unknown
    1 _UID 19CA386910A24AB8841776157D235A5BB337
    1 RIN MH:U234
    1 NAME Unknown
    1 _UID 44CAFCF52A124C0F8F3CD1CD4B0718C52EC5
    1 RIN MH:U235
    1 NAME Unknown
    1 _UID 2ADCFCD77C3D4A89A9C99FCFD8470180E59E
    1 RIN MH:U236
    1 NAME Unknown
    1 _UID EC530BE6680F4EA38829319E6533CAC03A4D
    1 RIN MH:U237
    1 NAME Unknown
    1 _UID C8BB47CAB5C241D585813F5A282D47177329
    1 RIN MH:U238
    1 NAME Unknown
    1 _UID DA64899DD50C40D3A1A411DDBB703007ED3C
    1 RIN MH:U239
    1 NAME Unknown
    1 _UID A79652D4061B444A8C4104A0B2B49477F40F
    1 RIN MH:U240
    1 NAME Unknown
    1 _UID 3935084AFCD44C5C84784BB9CD11C9906F4D
    1 RIN MH:U241
    1 NAME Unknown
    1 _UID DEA41E9529B54915AA0C4B31FBC2C7436A59
    1 RIN MH:U242
    1 NAME Unknown
    1 _UID 3DEC4C4B15BE4F038911C5414F63C14F47CA
    1 RIN MH:U243
    1 NAME Unknown
    1 _UID FCFB107D4CF94FA380A1BDAA04807F377DAE
    1 RIN MH:U244
    1 NAME Unknown
    1 _UID CA85A469CDB841059C14F103AED55B3FE840
    1 RIN MH:U245
    1 NAME Unknown
    1 _UID 1FEB8CF601764C02BBC2E598E0D533EF22D3
    1 RIN MH:U246
    1 NAME Unknown
    1 _UID 1942E8AE5DFA4FCC95CB08B2F2B8A75321C0
    1 RIN MH:U247
    1 NAME Unknown
    1 _UID 051318BDB91A4105B88DE6177492D0617FD0
    1 RIN MH:U248
    1 NAME Unknown
    1 ADDR ???????? ??.
    1 _UID 14CBFDBB4A2C4E19BDD4B9FE5E3FF8EB3CD3
    1 RIN MH:U249
    1 NAME Unknown
    1 _UID AD4B49A2F67A4896A736E15A921000210C9C
    1 RIN MH:U250
    1 NAME Unknown
    1 _UID 52E53268C2F0464E954DE4B7D3BAD2D9CC16
    1 RIN MH:U251
    1 NAME Unknown
    1 _UID 70B9FAD5B2244BB39A93BAE97F2573D68956
    1 RIN MH:U252
    1 NAME Unknown
    1 _UID 6CDC0C8F82EA4C13AB8F3E5A0EBB7E420976
    1 RIN MH:U253
    1 NAME Unknown
    1 _UID 00B50FC037864153923C46CDFFE380536BC9
    1 RIN MH:U254
    1 NAME Unknown
    1 _UID 66CD9A67F04D492CA4F134A9FE71E3EE983A
    1 RIN MH:U255
    1 NAME Unknown
    1 _UID 366F0E0D32874A898F1CE2F12FB272264341
    1 RIN MH:U256
    1 NAME Unknown
    1 _UID 5DC25387CD37475EBC1C97EFAC42572D72CA
    1 RIN MH:U257
    1 NAME Unknown
    1 _UID DD74201C0A9D4C848DC121DCDD82D40B8D09
    1 RIN MH:U258
    1 NAME Unknown
    1 _UID 77C3B2D2E9194733AB9DA4D8DC76C7F209D8
    1 RIN MH:U259
    1 NAME Unknown
    1 _UID 36215C715E3A4A1180CCF95BDBF5E4036EBE
    1 RIN MH:U260
    1 NAME Unknown
    1 _UID 6DDCCEDBD37241FC8C7BB494847A27C4ACB0
    1 RIN MH:U261
    1 NAME Unknown
    1 _UID 2B3F9A48E85C486C81F34BCEE171BBC5A36C
    1 RIN MH:U262
    1 NAME Unknown
    1 _UID 178511B1DBAD40F3B7F73D9986B9498BB028
    1 RIN MH:U263
    1 NAME Unknown
    1 ADDR Cartersville
    2 CONT Georgia
    2 CONT 30120
    2 CONT United States
    1 _UID F1AABAC9A7934AD7AA33956D9264DBF92276
    1 RIN MH:U264
    1 NAME Unknown
    1 _UID E7A7E6BF601948DD8CEDE426220DE6F05904
    1 RIN MH:U265
    1 NAME Unknown
    1 _UID 32321F1A55D6419F9064EC8894F3F3921C6E
    1 RIN MH:U266
    1 NAME Unknown
    1 _UID 12656B6F050048258AFCFC754E4CF33A8182
    1 RIN MH:U267
    1 NAME Unknown
    1 _UID 0CA9B27034294201AF0F9E68F3E76858D529
    1 RIN MH:U268
    1 NAME Unknown
    1 _UID F1B077274DB24AC9B5C31D5D0C7D850E5F4F
    1 RIN MH:U269
    1 NAME Unknown
    1 _UID 683E13CB1F89497F9607CFBA26BE44F83AD2
    1 RIN MH:U270
    1 NAME Unknown
    1 _UID DAE31A6839244123B9ABB3A27E7A7B406C0B
    1 RIN MH:U271
    1 NAME Unknown
    1 _UID 4AE2BE46F8EB486A9966D7185564C8A1D5D8
    1 RIN MH:U272
    1 NAME Unknown
    1 _UID 5C886B0B74CB4DC6B15B22F099C5C8100016
    1 RIN MH:U273
    1 NAME Unknown
    1 _UID 08909F7386C64D8EB53CCE866E69BB18C082
    1 RIN MH:U274
    1 NAME Unknown
    1 _UID 9C9C1B5524B547B798249CC890DA2A5D9026
    1 RIN MH:U275
    1 NAME Unknown
    1 _UID 4A8BD8968BF24BE6B88789071E1EB414C439
    1 RIN MH:U276
    1 NAME Unknown
    1 _UID B0DB992DB6BC485C84AF16572D58DEC22C7E
    1 RIN MH:U277
    1 NAME Unknown
    1 _UID CCAC7EF0FE5C4958A5E384DD9E9D2B94C4B5
    1 RIN MH:U278
    1 NAME Unknown
    1 _UID F59C8017DB5643C9881FC06FA70918444733
    1 RIN MH:U279
    1 NAME Unknown
    1 _UID 3004292FA154420390E3A84204D2C98A4C45
    1 RIN MH:U280
    1 NAME Unknown
    1 _UID 8C21F801FA68407B9C97A711B082D6E99F6A
    1 RIN MH:U281
    1 NAME Unknown
    1 _UID 8E22B9B8DADD4C1590C2EB2F7AF12E59976B
    1 RIN MH:U282
    1 NAME Unknown
    1 _UID 672D6FCB5CE849AD8D78DDC038DF89E02AB8
    1 RIN MH:U283
    1 NAME Unknown
    1 _UID 872DB0B6AC5B4BBB9E3BA7F6E493936E158D
    1 RIN MH:U284
    1 NAME Unknown
    1 _UID 1E4293822F9B45BF845073BF1610BC729DD7
    1 RIN MH:U285
    1 NAME Unknown
    1 _UID CFFC228D1F94401EA1B9C9E9CDFF0EDB4C99
    1 RIN MH:U286
    1 NAME Unknown
    1 _UID C8936DDF319449B89AD835DD230AFB122B59
    1 RIN MH:U287
    1 NAME Unknown
    1 _UID 61EC3B30B9BA42BA8188375AD917A36CC07D
    1 RIN MH:U288
    1 NAME Unknown
    1 _UID D1CFA570CFC941E887C541016157D946DB97
    1 RIN MH:U289
    1 NAME Unknown
    1 _UID FD1BC8E0120B4879B86DBAA4E12DC100F0EF
    1 RIN MH:U290
    1 NAME Unknown
    1 _UID E997510E945149538FBEC8546DE6EAE5EBDA
    1 RIN MH:U291
    1 NAME Unknown
    1 _UID 6A7D938328C341F78FC293BB0FDC09A95C88
    1 RIN MH:U292
    1 NAME Unknown
    1 _UID C7DC2C57396D4EC49A561185F8E74A831047
    1 RIN MH:U293
    1 NAME Unknown
    1 _UID 419828991F3D4C27A51E96E6AD8F4E9BCDEB
    1 RIN MH:U294
    1 NAME Unknown
    1 _UID E914D1B804AD443C82508CF17AA2E7BCC57A
    1 RIN MH:U295
    1 NAME Unknown
    1 _UID 9CF2DDDDDC3C47BB8BA1C1905211CA94A032
    1 RIN MH:U296
    1 NAME Unknown
    1 ADDR Szeged
    2 CONT Csongrád
    2 CONT Hungary
    1 _UID 38BEDE6D40884233A28BDCDB1419656D61A4
    1 RIN MH:U297
    1 NAME Unknown
    1 _UID E7246D2BF58A418EA7ACDB45F1BCEF4A4A2A
    1 RIN MH:U298
    1 NAME Unknown
    1 ADDR Australia
    1 _UID 4D39D2FD067849139A3DF9227DF06B8A8390
    1 RIN MH:U299
    1 NAME Unknown
    1 _UID 67E29D5BDCEB4724BA3B4D4D654C486B6685
    1 RIN MH:U300
    1 NAME Unknown
    1 _UID 0895B4B8CFC041B58638B0F88724B4ED40D3
    1 RIN MH:U301
    1 NAME Unknown
    1 _UID F2F38A6F550244E9A93F7DF560BA935FC862
    1 RIN MH:U302
    1 NAME Unknown
    1 _UID AE5EFEEA167C4ADAAFC190ED08EC1D03ABF3
    1 RIN MH:U303
    1 NAME Unknown
    1 _UID 63C1D60168DD4A6BB9177AE2A3CAF82AB0F9
    1 RIN MH:U304
    1 NAME Unknown
    1 _UID EF81B79D46444F81939DBF187B157EED2036
    1 RIN MH:U305
    1 NAME Unknown
    1 _UID D24ECB6A553C44AFB11C3B2A3F8A03966D43
    1 RIN MH:U306
    1 NAME Unknown
    1 _UID 8A653380BB84467A926433A724FCC8E33C03
    1 RIN MH:U307
    1 NAME Unknown
    1 _UID F1FF3AA142564484A6DF94D9FAE518647899
    1 RIN MH:U308
    1 NAME Unknown
    1 ADDR South Bend
    2 CONT IN
    2 CONT 46619
    2 CONT United States
    1 _UID 6A1808596D064E379FB4B69A0F8C465AB946
    1 RIN MH:U309
    1 NAME Unknown
    1 _UID 87517E44BB98445D8A28B861B04FA76A69C2
    1 RIN MH:U310
    1 NAME Unknown
    1 _UID CC8562578B3040B5877BAA8A54EC18E32B2D
    1 RIN MH:U311
    1 NAME Unknown
    1 _UID 8D32FC656AE348DB888498784F717ACEB4F8
    1 RIN MH:U312
    1 NAME Unknown
    1 _UID 09A27039C99345F7920324839ABEE774DB21
    1 RIN MH:U313
    1 NAME Unknown
    1 _UID C6637223CFC34A41988F1113B74E518C08D4
    1 RIN MH:U314
    1 NAME Unknown
    1 _UID F720DB0A704742DB92245B277C00D919768C
    1 RIN MH:U315
    1 NAME Unknown
    1 _UID 914537879AAD4283927D64F2C5B07D82797B
    1 RIN MH:U316
    1 NAME Unknown
    1 _UID F42945E8394C4128A39D4938664920996194
    1 RIN MH:U317
    1 NAME Unknown
    1 _UID 06DED316E99B4C5FBBA541A1E38AA582D2EA
    1 RIN MH:U318
    1 NAME Unknown
    1 _UID 018A1D68F92C4B6AA07BB822F4F85D537B58
    1 RIN MH:U319
    1 NAME Unknown
    1 _UID E1C65D08FC154ECC88E3E7BECCFA970BAF03
    1 RIN MH:U320
    1 NAME Unknown
    1 _UID 8FCF257CF1AE48549688CC1658F498729069
    1 RIN MH:U321
    1 NAME Unknown
    1 _UID 743C278FFCBB4B8380ED8421472E63592E88
    1 RIN MH:U322
    1 NAME Unknown
    1 _UID E861DF6DEFED413E945C912A81B60192651B
    1 RIN MH:U323
    1 NAME Unknown
    1 _UID F7D7C796C18546B2A6386E220783654B11FA
    1 RIN MH:U324
    1 NAME Unknown
    1 _UID 0DBDF00E11344DA28B9075965D7DC4EFAFCB
    1 RIN MH:U325
    1 NAME Unknown
    1 _UID 88E0D1A1C43C41A696D237D55D708D15A433
    1 RIN MH:U326
    1 NAME Unknown
    1 _UID 8D76A49EE8814EAAB70A0D4642CDE2BA65C0
    1 RIN MH:U327
    1 NAME Unknown
    1 _UID 457015BC5A864DB1B0433C38A54B8390CEA7
    1 RIN MH:U328
    1 NAME Unknown
    1 _UID 5D05E508D4A749B98227328D7B866345DD18
    1 RIN MH:U329
    1 NAME Unknown
    1 _UID E98F1954714D42C5ABDE1D801874ACAAB205
    1 RIN MH:U330
    1 NAME Unknown
    1 _UID A653D3C07BD344B798680796483AE55C3517
    1 RIN MH:U331
    1 NAME Unknown
    1 _UID 5299501B4EA64668A50DE7127579DA5BC699
    1 RIN MH:U332
    1 NAME Unknown
    1 _UID 958149827B3246B1AA55AD77D0BD0F226611
    1 RIN MH:U333
    1 NAME Unknown
    1 _UID E7EE3891A3744724B93B83DE640205A6868C
    1 RIN MH:U334
    1 NAME Unknown
    1 _UID D081A7D6335D4660B29EB253985599BC9B08
    1 RIN MH:U335
    1 NAME Unknown
    1 _UID 62E916F970C0439FB7DFC042DA57FAE51436
    1 RIN MH:U336
    1 NAME Unknown
    1 _UID 85F929792DDF422BA4EC8FD7BD9C235E699F
    1 RIN MH:U337
    1 NAME Unknown
    1 _UID 34DBF6F1509F4E3CB25D6EF3081B4091D373
    1 RIN MH:U338
    1 NAME Unknown
    1 _UID 9591F21A34B54C5E9FFF6717D11198F65145
    1 RIN MH:U339
    1 NAME Unknown
    1 _UID A67AFCB2E20547E7ABBF8FE5C94DA1B83075
    1 RIN MH:U340
    1 NAME Unknown
    1 _UID 51B7067AC92646708E2713CB2EC7E42EC7F6
    1 RIN MH:U341
    1 NAME Unknown
    1 _UID C5B52C92A29D4DC3887664AAB4A566297BC9
    1 RIN MH:U342
    1 NAME Unknown
    1 _UID AA3D7FA7A3EC4CE18A95DFC14BADA95A838A
    1 RIN MH:U343
    1 NAME Unknown
    1 _UID 61709251BFD541C7926100383B51F08A81F5
    1 RIN MH:U344
    1 NAME Unknown
    1 _UID E04827D897EF4F6F96B5C95A31CCF6B98590
    1 RIN MH:U345
    1 NAME Unknown
    1 _UID CE24D9C43E0A454DB17EE5DDC2ACF72FEE5D
    1 RIN MH:U346
    1 NAME Unknown
    1 _UID B721EE62EE8D46E18AA2783D71174F0E90AD
    1 RIN MH:U347
    1 NAME Unknown
    1 _UID EF4730B9A7394C77BA5141EE5ED8CC24227B
    1 RIN MH:U348
    1 NAME Unknown
    1 _UID 7AFF4FCAB56B449B9DB1C9EF6AC3507C9082
    1 RIN MH:U349
    1 NAME Unknown
    1 _UID F616C8CD6C8C49FBACB9CEB8E382ECE2FB6B
    1 RIN MH:U350
    1 NAME Unknown
    1 _UID FE8AAFC9739744E4B3D4D6EC443FC6F6BA9D
    1 RIN MH:U351
    1 NAME Unknown
    1 _UID 1497187D4C3E4DC89096DB14AE80E09193AF
    1 RIN MH:U352
    1 NAME Unknown
    1 ADDR Nova Gorica
    2 CONT Slovenia
    1 _UID 9AC3FE91DCCC42C08C8A1620A58C60108308
    1 RIN MH:U353
    1 NAME Unknown
    1 _UID B943EE8B7A264E608F6F626D637AF8CF34FD
    1 RIN MH:U354
    1 NAME Unknown
    1 _UID AEBCB389A6294BB180A40BB5EBDF1350825B
    1 RIN MH:U355
    1 NAME Unknown
    1 _UID 858DCC8F7621490E91D83E81CBD52981CD30
    1 RIN MH:U356
    1 NAME Unknown
    1 _UID D7D08A459A79421588ABF6C632F1A4841A5F
    1 RIN MH:U357
    1 NAME Unknown
    1 _UID B7BB2EE615324776B2B92A6E819E6CD7EFF3
    1 RIN MH:U358
    1 NAME Unknown
    1 _UID ACA1FF4FFB2747D481999FCDD71B995841F8
    1 RIN MH:U359
    1 NAME Unknown
    1 _UID 8B48E762077B4DB5B0C7478565BFD2A780D0
    1 RIN MH:U360
    1 NAME Unknown
    1 _UID CD27D7C7B8724386BA29D89017AD46300ABE
    1 RIN MH:U361
    1 NAME Unknown
    1 _UID D9ED1DBBF1184007807759ADC70191468ADA
    1 RIN MH:U362
    1 NAME Unknown
    1 _UID 7D6D114368354D6F9F7E5CA189A3EAC88FF8
    1 RIN MH:U363
    1 NAME Unknown
    1 _UID B5D4897FAC604BDAB4339341AF41E26BBADF
    1 RIN MH:U364
    1 NAME Unknown
    1 _UID B36BF0D202254C87BBA59B2D4C86DE974998
    1 RIN MH:U365
    1 NAME Unknown
    1 _UID 2EBCBACF94DE4E7BAC1F6D0F8C40BF7EFE6A
    1 RIN MH:U366
    1 NAME Unknown
    1 _UID 871F392A87B745F9BE24D4EF1F9CAD9D2FFB
    1 RIN MH:U367
    1 NAME Unknown
    1 _UID B5C0762C52C648F287864C957A35363A76AC
    1 RIN MH:U368
    1 NAME Unknown
    1 _UID C341D938D8494C2BB9AC7BF618E6C5DA2015
    1 RIN MH:U369
    1 NAME Unknown
    1 _UID A900DE34FAA343A2A6E84F9818F87D66A563
    1 RIN MH:U370
    1 NAME Unknown
    1 _UID F8FF39E04DC84B76B4E2F50899421133986A
    1 RIN MH:U371
    1 NAME Unknown
    1 _UID EED3BC3B14FC45B89A136F06E94FBBEAC470
    1 RIN MH:U372
    1 NAME Unknown
    1 _UID 2BFF96EE995144FD8702DEEB1C1C07147E16
    1 RIN MH:U373
    1 NAME Unknown
    1 _UID DAE01D75FA144688A83F28CEE32281E26D24
    1 RIN MH:U374
    1 NAME Unknown
    1 _UID 6890062D32DB4430B89E48B4F95A516A0CEA
    1 RIN MH:U375
    1 NAME Unknown
    1 _UID 966DC163031D4882927FA82FAD418759C7DF
    1 RIN MH:U376
    1 NAME Unknown
    1 _UID 1A8C57CC4F644E0FBEF458BF0579DD8B88B0
    1 RIN MH:U377
    1 NAME Unknown
    1 _UID E7BC58319DD24002B0F793E7AE2F076B4DA9
    1 RIN MH:U378
    1 NAME Unknown
    1 _UID 3DBF9BBFC34C4134BF3B03B51BE142C38D7A
    1 RIN MH:U379
    1 NAME Unknown
    1 _UID FC75A043479344E7A445EDB98C906C72E286
    1 RIN MH:U380
    1 NAME Unknown
    1 _UID 16B519C249794778BF4EF37C1C806ABE678A
    1 RIN MH:U381
    1 NAME Unknown
    1 ADDR Santiago
    2 CONT Chile
    1 _UID 6E909E03A6FD49FDAD1C2FE37E0C8A2EA594
    1 RIN MH:U382
    1 NAME Unknown
    1 _UID E780B70403AD4EA297F95A79E77BB84F8E43
    1 RIN MH:U383
    1 NAME Unknown
    1 ADDR Vienna
    2 CONT Austria
    1 _UID 12249C73F15E4A7684A123C0DB286EE9B6BD
    1 RIN MH:U384
    1 NAME Unknown
    1 _UID 73DA418C6708494D90F86F83855196717670
    1 RIN MH:U385
    1 NAME Unknown
    1 _UID 8F2DC001EF374A89BA484271E5F4EF0F024C
    1 RIN MH:U386
    1 NAME Unknown
    1 _UID 2089F675EC0C417CAE789D5CC65A9A2FD1A1
    1 RIN MH:U387
    1 NAME Unknown
    1 _UID 967086573118472DA95F4CB1D4739EF17B52
    1 RIN MH:U388
    1 NAME Unknown
    1 _UID 45952ECB12F1427DA5381F602E65DEF153E8
    1 RIN MH:U389
    1 NAME Unknown
    1 _UID 10105BF553B64AC98C6E174DF02C5E036776
    1 RIN MH:U390
    1 NAME Unknown
    1 _UID C67C758BC9E54A4B8DF2A0C35F71B72917DE
    1 RIN MH:U391
    1 NAME Unknown
    1 _UID 74B12F2B1A794087826484EAEB9894C90DE5
    1 RIN MH:U392
    1 NAME Unknown
    1 _UID 2841666E38484F0E9538DB6F20E1293590EC
    1 RIN MH:U393
    1 NAME Unknown
    1 ADDR Tallinn
    2 CONT Harjumaa
    2 CONT Estonia
    1 _UID 6E153CCE5A564E3B9A302CD2ECF5976A704B
    1 RIN MH:U394
    1 NAME Unknown
    1 _UID C1F558E897444371A04A4ED8351842587CA4
    1 RIN MH:U395
    1 NAME Unknown
    1 _UID 9E09B226D5E341F1B4F3CEED5AD6D321EF3C
    1 RIN MH:U396
    1 NAME Unknown
    1 ADDR San Diego
    2 CONT CA
    2 CONT 92101
    2 CONT United States
    1 _UID 45F4DDB0B5F14D01B2ECFC6BEFAF4637DA13
    1 RIN MH:U397
    1 NAME Unknown
    1 _UID 3AA8538070BA46379EA0D83C5BEAE6381125
    1 RIN MH:U398
    1 NAME Unknown
    1 _UID 5233DC98535240A094378F9718B68BEAB257
    1 RIN MH:U399
    1 NAME Unknown
    1 _UID 951AC7A35CCE4ED79252255818DB433A39D9
    1 RIN MH:U400
    1 NAME Unknown
    1 _UID F4FC1057EA964F029FC8CF8A6F8B7A9DF9CB
    1 RIN MH:U401
    1 NAME Unknown
    1 _UID C0910D7E2206493AB0264BA82BDEC95F8124
    1 RIN MH:U402
    1 NAME Unknown
    1 _UID BBDDDD45569A4730BDEBDC2800238DB22FD0
    1 RIN MH:U403
    1 NAME Unknown
    1 _UID 71FA37EFAFB04DF29238212DDD9D1C1FFC84
    1 RIN MH:U404
    1 NAME Unknown
    1 _UID A90C3D6E55864A69B96831DC4DF2AEF0F9EB
    1 RIN MH:U405
    1 NAME Unknown
    1 _UID 8407A129308F4E7780BCF9082EE01B296805
    1 RIN MH:U406
    1 NAME Unknown
    1 _UID F379BDC6A4444801BC79CD9C494806DB300C
    1 RIN MH:U407
    1 NAME Unknown
    1 _UID 89F563FCA19947C89789EA65DEF4E8C312E1
    1 RIN MH:U408
    1 NAME Unknown
    1 _UID F7FA8E0AF8EF49BD8997F680C85D5DB44212
    1 RIN MH:U409
    1 NAME Unknown
    1 _UID ED990FE05FC447C7B0CECD93FAB7729E45FC
    1 RIN MH:U410
    1 NAME Unknown
    1 _UID 1ACE510A236E4B959590864BEA203EE4D6C6
    1 RIN MH:U411
    1 NAME Unknown
    1 ADDR Mar del Plata
    2 CONT Buenos Aires Province
    2 CONT Argentina
    1 _UID A5544457A67A40C58E563D8E7A21B2ECA16B
    1 RIN MH:U412
    1 NAME Unknown
    1 ADDR Rogaland
    2 CONT Norge
    1 _UID 796148D4F8B9430090AD7CE0508C7CE7C26A
    1 RIN MH:U413
    1 NAME Unknown
    1 ADDR Rio de Janeiro
    2 CONT RJ
    2 CONT Brasil
    1 _UID 5D582F05BA2C40C4999BF4969718859C61C0
    1 RIN MH:U414
    1 NAME Unknown
    1 _UID 23DD797EF7054D7582A494F8D3AE97018072
    1 RIN MH:U415
    1 NAME Unknown
    1 _UID DBF994FA652C4662AAAA30ABBC958052ED4D
    1 RIN MH:U416
    1 NAME Unknown
    1 _UID EDC856D7B14644178A2C50A8CF1734ACA82D
    1 RIN MH:U417
    1 NAME Unknown
    1 _UID E48E224A8EC74FF98A1C08924C293F73E2F6
    1 RIN MH:U418
    1 NAME Unknown
    1 _UID C455978D411F40959182AB9FE57947B42838
    1 RIN MH:U419
    1 NAME Unknown
    1 _UID B331802858774D98BFB418FD4971090994A5
    1 RIN MH:U420
    1 NAME Unknown
    1 _UID 3E19126CB1D7439A8DC970DE34089DAB620A
    1 RIN MH:U421
    1 NAME Unknown
    1 _UID 3477248A1F364573B043B4F9F2D43381804B
    1 RIN MH:U422
    1 NAME Unknown
    1 _UID 26B546D78FB84481B57CF58D8884D4E17847
    1 RIN MH:U423
    1 NAME Unknown
    1 _UID 7D0C8B5D2A7B4985BB12DC85E28335923EC3
    1 RIN MH:U424
    1 NAME Unknown
    1 _UID 86D80F8A933C48838A0ED94BAA4C4254D962
    1 RIN MH:U425
    1 NAME Unknown
    1 _UID BCF062F9B549407A894805D264EA68ACC97C
    1 RIN MH:U426
    1 NAME Unknown
    1 _UID 28D341479FF248C0ABE13770BB41E0729D4A
    1 RIN MH:U427
    1 NAME Unknown
    1 _UID 4DD968F97AAA4806AE0B31922413D1E865F8
    1 RIN MH:U428
    1 NAME Unknown
    1 _UID 5B5725A41C854B0483ECFABADCA4D76F54BF
    1 RIN MH:U429
    1 NAME Unknown
    1 _UID DB9AB2022E13484E9B3FED9033FAFC1494C8
    1 RIN MH:U430
    1 NAME Unknown
    1 _UID F48015B359C74BC0A944FBA9EC67C12C384A
    1 RIN MH:U431
    1 NAME Unknown
    1 _UID 55D05880B570458987D5F3C9AEE8EB67F0F6
    1 RIN MH:U432
    1 NAME Unknown
    1 _UID 51DD5E522B564173BD899D0945E47F882F64
    1 RIN MH:U433
    1 NAME Unknown
    1 ADDR Talking Rock
    2 CONT Georgia
    2 CONT United States
    1 _UID 5D17C309EB184182AE105408AF199B25A8D2
    1 RIN MH:U434
    1 NAME Unknown
    1 _UID 3B1D96113564461B88D93ED59BEBFF1D0FFF
    1 RIN MH:U435
    1 NAME Unknown
    1 _UID 156968B301624B18BB6AC817B081085DF9D7
    1 RIN MH:U436
    1 NAME Unknown
    1 _UID 113958A597B343839457E49736D3325E56F5
    1 RIN MH:U437
    1 NAME Unknown
    1 _UID DF4B6485782F46CD9D82B1B0C2EBD0E1AB7A
    1 RIN MH:U438
    1 NAME Unknown
    1 _UID 57FE786A72E4489592D171A74CEDA4A26486
    1 RIN MH:U439
    1 NAME Unknown
    1 _UID 218EF2379A3547B6B3B3A413DE78D2523B9E
    1 RIN MH:U440
    1 NAME Unknown
    1 _UID 9E92E4BE23F24D67BD19D87215905540F506
    1 RIN MH:U441
    1 NAME Unknown
    1 _UID 8D535F5220634DE3AD34FB0D0B78D0F979EB
    1 RIN MH:U442
    1 NAME Unknown
    1 _UID 9C050AE68C634E57A8A58D770B9274A42B03
    1 RIN MH:U443
    1 NAME Unknown
    1 _UID 981A03BDB8334E3F8C1DE116DC61B2D04983
    1 RIN MH:U444
    1 NAME Unknown
    1 _UID 9532B194A4ED4BCC95E13CD0E1684F6C3A76
    1 RIN MH:U445
    1 NAME Unknown
    1 _UID B18F1E1A87C2460BA4B5CC5331296F7ED145
    1 RIN MH:U446
    1 NAME Unknown
    1 _UID 3ED75AE36DD241708FDF9ED1B63A9E7E2B22
    1 RIN MH:U447
    1 NAME Unknown
    1 _UID A9ABACC5270E4B82BDE78ABE59673CC675EE
    1 RIN MH:U448
    1 NAME Unknown
    1 _UID CE2642D56A494907970BC986AF5ED97C6118
    1 RIN MH:U449
    1 NAME Unknown
    1 _UID FC6F6F5F257346B2A6D7A4EA5DDF5A5BC56C
    1 RIN MH:U450
    1 NAME Unknown
    1 _UID 05D23A59710548629DC9FA997F3C08F13705
    1 RIN MH:U451
    1 NAME Unknown
    1 _UID 6C3861AE78EA4445B864A21A0D9D7450E4FC
    1 RIN MH:U452
    1 NAME Unknown
    1 _UID D9214CE1CF67449EA79DA26176422358B9DB
    1 RIN MH:U453
    1 NAME Unknown
    1 _UID EED5172618F345DC918EE3687E7D2A11CC22
    1 RIN MH:U454
    1 NAME Unknown
    1 _UID CF8686F7A47E4A898E8A71E6C5FFFEABA38A
    1 RIN MH:U455
    1 NAME Unknown
    1 _UID 20FC905855FC4F8D81E56BFF8F0C99ED223E
    1 RIN MH:U456
    1 NAME Unknown
    1 _UID DFAFB5637970421B8261060D3E991B8458BA
    1 RIN MH:U457
    1 NAME Unknown
    1 _UID BD31B5A373784EC98C75347A8C1742F7D3A2
    1 RIN MH:U458
    1 NAME Unknown
    1 _UID 792ADB3B919A407E9A7C62F638119E0B02FF
    1 RIN MH:U459
    1 NAME Unknown
    1 _UID 4E3788C043A548F084B76C680924BDAA9029
    1 RIN MH:U460
    1 NAME Unknown
    1 _UID ADD5E30841B24F738C7A0213021AC4577446
    1 RIN MH:U461
    1 NAME Unknown
    1 _UID 18E6C56C68D24048B7F0DC4CF8FC287B57B5
    1 RIN MH:U462
    1 NAME Unknown
    1 _UID 9091E4F402A94E4B870E80BDD9BB5123170A
    1 RIN MH:U463
    1 NAME Unknown
    1 _UID AD4A76EC588C47BE9BF0AB939F519DE07800
    1 RIN MH:U464
    1 NAME Unknown
    1 _UID 981994CE4BB64FED9E12B5DD319728E264FE
    1 RIN MH:U465
    1 NAME Unknown
    1 _UID 152C829CE2D24D9C8EBD924FE44A400BA193
    1 RIN MH:U466
    1 NAME Unknown
    1 _UID 5047445C178744E78C715C049471022084AF
    1 RIN MH:U467
    1 NAME Unknown
    1 _UID E7CFF9109EA3443DAF70CD82551FEEDE2F80
    1 RIN MH:U468
    1 NAME Unknown
    1 _UID 8FE046BC2570497B8FB248E1A64495D78AF9
    1 RIN MH:U469
    1 NAME Unknown
    1 _UID 94C42DCDE3E04BB0A9CF634DD5ECE7604007
    1 RIN MH:U470
    1 NAME Unknown
    1 _UID 234EDD2335E74D3788C31D69EDF4E121C5BC
    1 RIN MH:U471
    1 NAME Unknown
    1 _UID ADF879311F4746D39BD131C139C2EA90A123
    1 RIN MH:U472
    1 NAME Unknown
    1 _UID 0302B153F81B4593BFCA1FACAB34C86554AA
    1 RIN MH:U473
    1 NAME Unknown
    1 _UID 713F5E7B8DF44154BBE33DD95106E0CB5553
    1 RIN MH:U474
    1 NAME Unknown
    1 _UID E0042EAB41BB4DB3A8C963AD96956713DF3B
    1 RIN MH:U475
    1 NAME Unknown
    1 _UID B0A0228CA288405B8DD0395BEA77C2A980EA
    1 RIN MH:U476
    1 NAME Unknown
    1 _UID 2189F9358D0E47858252C4B6BCC37ACC527C
    1 RIN MH:U477
    1 NAME Unknown
    1 _UID 6B3582EB5C3948CBA7074EF914C7C35CA42D
    1 RIN MH:U478
    1 NAME Unknown
    1 _UID 5AFDA0B992B049C599A3A3FB5E34716F4C22
    1 RIN MH:U479
    1 NAME Unknown
    1 _UID F3165B4C11DC48939AE8BFFEB275EC501A72
    1 RIN MH:U480
    1 NAME Unknown
    1 _UID 47AF7CB956D7473BB260D8F42048BAC49E90
    1 RIN MH:U481
    1 NAME Unknown
    1 _UID EFBECB1F91CC419EA8FB6A9A55466D51D353
    1 RIN MH:U482
    1 NAME Unknown
    1 _UID AFB1B062C4434FE1B014443593AF653AC703
    1 RIN MH:U483
    1 NAME Unknown
    1 _UID 4A685D45396D41538FED07FF046C0BD56076
    1 RIN MH:U484
    1 NAME Unknown
    1 _UID 292059527A0949948A9544E4A58967A6D6B3
    1 RIN MH:U485
    1 NAME Unknown
    1 _UID 7AF1A25C1F6742AE8B575518727D48D136A9
    1 RIN MH:U486
    1 NAME Unknown
    1 _UID D52386A647014513A7F0D7CCFF4DB0F9F3E5
    1 RIN MH:U487
    1 NAME Unknown
    1 _UID 98A0868D829B4021B64533D6B8E48ABCAF16
    1 RIN MH:U488
    1 NAME Unknown
    1 _UID A87EF39BA7F047F69359913E2737FAD57048
    1 RIN MH:U489
    1 NAME Unknown
    1 _UID D2EE4DA0C9FD46F89601B371A1943219EC02
    1 RIN MH:U490
    1 NAME Unknown
    1 _UID 746E45287277464690279B209060E96C7B98
    1 RIN MH:U491
    1 NAME Unknown
    1 _UID 60407B1CD14741B0AAE489CBDEACE6079981
    1 RIN MH:U492
    1 NAME Unknown
    1 _UID 4A57C0A7148541F296AF872CB5B86CFDA2B7
    1 RIN MH:U493
    1 NAME Unknown
    1 _UID 5A7CA11603B54A63A65ECB31C68728AC133C
    1 RIN MH:U494
    1 NAME Unknown
    1 _UID C1D46DB251F44712AC9311F372E73B88B131
    1 RIN MH:U495
    1 NAME Unknown
    1 _UID A7F38AA56FE345369FDC6D0A7C5B8411F4FD
    1 RIN MH:U496
    1 NAME Unknown
    1 _UID C37901BA4FF14AC2A925656D23A71D0BD51C
    1 RIN MH:U497
    1 NAME Unknown
    1 _UID 1A3851B427A54034A3B881BA365C3BC4BEA7
    1 RIN MH:U498
    1 NAME Unknown
    1 _UID 7E20857504614BB49FDF3E6436A02BAECBC9
    1 RIN MH:U499
    1 NAME Unknown
    1 _UID 9B0056E665E849C389E23ED74E357B8E3CF3
    1 RIN MH:U500
    1 NAME Unknown
    1 _UID 6E8CD111A5334244AA4C6C1779EB9540ECB2
    1 RIN MH:U501
    1 NAME Unknown
    1 _UID E593E12281CF47268281E3C97881B7B74E60
    1 RIN MH:U502
    1 NAME Unknown
    1 _UID DA6F6D11992943CE93CEC9C72B11041BE694
    1 RIN MH:U503
    1 NAME Unknown
    1 _UID 99B93D793B0140DB9C70C990B8B3A35527EE
    1 RIN MH:U504
    1 NAME Unknown
    1 _UID FBDF0163FD2E4125954FA19A788176177482
    1 RIN MH:U505
    1 NAME Unknown
    1 _UID 73551806935145E8AFC5DC1A8F764635E1E6
    1 RIN MH:U506
    1 NAME Unknown
    1 _UID DE5F65EA61F94771BC49F96D12DAFAC6B53D
    1 RIN MH:U507
    1 NAME Unknown
    1 _UID 57B498AEABEB48B886260027703B0385ED80
    1 RIN MH:U508
    1 NAME Unknown
    1 _UID 82A3B65524B846DAAC094113EADBDCCCA231
    1 RIN MH:U509
    1 NAME Unknown
    1 _UID BDC5A62A15094A479C92F044AE7C1801A682
    1 RIN MH:U510
    1 NAME Unknown
    1 _UID FEF62D14B3D3462D9451DE696E18DD19D675
    1 RIN MH:U511
    1 NAME Unknown
    1 _UID B7F86283818944F8A5D5CA13F4D699A63A8A
    1 RIN MH:U512
    1 NAME Unknown
    1 _UID 1B325258727D40E9A5A265CE1A70A7C17BBB
    1 RIN MH:U513
    1 NAME Unknown
    1 _UID AC310AB8FF5A407D951BD6ECE078B5093D9A
    1 RIN MH:U514
    1 NAME Unknown
    1 _UID 9472D48378D845B1814C276096CFDC4179A4
    1 RIN MH:U515
    1 NAME Unknown
    1 _UID 4B97D7FBAD4142BBAE6D75635998703B2E77
    1 RIN MH:U516
    1 NAME Unknown
    1 _UID 9F850CC2B74D4651BF75A3E2153FD9C83BA7
    1 RIN MH:U517
    1 NAME Unknown
    1 ADDR Obbola
    2 CONT Västerbotten County
    2 CONT Sweden
    1 _UID B0E3B021BF734CBAA34A87144BD14D7E0B64
    1 RIN MH:U518
    1 NAME Unknown
    1 _UID 8EEFA599FD954C12A29F17FD4C12F21E6ED5
    1 RIN MH:U519
    1 NAME Unknown
    1 _UID 93B07B49439C4326A221F53C7301BD0377E8
    1 RIN MH:U520
    1 NAME Unknown
    1 _UID 6C4E1471AEF9463FA67E66D9C8E77732262D
    1 RIN MH:U521
    1 NAME Unknown
    1 _UID 532B5814030E41A7B61A9248572D5A4CB7CD
    1 RIN MH:U522
    1 NAME Unknown
    1 ADDR Oslo
    2 CONT Norge
    1 _UID 3B8F6AED6BB34CC3BD3D9361AD6C98DBC85B
    1 RIN MH:U523
    1 NAME Unknown
    1 _UID B68C2F98E1CF4901B50C53C7D717A39A0984
    1 RIN MH:U524
    1 NAME Unknown
    1 _UID CA2950D9D4CA47B0BADD98C959B1550E1687
    1 RIN MH:U525
    1 NAME Unknown
    1 _UID A9C162188E334D46901B43E3B225E318DB17
    1 RIN MH:U526
    1 NAME Unknown
    1 _UID 8F7EB7DE599E48A8898F8B91208B47F09F2F
    1 RIN MH:U527
    1 NAME Unknown
    1 _UID 06794B0F137B42968A8BC6CFB92CBD23AE2C
    1 RIN MH:U528
    1 NAME Unknown
    1 _UID F410B9EC9C6B4F16BE02FBFEB274BA711FEE
    1 RIN MH:U529
    1 NAME Unknown
    1 _UID 1D11D2976D6743829271E7A2E49E754F028D
    1 RIN MH:U530
    1 NAME Unknown
    1 _UID 0B575A5A5A864125B879F5C8080A8A785E97
    1 RIN MH:U531
    1 NAME Unknown
    1 _UID 9DEED36AC46E40F09067C777CC7CA6C8158E
    1 RIN MH:U532
    1 NAME Unknown
    1 ADDR 139 Forest Trail
    1 _UID D7923CC3EE644ED48CE024E4076E8B70C0D9
    1 RIN MH:U533
    1 NAME Unknown
    1 _UID 11331D68EFC34E0DA2D697CE86DC285C99D3
    1 RIN MH:U534
    1 NAME Unknown
    1 _UID 5AC34CA176004DA9A35021327237A30F17A7
    1 RIN MH:U535
    1 NAME Unknown
    1 _UID 5416C0C4AA5A41BE9B988B7E86B147FDA87A
    1 RIN MH:U536
    1 NAME Unknown
    1 _UID 2953F2A43880458C832F103E3ED1F021BB1E
    1 RIN MH:U537
    1 NAME Unknown
    1 _UID 86D04217C8D94F28B75685927E5FC764F399
    1 RIN MH:U538
    1 NAME Unknown
    1 _UID 5CF6BB4A2EF14119AEA59F9037D83BB85423
    1 RIN MH:U539
    1 NAME Unknown
    1 ADDR 10049 S Snead Lane
    1 _UID 42C9068E0B664BEEA10A667132CAFB5719FD
    1 RIN MH:U540
    1 NAME Unknown
    1 _UID 226A5FBA96EF4DFA88865A7EF316FEE74580
    1 RIN MH:U541
    1 NAME Unknown
    1 _UID 5B425B1A5DBD402CB7BC89D512804E77C077
    1 RIN MH:U542
    1 NAME Unknown
    1 _UID 29C098046793414CB7546332ABCDC86B570D
    1 RIN MH:U543
    1 NAME Unknown
    1 _UID 36F2E7E0B53B4270BC8506964B8DF9F13064
    1 RIN MH:U544
    1 NAME Unknown
    1 _UID 7EFBA46A0B0D458ABEFC1DA6396D19CE7879
    1 RIN MH:U545
    1 NAME Unknown
    1 _UID D0DDC039BEE7461495438198D61A8F71864D
    1 RIN MH:U546
    1 NAME Unknown
    1 _UID 3D74025017D748849C43EE9427CBB078388F
    1 RIN MH:U547
    1 NAME Unknown
    1 _UID 949DF3438C6E4857B41E4C891C22AF34C89C
    1 RIN MH:U548
    1 NAME Unknown
    1 _UID 0324848B6443444589B50F181C0E21BDD3DF
    1 RIN MH:U549
    1 NAME Unknown
    1 _UID 57F9AD32C855466F9FDB48AB0C306A122653
    1 RIN MH:U550
    1 NAME Unknown
    1 _UID 04AA88595A77427EA874BFFFD87B0BED4537
    1 RIN MH:U551
    1 NAME Unknown
    1 _UID 4E38DE79D0514A13BB8DEB37B76706826B22
    1 RIN MH:U552
    1 NAME Unknown
    1 _UID D65A3EC029AD46EABB6725469C8F596DB23C
    1 RIN MH:U553
    1 NAME Unknown
    1 _UID 559EDB5CCE5742D7A0BF8D07484754215F28
    1 RIN MH:U554
    1 NAME Unknown
    1 _UID AF2B5C548A204257BFA8860439F90607FDE6
    1 RIN MH:U555
    1 NAME Unknown
    1 _UID 878284DD5422455EBD60D9FCC0A8A55FE110
    1 RIN MH:U556
    1 NAME Unknown
    1 ADDR Albuquerque
    2 CONT New Mexico
    2 CONT 87107
    2 CONT United States
    1 _UID 3569E5593BBB427EB6ADE45DB7BCB664C3C5
    1 RIN MH:U557
    1 NAME Unknown
    1 _UID BEFB7B789AF24342958CA43B06C609ED7FD9
    1 RIN MH:U558
    1 NAME Unknown
    1 _UID E34FB7EE71C1465C874F50BB4FB5F8EF779A
    1 RIN MH:U559
    1 NAME Unknown
    1 _UID 4C33EA0F7DF74B2AB59EECD23C529A6A044D
    1 RIN MH:U560
    1 NAME Unknown
    1 _UID C663FFB32A5D4599AC18B200C1F890888708
    1 RIN MH:U561
    1 NAME Unknown
    1 _UID C02950214F9D445592EA92E47EC58A0BA9C8
    1 RIN MH:U562
    1 NAME Unknown
    1 _UID F381D40F38B446D2B0E4B164A595C6CDD116
    1 RIN MH:U563
    1 NAME Unknown
    1 ADDR Franklin
    2 CONT North Carolina
    2 CONT 28734
    2 CONT United States
    1 _UID 391F05B0794E469A8751CC79C33E5A335F04
    1 RIN MH:U564
    1 NAME Unknown
    1 _UID 34BFF07E1AC84FB0A9A846C177F6F5332F31
    1 RIN MH:U565
    1 NAME Unknown
Unknown info (line 2399)
    1 RIN MH:I1796

Unknown info (line 2422)
    2 _UID 6750bf5af543d1efa3a8001a7dda7115

Unknown info (line 2423)
    2 RIN MH:IF5448

Unknown info (line 2425)
    2 _UID 6750bf5a231a31efa3a8001a7dda7115

Unknown info (line 2426)
    2 RIN MH:IF5450

Unknown info (line 2430)
    2 _UID 6750bf5ae846e1efa3a8001a7dda7115

Unknown info (line 2431)
    2 RIN MH:IF5449

Unknown info (line 2435)
    2 _NSTY Y

Unknown info (line 2720)
    1 RIN MH:I1797

Unknown info (line 2740)
    2 _UID 6750bf5af5c381efa3a8001a7dda7115

Unknown info (line 2741)
    2 RIN MH:IF5451

Unknown info (line 2743)
    2 _UID 6750bf5acfc9e1efa3a8001a7dda7115

Unknown info (line 2744)
    2 RIN MH:IF5453

Unknown info (line 2746)
    2 _UID 6750bf5a2f1461efa3a8001a7dda7115

Unknown info (line 2747)
    2 RIN MH:IF5454

Unknown info (line 2750)
    2 _UID 6750bf5a495381efa3a8001a7dda7115

Unknown info (line 2751)
    2 RIN MH:IF5452

Unknown info (line 2760)
    2 _NSTY Y

Unknown info (line 2851)
    1 RIN MH:I1803

Unknown info (line 2874)
    2 _UID 6750bf5a621da1efa3a8001a7dda7115

Unknown info (line 2875)
    2 RIN MH:IF5466

Unknown info (line 2877)
    2 _UID 6750bf5a5817c1efa3a8001a7dda7115

Unknown info (line 2878)
    2 RIN MH:IF5468

Unknown info (line 2881)
    2 _UID 6750bf5aa94171efa3a8001a7dda7115

Unknown info (line 2882)
    2 RIN MH:IF5467

Unknown info (line 3069)
    2 _NSTY Y

Unknown info (line 3133)
    1 RIN MH:I2131

Unknown info (line 3150)
    2 _UID 6750bf5bd84611efa3a8001a7dda7115

Unknown info (line 3151)
    2 RIN MH:IF6342

Unknown info (line 3154)
    2 _UID 6750bf5b131ac1efa3a8001a7dda7115

Unknown info (line 3155)
    2 RIN MH:IF6343

Unknown info (line 3178)
    2 _NSTY Y

Unknown info (line 3191)
    1 RIN MH:I2132

Unknown info (line 3212)
    2 _UID 6750bf5bce2101efa3a8001a7dda7115

Unknown info (line 3213)
    2 RIN MH:IF6346

Unknown info (line 3216)
    2 _UID 6750bf5b57dd41efa3a8001a7dda7115

Unknown info (line 3217)
    2 RIN MH:IF6345

Unknown info (line 3234)
    2 _NSTY Y

Unknown info (line 3236)
    1 RIN MH:I2133

Unknown info (line 3257)
    2 _UID 6750bf5b633421efa3a8001a7dda7115

Unknown info (line 3258)
    2 RIN MH:IF6347

Unknown info (line 3260)
    2 _UID 6750bf5bb56dc1efa3a8001a7dda7115

Unknown info (line 3261)
    2 RIN MH:IF6349

Unknown info (line 3264)
    2 _UID 6750bf5b7e3111efa3a8001a7dda7115

Unknown info (line 3265)
    2 RIN MH:IF6348

Unknown info (line 3269)
    2 _NSTY Y

Unknown info (line 3340)
    1 RIN MH:I2134

Unknown info (line 3360)
    2 _UID 6750bf5b386971efa3a8001a7dda7115

Unknown info (line 3361)
    2 RIN MH:IF6350

Unknown info (line 3364)
    2 _UID 6750bf5bd8b4f1efa3a8001a7dda7115

Unknown info (line 3365)
    2 RIN MH:IF6351

Unknown info (line 3369)
    2 _NSTY Y

Unknown info (line 3401)
    1 RIN MH:I2417

Unknown info (line 3431)
    2 _UID 6750bf5b27b431efa3a8001a7dda7115

Unknown info (line 3432)
    2 RIN MH:IF7068

Unknown info (line 3435)
    2 _UID 6750bf5ba12041efa3a8001a7dda7115

Unknown info (line 3436)
    2 RIN MH:IF7069

Unknown info (line 3440)
    2 _UID 6750bf5b313771efa3a8001a7dda7115

Unknown info (line 3441)
    2 RIN MH:IF7070

Unknown info (line 3443)
    2 _UID 6750bf5b7cffd1efa3a8001a7dda7115

Unknown info (line 3444)
    2 RIN MH:IF7072

Unknown info (line 3447)
    2 _UID 6750bf5bfa6ba1efa3a8001a7dda7115

Unknown info (line 3448)
    2 RIN MH:IF7071

Unknown info (line 3453)
    2 _NSTY Y

Unknown info (line 3783)
    1 RIN MH:I2418

Unknown info (line 3803)
    2 _UID 6750bf5b4d17c1efa3a8001a7dda7115

Unknown info (line 3804)
    2 RIN MH:IF7074

Unknown info (line 3806)
    2 _UID 6750bf5b9b4e21efa3a8001a7dda7115

Unknown info (line 3807)
    2 RIN MH:IF7076

Unknown info (line 3810)
    2 _UID 6750bf5b864b11efa3a8001a7dda7115

Unknown info (line 3811)
    2 RIN MH:IF7075

Unknown info (line 3814)
    2 _UID 6750bf5bcb83b1efa3a8001a7dda7115

Unknown info (line 3815)
    2 RIN MH:IF7073

Unknown info (line 3821)
    2 _NSTY Y

Unknown info (line 3839)
    1 RIN MH:I2672

Unknown info (line 3869)
    2 _UID 6750bf5cd240d1efa3a8001a7dda7115

Unknown info (line 3870)
    2 RIN MH:IF7649

Unknown info (line 3872)
    2 _UID 6750bf5c419301efa3a8001a7dda7115

Unknown info (line 3873)
    2 RIN MH:IF7651

Unknown info (line 3876)
    2 _UID 6750bf5ccf45e1efa3a8001a7dda7115

Unknown info (line 3877)
    2 RIN MH:IF7650

Unknown info (line 3882)
    2 _NSTY Y

Unknown info (line 4199)
    1 RIN MH:I2673

Unknown info (line 4223)
    2 _UID 6750bf5ccfb701efa3a8001a7dda7115

Unknown info (line 4224)
    2 RIN MH:IF7652

Unknown info (line 4248)
    2 _NSTY Y

Unknown info (line 4253)
    1 RIN MH:I2848

Unknown info (line 4278)
    2 _UID 6750bf5cd68681efa3a8001a7dda7115

Unknown info (line 4279)
    2 RIN MH:IF8073

Unknown info (line 4282)
    2 _UID 6750bf5c1dda51efa3a8001a7dda7115

Unknown info (line 4283)
    2 RIN MH:IF8074

Unknown info (line 4285)
    2 _UID 6750bf5c27d031efa3a8001a7dda7115

Unknown info (line 4286)
    2 RIN MH:IF8076

Unknown info (line 4290)
    2 _UID 6750bf5cec8ce1efa3a8001a7dda7115

Unknown info (line 4291)
    2 RIN MH:IF8075

Unknown info (line 4295)
    2 _NSTY Y

Unknown info (line 4614)
    1 RIN MH:I2849

Unknown info (line 4625)
    2 _UID 6750bf5c7e0a61efa3a8001a7dda7115

Unknown info (line 4626)
    2 RIN MH:IF8077

Unknown info (line 4628)
    2 _UID 6750bf5c440001efa3a8001a7dda7115

Unknown info (line 4629)
    2 RIN MH:IF8079

Unknown info (line 4632)
    2 _UID 6750bf5c8f5cd1efa3a8001a7dda7115

Unknown info (line 4633)
    2 RIN MH:IF8078

Unknown info (line 4667)
    2 _NSTY Y

Unknown info (line 4670)
    1 RIN MH:I2850

Unknown info (line 4685)
    2 _UID 6750bf5c3f4cc1efa3a8001a7dda7115

Unknown info (line 4686)
    2 RIN MH:IF8080

Unknown info (line 4688)
    2 _UID 6750bf5cb9d8b1efa3a8001a7dda7115

Unknown info (line 4689)
    2 RIN MH:IF8081

Unknown info (line 4691)
    2 _UID 6750bf5c52e741efa3a8001a7dda7115

Unknown info (line 4692)
    2 RIN MH:IF8082

Unknown info (line 4697)
    2 _NSTY Y

Unknown info (line 4700)
    1 RIN MH:I2851

Unknown info (line 4720)
    2 _UID 6750bf5c22ad11efa3a8001a7dda7115

Unknown info (line 4721)
    2 RIN MH:IF8083

Unknown info (line 4723)
    2 _UID 6750bf5c4fe271efa3a8001a7dda7115

Unknown info (line 4724)
    2 RIN MH:IF8085

Unknown info (line 4726)
    2 _UID 6750bf5cbeb4c1efa3a8001a7dda7115

Unknown info (line 4727)
    2 RIN MH:IF8086

Unknown info (line 4730)
    2 _UID 6750bf5c84bea1efa3a8001a7dda7115

Unknown info (line 4731)
    2 RIN MH:IF8084

Unknown info (line 4783)
    2 _NSTY Y

Unknown info (line 4786)
    1 RIN MH:I2971

Unknown info (line 4812)
    2 _UID 6750bf5c2bd231efa3a8001a7dda7115

Unknown info (line 4813)
    2 RIN MH:IF8372

Unknown info (line 4815)
    2 _UID 6750bf5c661a91efa3a8001a7dda7115

Unknown info (line 4816)
    2 RIN MH:IF8374

Unknown info (line 4818)
    2 _UID 6750bf5cad4641efa3a8001a7dda7115

Unknown info (line 4819)
    2 RIN MH:IF8375

Unknown info (line 4822)
    2 _UID 6750bf5ce08ee1efa3a8001a7dda7115

Unknown info (line 4823)
    2 RIN MH:IF8373

Unknown info (line 4828)
    2 _NSTY Y

Unknown info (line 5323)
    1 RIN MH:I2972

Unknown info (line 5345)
    2 _NSTY Y

Unknown info (line 5348)
    1 RIN MH:I2973

Unknown info (line 5365)
    2 _UID 6750bf5c5caaa1efa3a8001a7dda7115

Unknown info (line 5366)
    2 RIN MH:IF8376

Unknown info (line 5369)
    2 _UID 6750bf5cce9671efa3a8001a7dda7115

Unknown info (line 5370)
    2 RIN MH:IF8377

Unknown info (line 5374)
    1 RIN MH:I2974

Unknown info (line 5390)
    1 RIN MH:I2975

Unknown info (line 5414)
    2 _UID 6750bf5c8fd0d1efa3a8001a7dda7115

Unknown info (line 5415)
    2 RIN MH:IF8380

Unknown info (line 5417)
    2 _UID 6750bf5ce27b51efa3a8001a7dda7115

Unknown info (line 5418)
    2 RIN MH:IF8382

Unknown info (line 5421)
    2 _UID 6750bf5c944a21efa3a8001a7dda7115

Unknown info (line 5422)
    2 RIN MH:IF8381

Unknown info (line 5578)
    2 _NSTY Y

Unknown info (line 5593)
    1 RIN MH:I2976

Unknown info (line 5608)
    2 _UID 6750bf5c3422b1efa3a8001a7dda7115

Unknown info (line 5609)
    2 RIN MH:IF8384

Unknown info (line 5613)
    1 RIN MH:I3066

Unknown info (line 5631)
    2 _UID 6750bf5e97ebe1efa3a8001a7dda7115

Unknown info (line 5632)
    2 RIN MH:FF448

Unknown info (line 5633)
    1 _MSTAT current

Unknown info (line 5640)
    1 _MSTAT current

Unknown info (line 5647)
    1 _MSTAT current

Unknown info (line 5655)
    2 _UID 6750bf5e4251f1efa3a8001a7dda7115

Unknown info (line 5656)
    2 RIN MH:FF547

Unknown info (line 5657)
    1 _MSTAT current

Unknown info (line 5664)
    1 _MSTAT current

Unknown info (line 5671)
    1 _MSTAT current

Unknown info (line 5678)
    1 _MSTAT current

Unknown info (line 5685)
    1 _MSTAT current

Unknown info (line 5692)
    1 _MSTAT current

Unknown info (line 5699)
    1 _MSTAT current

Unknown info (line 5706)
    1 _UID F75DB5E4EA7A4F8C933A8D6076796CE627F2

Unknown info (line 5710)
    1 _UID 6C2DB1BBCD46429D93B815C3544342DDD0AE

Unknown info (line 5714)
    1 _UID D92191ED65044017A3A88B320EF97236EFD6

Unknown info (line 5717)
    1 _UID F3446C892AC84DF9875FAAD7D0B4342DB04D

Unknown info (line 5720)
    1 _UID 28583E13AFD849F2A6D6BA9A0411BEE81EEA

Unknown info (line 5724)
    1 _UID 8535D190B9E645EA856EA49EACA5C4568938

Unknown info (line 5727)
    1 _UID 11D237FCB9654782A3149DAE1A1F24258171

Unknown info (line 5730)
    1 _UID F652063CE3744B00A8B323EC27966F874972

Unknown info (line 5733)
    1 _UID 4A84F6166B294922919DD1F9D2591D738C57

Unknown info (line 5736)
    1 _UID 7D3BD16DAF1F4F14AE551BD7C7F81E352E9C

Unknown info (line 5739)
    2 FORM pdf

Unknown info (line 5741)
    1 _UID B0E539EDE1374E67955E1ADCD2CB164F736C

Unknown info (line 5744)
    1 _UID 15EC501BD8614151911B27CD54DBCDD2A50E

Unknown info (line 5748)
    1 _UID 36DBDD26CB4C4353A56832C795AA06E5F1DC

Unknown info (line 5751)
    1 _UID A2B575A84FCB4F06BA4A76F06BCCABE514F7

Unknown info (line 5754)
    1 _UID 2A18CB1D908C46B3BA02E41CF06FFA43976C

Unknown info (line 5757)
    1 _UID 5E31A0DAC26340B1BB8A48A3498447177A75

Unknown info (line 5760)
    1 _UID 95417F3137CC466A88631F1FA9B948B9C5BE

Unknown info (line 5763)
    1 _UID EA6EB16983714B7B9B7AFB220AD8316ADB8B

